p	A.A[profession]N
	a[arm]N
p	abala[water drawer]N
r	abba[father]N
a	ab[cow]N
a	abga[cow]N
p	abgal[sage]N
	abil[unmng]N
p	abrig[functionary]N
	ab[sea]N
	absin[furrow]N
a	absuhur[carp]N
	abula[gate]N
	abum[funerary mound]N
	abur[strap]N
	abzu[water]N
p	adaba[musician]N
	adaga[ditch]N
	adar[plant]N
	ada[timber]N
	ad[bead]N
	adda[corpse]N
r	adda[father]N
	addir[hire]N
p	addir[profession]N
	adea[flooding]N
p	adgi[adviser]N
	adirig[raft]N
p	ad.KID.gal[weaver]N
p	ad.KID[weaver]N
	adla[harness?]N
p	ad.NE[profession]N
p	ad[official]N
	adtab[~harness]N
p	adun[canal digger?]N
	ad[vessel]N
	aga[ax]N
	agam[pond]N
p	agam[profession]N
	aga[rear]N
	agargara[fish]N
	agar[lead]N
	agar[meadow]N
p	agarniŋin[official]N
p	agaʾus[soldier]N
p	agrig[steward]N
	aguba[holy water]N
	akiti[festival]N
	aktum[garment]N
	ala[drum]N
	alan[image]N
	ala[object]N
	al[hoe]N
	allaharu[mineral]N
	altar[work]N
	altirigu[wren]N
r	amagal[grandmother]N
r	amagan[mother]N
r	amagula[grandmother]N
p	amalalabzuk[priestess]N
r	ama[mother]N
p	aman[maltster]N
a	amarga[calf]N
	amargi[reversion]N
a	amarkud[castrated]N
a	amarsaŋ[duckling]N
	amaru[flood]N
a	amar[young]N
	amaš[sheepfold]N
p	amaʾatud[slave]N
	amaʾil[unmng]N
	ambar[reed-bed]N
a	am[bull]N
	anamea[everything]N
	anbar[side]N
p	andimdim[craftsman]N
	aniŋin[reservoir]N
p	anir[profession]N
	AN.KA[unmng]N
	anki[universe]N
	anna[metal]N
	AN.PA[unmng]N
p	anšedaba[profession]N
a	anše[equid]N
p	anšegam[profession associated with donkeys]N
a	anšeŋirnun[equid]N
a	anšeʾedenak[equid]N
	an[sky]N
	anur[horizon]N
	anzagar[tower]N
	aŋala[sack]N
	aŋarak[fluid]N
	aŋar[tool]N
	aŋešŋara[norm]N
	aŋiba[night]N
p	apinla[tiller]N
	apin[plow]N
	APIN.UŠ[official]N
	ara[~boat]N
a	arabu[bird]N
p	arad[slave]N
	ara[hand-mill]N
p	arar[miller]N
	ara[times]N
	arina[madder]N
	ar[praise]N
p	aru[~administration]N
	arua[offering]N
	arzana[groats]N
	asag[demon]N
	ašag[field]N
	asal[poplar]N
p	ašgabgal[leatherworker]N
p	ašgab[leatherworker]N
a	ašgar[kid]N
	ašhalum[sieve]N
p	asikil[profession]N
	asi[strap]N
	aški[rushes]N
a	aslum[sheep]N
	ašme[radiance]N
	aš[one]NU
	ašte[chair]N
p	aštela[official]N
	atah[helper]N
	a[time]N
	atua[lustration]N
p	atua[priest]N
	atu[doorkeeper?]N
	a[water]N
r	aya[father]N
	azag[taboo]N
a	az[bear]N
p	azlag[fuller]N
p	azlaggal[fuller]N
p	azu[doctor]N
p	azugal[doctor]N
	aʾabak[sea]N
	aʾan[handle]N
	aʾaŋa[assignment]N
	aʾašŋar[ax]N
	aʾea[breach]N
	aʾea[child]N
p	aʾigidu[worker]N
p	aʾuʾa[ferryman]N
a	ba[animal]N
	baba[porridge]N
	bad[wall]N
p	bahargal[potter]N
p	bahar[potter]N
	balaŋbalaŋub[unmng]N
p	balaŋdi[lamentation singer]N
	balaŋ[instrument]N
	balare[other side]N
	bala[textile]N
	balla[headdress]N
	banaš[vessel]N
	bandudu[basket]N
	bangi[taper]N
	banšur[table]N
	banšurzaggula[table]N
	ban[unit]N
	bappir[~beer]N
	barag[sack]N
	barag[sanctum]N
	barakara[unmng]N
	barda[crossbar]N
	bardul[garment]N
	bariga[unit]N
	barla[basin?]N
	bar[outside]N
	barsig[garment]N
p	baršuŋal[functionary]N
	barudu[fleece]N
	barus[goad]N
	batiʾum[container]N
p	baza[dwarf]N
a	bazbaz[bird]N
	bisaŋ[basket]N
p	bisaŋdubak[archivist]N
	bisaŋsuh[basket]N
	bitum[~administration]N
	bulug[needle]N
	buniŋ[trough]N
	BU.ra[official]N
	bur[bowl]N
	bur[garment]N
p	burgul[stone-cutter]N
	bursaŋ[building]N
p	bursaŋ[servant]N
p	buršuma[dowager]N
	buru[harvest]N
	bur[unit]N
	dabašin[object]N
	dabin[semolina]N
	da[board]N
	dag[dwelling]N
	daggan[chamber]N
	dag[side]N
	dalbana[space]N
	da[line]N
	dalla[ring]N
	dal[rack]N
	damga[~plow]N
p	damgargal[merchant]N
p	damgar[merchant]N
p	damkas[official]N
r	dam[spouse]N
	dana[unit]N
	dib[board]N
	dida[wort]N
	did[lawsuit]N
	dih[weed]N
p	dikud[judge]N
	dilim[spoon]N
p	dilmungal[profession]N
p	dilmun[profession]N
	dim[post]N
p	diŋir[deity]N
	diš[one]NU
	ditila[case]N
	dubla[tower]N
p	dubŋal[scribe]N
p	dubsaŋ[profession]N
p	dubsarmah[official]N
p	dubsar[scribe]N
p	dubsartur[scribe]N
	dubšum[object]N
	dub[tablet]N
	dud[combat]N
	dud[mound]N
	duga[command]N
	duggal[pot]N
	duggan[bag]N
	duggantibalaʾa[bag]N
	dug[pot]N
	dug.TAR[vessel]N
	duh[bran]N
	duksium[shield]N
	dukug[locus]N
	dula[depth]N
r	dumu[child]N
p	dumudaba[worker₁]N
p	dumudaba[worker₂]N
p	dumugir[citizen]N
p	dumugugur[worker]N
r	dumu.KA[relation]N
r	dumumunus[daughter]N
r	dumunita[son]N
r	dumusaŋ[first-born]N
p	DUN₃@g.la₂[shekel weigher?]N
a	DUN.GI[equid]N
	du[platform]N
	dupsik[basket]N
	DUR₂.TAR[unmng]N
a	durah[goat]N
	dur[board]N
	dur[bond]N
	dur[buttocks]N
a	dur[donkey]N
	durŋar[chair]N
	duruna[oven]N
	dušia[stone]N
a	dusu[equid]N
	E₂×AŠ@t[drain]N
	e₂.EŠ₂.ak[prison]N
	eban[pair]N
	ebgal[oval]N
	ebih[rope]N
	ebir[vessel-stand]N
	eb[oval]N
	edadi[flour]N
	edak[container]N
	edam[tavern?]N
	eden[back]N
	eden[plain]N
	eduba[storehouse]N
	edula[estate]N
	eduru[village]N
	egal[palace]N
r	egia[bride]N
	eginatum[barracks]N
	egir[back]N
p	egir[profession]N
p	egizid[priestess]N
	eg[levee]N
	egudgaz[abattoir]N
	egud[ox-barn]N
	egula[prison]N
	egun[storeroom]N
	ehalbi[building]N
	e[house]N
	ekas[road-house]N
	ekinkin[mill]N
	ekisag[grave]N
	ekišibak[storeroom]N
	ekur[institution]N
	ekur[prison]N
	elam[highland]N
a	eli[~sheep]N
	elungak[brewery]N
p	emebala[translator]N
p	emeda[nursemaid]N
a	eme[donkey]N
p	emegagu[nurse]N
	emegir[Sumerian]N
p	eme[nurse]N
	emeŋiri[blade]N
	eme[~plow]N
	emerin[unmng B]N
	emesig[plank]N
	eme[tongue]N
	emi[household]N
	emuhaldim[kitchen]N
	en[cvne]N
	endu[song]N
p	engar[farmer]N
p	engartur[profession]N
p	engiz[cook]N
	eniŋak[storehouse]N
	eniŋgur[depot]N
p	enkud[tax-collector]N
p	enkum[treasurer]N
p	en[lord]N
p	ennam[official]N
	ennuŋ[imprisonment]N
p	en[priest]N
p	ensi[interpreter]N
p	ensik[farmer]N
p	ensikgal[steward]N
p	ensik[ruler]N
a	enzid[animal]N
p	enzid[priest]N
	epeš[making]N
	er[a weed]N
p	erduʾak[mourner]N
	eren[cedar]N
p	erešdiŋir[priestess]N
	ereš[lady]N
	erin[people]N
	ersua[lament]N
	er[tears]N
	EŠ₂.ba.an[unit]N
p	ešabdu[profession]N
	eša[flour]N
	ešag[chamber]N
	esaŋ[store]N
	eše[length unit]N
	ešeš[festival]N
	eš[flour]N
	ešgar[assignment]N
	ešidimguba[locus]N
	esir[bitumen]N
	esir[shoe]N
	ešla[band]N
	eš[rope]N
	eš[shrine]N
	eš[three]NU
	eštub[carp]N
	eštum[chaff?]N
	ezem[festival]N
	eʾaddak[patrimony]N
	eʾamak[household]N
	eʾara[mill]N
	eʾenkudak[office of the tax-collector]N
	eʾuak[office of the provisioner]N
	eʾud-15-ak[full moon]N
	eʾudsakar[moon]N
	eʾuduk[sheephouse]N
	eʾurak[storehouse]N
	eʾušbar[mill]N
	eʾuzga[building]N
a	gab₂.KU.KU[~sheep]N
p	gab₂.URU×IGI[a profession]N
	gaba[chest]N
p	gabar[herder]N
	gabaria[offering]N
	gabari[copy]N
	gabasi[object]N
	gabatab[pole]N
p	gabdan[cleaner]N
p	gabgin[guarantor]N
	gabil[basket]N
p	gabkas[driver]N
	gab[left]N
p	gabsar[engraver]N
p	gabus[shepherd]N
	gada[flax]N
	gadahal[linen]N
	gadamah[garment]N
	gagara[total]N
	gag[nail]N
	gagsila[harness]N
	gagsisa[arrow]N
a	gagu[animal]N
p	gaguru[profession]N
	gakkul[mash-tub]N
p	galamah[singer]N
p	gala[singer]N
p	galatura[performer]N
	gal[cup]N
	galitum[object]N
p	gallagal[policeman]N
p	galla[policeman]N
p	galuŋak[official]N
a	gamgam[fish]N
p	GAM.GAM[profession]N
	ga[milk]N
	gamun[cumin]N
	GAN₂.gud[land]N
	gana[field]N
	ganagid[surveyor]N
	ganur[harrow]N
	gara[cream]N
	garadin[bundle]N
p	gardu[soldier]N
	garig[comb]N
p	gašam[expert]N
	gašeʾa[~dairy]N
	gazi[condiment]N
	gaʾar[cheese]N
	gaʾargazi[~dairy]N
p	gaʾešmah[official]N
p	gaʾeš[trader]N
p	geme[worker]N
	gida[spear]N
	gid[length]N
	gigid[reed]N
	gigir[chariot]N
	gigirud-6[first quarter]N
	gigur[container]N
	gihan[basket]N
	gilim[rope]N
	gilsa[treasure]N
	gimuš[pole]N
	giŋ[ax]N
	giŋ[unit]N
p	girbil[profession]N
	gi[reed]N
a	gir[fish]N
a	girgid[fish]N
	gir[jar]N
	gir[mat]N
a	gir.NE[fish]N
p	GIŠ.BAD[functionary]N
	GIŠ.BU[unmng]N
	GIŠ.DU@s[object]N
	gišid[reed]N
	gisig[fence]N
	gišulhi[reed]N
	gizi[reed]N
p	giʾil[reed-carrier]N
	giʾizila[torch]N
	gu₂.LAGAB×U[work]N
	gu₂.NE[place]N
	gu₂.NE.saŋ.ŋa₂[container]N
	gubar[ingot]N
	gu[cord]N
	gudab[shawl?]N
a	gudapin[ox]N
p	gudaria[drover]N
p	gudeʾusa[drover]N
p	gudgaz[butcher]N
p	gudlah[drover]N
a	gudnumun[ox]N
a	gud[ox]N
p	gudrah[drover]N
p	gudugabzuk[priest]N
p	gudug[priest]N
	gugala[chickpea?]N
	gug[cake]N
	gug[carnelian]N
	gugiresir[assignment]N
p	gugur.SI[profession]N
p	guhašla[barber]N
a	gukkal[sheep]N
	gula[garment]N
	gula[sheaf]N
	guli[friend]N
	gunangi[jug]N
	gu[neck]N
	gunida[~grain]N
	guniŋin[bale]N
	gun[load]N
p	guŋal[inspector]N
	gu[~person]N
	gu[pulse]N
	gur[container]N
	gurdub[basket]N
	gurgur[vessel]N
	gurkeš[vehicle]N
	gurmah[unit]N
	guru[bundle]N
	gurumak[inspection]N
	gurum[inspection]N
	gur[unit]N
	guru[shield]N
	guru[store]N
	gusaŋ[unmng]N
	gušum[wedge]N
p	gusur[profession]N
	gutur[lentil?]N
	gu[voice]N
	guza[chair]N
	guza[jewelry]N
p	guzala[official]N
	guzaʾadtab[jewelry]N
	guʾanše[total]N
	guʾe[textile]N
	habuda[hoe]N
a	habum[animal]N
p	hadarum[profession]N
	had[stick]N
a	HA@g[~cow]N
	haharrana[peg]N
	halaba[share]N
	hala[share]N
	halaʾum[textile]N
	hal[basket]N
	hal[~harness]N
	haran[plant]N
	harran[tool]N
	har[ring]N
	hašhur[apple]N
p	hazanum[mayor]N
	hazin[ax]N
p	hedab[worker]N
	heŋal[plenty]N
	heʾam[so be it]N
	HI×AŠ₂[~tree]N
	HI[cvne]N
p	HI×NUN.DU.DU[a profession?]N
	hirin[grass]N
	hiz[vegetable]N
p	hubi[acrobat]N
	hubum[wheel]N
p	HU.KU.BU[worker]N
	hul[leash]N
	hurubum[dish]N
	ibadu[garment]N
	iba[ration]N
r	ibila[heir]N
	ibiza[loss]N
	ibla[belt]N
	IB[profession]N
	ibtag[remainder]N
	idgurum[ladle]N
	id[river]N
	idub[granary]N
p	idu[doorkeeper]N
p	idugal[doorkeeper]N
	igdib[~door]N
	ig[door]N
	igidua[observation]N
p	igiduh[seer]N
p	igidu[leader]N
	igi[eye]N
	igi[face]N
	igikarag[delivery]N
	iginim[land]N
p	iginudu[blind]N
	iku[oil]N
	iku[unit]N
	ildag[poplar]N
	ildum[band]N
	ilila[lever]N
	illar[weapon]N
p	iludi[singer]N
	ilu[lament]N
p	il[worker]N
	imbabbar[gypsum]N
	im[clay]N
	imdua[wall]N
	imgida[tablet]N
p	imil[clay carrier]N
	imkugsig[earth]N
	imnun[ridge]N
	imŋaŋa[emmer]N
	imŋeštugeʾak[tablet]N
r	imria[clan]N
	imsar[tablet]N
	imšilu[tablet]N
	im[year]N
	inbulbul[chaff?]N
	in[cvne]N
	inim[word]N
	in.nu.HA[barley]N
	inun[ghee]N
	inu[straw]N
	iŋeš[oil]N
	i[oil]N
	irara[oil-presser]N
	iri[city]N
p	iri.DU[worker]N
a	irsaŋ[pigeon]N
	išah[lard]N
	išeš[annointing oil?]N
	išgana[payment]N
p	išibmah[priest]N
p	išib[priest]N
p	isur[presser]N
	itud[moon]N
	izi[fire]N
	izigu[loss]N
	izzi[wall]N
	iʾuʾa[unmng]N
	kabduga[checked]N
	kabkud[reservoir]N
	kabkul[container]N
	kab[nose-rope]N
	kab[tree]N
p	KA.DI[official]N
	KA.gal.lum[object]N
	kag[mouth]N
p	kaguruk[supervisor]N
p	kakaku[profession]N
p	kakik[registrar]N
	kalam[land]N
	kalaʾa[remainder]N
	kanbarak[entrance]N
	kan[gate]N
	kaŋirid[road]N
	kar[harbor]N
p	karkid[prostitute]N
p	kašakanak[oil-maker]N
	kaš[beer]N
	kašdea[banquet]N
p	kašde[beer-pourer]N
	kaskal[basket]N
	kaskal[way]N
p	kaš[runner]N
	katab[lid]N
	KA[unmng]N
a	kaʾa[fox]N
	kaʾusa[function]N
	kibala[rebel land]N
	kibigia[account]N
	kibnumun[wheat]N
	kib[object]N
	kib[wheat]N
	kidmašua[mat]N
	kid[mat]N
	kiduru[land]N
p	kigu[flax worker]N
	kigu[~land]N
	kila[weight]N
	kilib[total]N
	kililum[circlet]N
	kimah[grave]N
	kimurak[depository]N
p	kinda[barber]N
p	kindagal[official]N
p	kingal[official]N
p	kinkin[grinder]N
p	kinkin[miller]N
	kinkin[millstone]N
	kin[sickle]N
	kinud[bedroom]N
a	kiŋ[fish]N
p	kiŋgia[messenger]N
	kiŋ[work]N
	ki[place]N
p	kiridab[driver]N
	kirimah[garden]N
	kiri[orchard]N
a	kir[lamb]N
	kisal[courtyard]N
p	kisalluh[sweeper]N
p	KISAL[profession]N
	kisa[platform]N
p	kišibla[seal bearer]N
	kišibla[wrist]N
	kišib[seal]N
	kišig[acacia]N
p	kisikik[textile worker]N
	kisikil[woman]N
	kisiki[workshop]N
	kislah[land]N
	kiš[totality]N
	kisumun[waste ground]N
	kisura[border]N
	kisur[locus]N
	kišutag[locus]N
	kitum[burial]N
	kiʾana[locus]N
	kiʾanaŋ[locus]N
	kiʾe[exit]N
	kiʾutu[locus]N
	kudba[fish ration]N
a	kud[fish]N
	kugan[metal]N
	kugbabbar[silver]N
p	kugdim[smith]N
p	kugla[silver weigher]N
	kug[metal]N
p	kugsag[profession]N
	kugsig[gold]N
	kuku[~loom]N
	kuli[unit]N
	kul[plant]N
a	kunga[equid]N
a	kungid[~sheep]N
	kun[tail]N
	kunzida[weir]N
	kuŋ[stair]N
a	kurgi[goose]N
	kur[mountain]N
p	kurŋara[performer]N
p	kurru[an occupation]N
	kur[unit]N
p	kurušda[fattener]N
p	kuš[official]N
	kuš[skin]N
	kuš[unit]N
a	kuʾabak[fish]N
	lagab[block]N
p	lagar[priest]N
p	laga[thief]N
	lag[clod]N
	LAK020[goat]N
	LAK720[~beer]N
	LAK779[a plow]N
	lal[syrup]N
	lammar[deity]N
p	LAM.SAG.KAK[occupation]N
	lam[tree]N
	laʾu[arrears]N
	laʾum[object]N
	lib[fat]N
	lidga[vessel]N
	ligtum[alum]N
	li[juniper]N
p	lilib[plunderer]N
a	lu₂.BU[animal]N
p	lu₂.HAR[profession]N
p	lu₂.ma₂.MI[boatman]N
p	lu₂.PAP.PAP[profession]N
	lub[bag]N
	lub[turnip]N
p	ludag[official]N
p	ludubak[official]N
r	luduna[ward]N
p	lugal[king]N
p	lugalraʾusa[body guard]N
p	lugididak[musician]N
p	lugigirak[charioteer]N
p	lugigiru[charioteer]N
	luginabtum[guarantee]N
	lugize[reed-cutter]N
p	luguba[ecstatic]N
p	lugud[profession]N
p	lugu[profession]N
p	lugušudu[profession]N
p	luhša[functionary]N
p	luhuŋa[hireling]N
p	luhu[profession]N
p	lukisal[profession]N
	lukiʾinimak[witness]N
p	lukur[priestess]N
	lukurunak[brewer]N
	lulgu[restitution]N
	lulim[stag]N
	lulu[man]N
p	luma[boatman]N
p	lumagalgalak[boatman]N
p	lumagur[boatman]N
p	lumah[priest]N
p	lumarza[functionary]N
p	lumasaŋak[pilot]N
p	lumaʾaddir[ferryman]N
p	lumumun[priest]N
p	lunab[profession]N
	luname[someone]N
p	lungak[brewer]N
p	lunindaba[functionary]N
p	luniŋaŋ[profession]N
p	lunisiga[profession]N
p	luŋešgid[profession]N
p	luŋešgi[performer]N
p	luŋeštin[wine-grower]N
p	lupana[archer]N
	lu[person]N
p	lusahira[worker]N
p	lušuluha[official]N
p	lutik[arrowsmith]N
p	lutukulgula[officer]N
p	lutukul[soldier]N
p	lutumu[criminal]N
p	luzah[fugitive]N
p	luzasuma[jeweler]N
p	luʾad[official]N
p	luʾakum[functionary]N
p	luʾeme[interpreter]N
p	luʾenak[official]N
p	luʾennuŋ[guard]N
p	luʾešgid[surveyor]N
p	luʾeš[priest]N
p	luʾigara[profession]N
p	luʾiginiŋin[a social status]N
p	luʾinimak[witness]N
p	luʾumumak[profession]N
p	luʾurak[profession]N
p	luʾu[rider]N
	ma₂.DUN₃@g[caulker]N
	ma₂.KAK[worker]N
	mada[land]N
	madu[~boat]N
	magalgal[profession]N
	magid[boat-tower]N
	magilum[boat]N
	magur[barge]N
	magursi[profession]N
	mala[boat]N
	malahgal[official]N
	malah[sailor]N
	malaku[~meat]N
	maltum[bowl]N
	mana[unit]N
	mangaga[fibers]N
	manhara[vessel]N
	mansim[sieve]N
	manu[wood]N
	mar[profession]N
	marsa[shipyard]N
	mar[shovel]N
	MAR.TU[westerner]N
	mar[wagon]N
	masab[basket]N
	masatum[lance?]N
	mašda[gazelle]N
	mašdarea[payment]N
	mašgal[goat]N
	mašgaʾen[status]N
	maš[goat]N
	ma[ship]N
	maš[interest]N
	maškim[administrator]N
	maškimegi[messenger]N
	mašlum[bucket]N
	mašmaš[sorcerer]N
	mašnita[goat]N
	maš[plant]N
	mašsaŋ[leader]N
	maššugidgid[diviner]N
	matug[clothing]N
	medim[~boat]N
	meŋal[textile]N
	mes[tree]N
	mete[appropriate thing]N
	minakamak[second]NU
	min[two]NU
	miriza[plank]N
	mir[wind]N
	mud[jar]N
	mud[tube]N
	mu.DU[delivery]N
	mudul[pole]N
	mug[garment]N
	mug[wool]N
	muhaldim[cook]N
	muhaldimgal[cook]N
	mu[name]N
	mundu[groats]N
	mungazi[~agriculture]N
	mun[salt]N
	munsub[shepherd]N
	munukaz[profession]N
	munu[malt]N
	munumud[maltster]N
	munu[profession]N
	munus[woman]N
	murguba[shell]N
	murgu[fodder]N
	murgu[shoulder]N
	murub[middle]N
	murub[priest]N
	murum[in-law]N
	mušalum[vessel]N
	musara[inscription]N
	mu.SAR[profession]N
	muš[comb]N
	mušen[bird]N
	mušendal[bird-catcher]N
	mušendu[bird-catcher]N
	mušenturtur[bird]N
	mušlah[charmer]N
	mušme[face]N
	mušŋiri[stone]N
	mussa[in-law]N
	muš[snake]N
	mu[year]N
	muzug[person]N
	muʾuʾa[youth]N
	nabhatum[container]N
	na[cvne]N
	nadeg[incense]N
	naditum[priestess]N
	nagabtum[stockyard?]N
	nagada[herdsman]N
	nagar[carpenter]N
	nagargal[carpenter]N
	nam[administrative]N
	namamaʾatud[slavery]N
	namapinla[~tiller]N
	namarad[slavery]N
	nambuluŋ[upbringing]N
	namdam[marriage]N
	namdumumunus[status]N
	namdumu[status]N
	namedula[estate]N
	namegia[status]N
	namengar[farming]N
	namen[priesthood]N
	namensik[office of ruler]N
	namerim[oath]N
	namerin[field-working]N
	nam[fate]N
	namgala[~liturgy]N
	namgantuš[tenancy]N
	namgaʾeš[trade]N
	namgeme[~worker]N
	namgudug[priesthood]N
	namgu[oppression]N
	namibila[heir]N
	namidu[status]N
	namlugal[kingship]N
	namluginabtum[guarantee]N
	namlukur[priesthood]N
	namlulaga[falsehood]N
	namlulu[humanity]N
	namlungak[office of brewer]N
	namlu[~person]N
	namluʾinimak[~witness]N
	nammah[greatness]N
	nammaškim[office]N
	namme[official]N
	nammurum[status of in-law]N
	nammussa[~in-law]N
	namniŋirsi[friend]N
	namnubanda[supervisorship]N
	namŋeš[group of 60]N
	namra[booty]N
	nam.saŋ.DUN₃[~recorder]N
	namšatam[administration]N
	namšeš[brotherhood]N
	namšita[priest]N
	namtar[fate]N
	namtil[life]N
	namuddatuš[entertainment]N
	namu[group of 10]N
	namugula[~overseer]N
	namzukešed[rental]N
	naŋa[mortar]N
	naŋa[potash]N
	naŋasiʾe[plant]N
	naptanum[meal]N
	nargal[musician]N
	nar[musician]N
	narsa[musician]N
	narua[stele]N
	našbarum[garment]N
	na[stone]N
	nesaŋ[offering]N
	nim[fly]N
	nindaba[offering]N
	nindaba[ration]N
	ninda[bread]N
	nindadudu[baker]N
	nindagu[bread]N
	nindagug[cake]N
	ninda.IL₂[profession]N
	nindakuma[~beer]N
	nindan[pole]N
	nindaŋir[bread]N
	ninda[seed-funnel]N
	nindašura[bread]N
	nindaʾi[bread]N
	nin[lady]N
	nin[sister]N
	niŋ₂.DIN[a profession]N
	niŋab[~pomegranate]N
	niŋara[groats]N
	niŋba[gift]N
	niŋbanda[unit]N
	niŋ[container]N
	niŋdab[requisitions]N
	niŋdara[rag]N
	niŋdirig[extra]N
	niŋdundu[garment]N
	niŋduʾa[string]N
	niŋenak[property]N
	niŋezemak[offering]N
	niŋgal[~pomegranate]N
	niŋgude[supplies]N
	niŋgu[food]N
	niŋgul[hatchet]N
	niŋguna[utensils]N
	niŋgur[property]N
	niŋin[total]N
	niŋirgal[herald]N
	niŋir[herald]N
	niŋirmah[chief herald]N
	niŋirsi[friend//(bridegroom
	niŋkas[account]N
	niŋki[herd]N
	niŋkud[due]N
	niŋlam[garment]N
	niŋluguda[a container]N
	niŋlul[falsehood]N
	niŋmussa[gift]N
	niŋnam[anything]N
	niŋŋala[possessions]N
	niŋŋeštug[earring]N
	niŋšama[purchase]N
	niŋsam[price]N
	niŋsaŋkešed[headband]N
	niŋšate[cool]N
	niŋsiga[offering]N
	niŋsi[provisions]N
	niŋsiškur[offering]N
	niŋsua[object]N
	niŋšu[goods]N
	niŋšuk[chariot]N
	niŋšutakaʾa[gift]N
	niŋ[thing]N
	niŋugudea[loss]N
	niŋzuha[stolen goods]N
	nir[stone]N
	nisig[greenery]N
	nisku[retainer]N
	nita[male]N
	nizuh[thief]N
	nubanda[overseer]N
	nugig[priestess]N
	nu.KA[profession]N
	nukirikgal[gardener]N
	nukirik[gardener]N
	nukušu[~door]N
	numun[grass]N
	numunkuš[widow]N
	numun[seed]N
	nun[prince]N
	nunuz[egg]N
	NUNUZ.KISIM₅×LU₃.PAP.PAP[foodstuff]N
	NUNUZ.KISIM₅×LU₃.PAP.PAP[profession]N
	nurma[pomegranate]N
	nusaŋ[priest]N
	nusiki[orphan]N
	nuʾešak[priest]N
	ŋa[house]N
	ŋala[cvne]N
	ŋal[cvne]N
	ŋanun[storehouse]N
	ŋarim[meadow]N
	ŋarza[rites]N
	ŋaʾuduk[sheep shed]N
	ŋaʾuduʾur[~sheep]N
	ŋešabak[tree]N
	ŋešbun[meal]N
	ŋešdu[breeder]N
	ŋešgana[pestle]N
	ŋešgid[unmng]N
	ŋešgi[thicket]N
	ŋešgudid[instrument]N
	ŋešhum[bench]N
	ŋešhur[plan]N
	ŋeši[sesame]N
	ŋeškešda[dam]N
	ŋeškiŋti[workshop]N
	ŋešnimbar[palm]N
	ŋešnud[bed]N
	ŋešrin[scales]N
	ŋeš[sixty]NU
	ŋeššub[lot]N
	ŋeš.šu.RI.RI[joiner?]N
	ŋeštin[a container]N
	ŋeštin[profession]N
	ŋeštin[vine]N
	ŋeš[tree]N
	ŋeštug[ear]N
	ŋidru[scepter]N
	ŋipar[cloister]N
	ŋipar[tree]N
	ŋiri[dagger]N
	ŋiri[foot]N
	ŋirigub[footstool]N
	ŋirila[butcher]N
	ŋiriŋena[path]N
	ŋirlam[basket]N
	ŋirsiga[attendant]N
	ŋirus[fish]N
	ŋisal[rudder]N
	ŋišgal[station]N
	ŋuruš[male]N
	ŋurušmin[~worker]N
	ŋurušmin[young adult male]N
	ŋuruštab[worker]N
	ŋušur[beam]N
	PA.A[unmng]N
	pa[branch]N
	pad[basket]N
	pakud[~tree]N
	PA.LU.TA[preferential share]N
	pana[bow]N
	panadim[bow maker]N
	PAP[a notation]N
	pap[relation]N
	par[canal]N
	pašeš[priest]N
	PA.sud₃[profession]N
	peš[fig]N
	pešgi[rodent]N
	pešigigunu[rodent]N
	pešmurgu[date-palm spine]N
	peš[offshoot]N
	piriŋ[lion]N
	PI[unit]N
	puhrum[assembly]N
	pu[orchard]N
	puzur[secret]N
	rabianum[commander]N
	ragaba[rider]N
	rulugalak[worker]N
	šabalbal[descendent]N
	sabar[net]N
	sabitum[barkeeper]N
	šabra[administrator]N
	šabraʾek[administrator]N
	sa[bundle]N
	sadug[offerings]N
	sadu[~irrigation]N
	šagadu[belt]N
	šagaru[object]N
	sagaz[robber]N
	šagdug[~animals]N
	šageguru[offering]N
	šaggal[food]N
	SAG×HA[a profession]N
	šag[heart]N
	šagia[cup-bearer]N
	šagiagal[cup-bearer]N
	šagiamah[cup-bearer]N
	šagia.TAR[profession]N
	šagida[garment]N
	šagsahar[task]N
	SAG.TAR[a profession]N
	šagud[drover]N
	šagziʾum[garment]N
	šagzu[midwife]N
	saharduba[rubbish]N
	sahar[servant]N
	sahar[soil]N
	šah[pig]N
	sahur[profession]N
	šahzehtur[piglet]N
	šakkanak[general]N
	šakkan[equid]N
	šalatum[cloth]N
	salhuba[fisherman]N
	SAL.UŠ[profession]N
	SAL.UŠ[sheath]N
	sam[price]N
	šanabi[two-thirds]NU
	santanak[gardener]N
	šaŋan[flask]N
	šaŋankeš[official]N
	šaŋanla[trader]N
	saŋapinak[plowman]N
	saŋapin[~plow]N
	saŋa[priest]N
	saŋdu[beam]N
	saŋdub[laborer]N
	saŋdu[head]N
	saŋ.DUN₃[recorder]N
	saŋdu[triangle]N
	saŋerim[~furniture]N
	saŋgi[unmng]N
	saŋ[head]N
	saŋkešed[fish]N
	saŋkešed[strap]N
	saŋki[forehead]N
	saŋkul[bolt]N
	saŋmunus[woman]N
	saŋninda[bread]N
	saŋnita[man]N
	saŋŋagal[official]N
	saŋŋa[official]N
	saŋšu[cap]N
	saŋtag[~worker]N
	saŋušbar[cloth]N
	šar[3600]NU
	sara[document]N
	sarak[ritual]N
	sar[garden]N
	sarig[gift]N
	šarrabdu[administrator]N
	sa[sinew]N
	šatam[official]N
	še.A[food product]N
	šeba[ration]N
	še[barley]N
	šedug[tree]N
	šega[agreement]N
	šeg[brick]N
	šeguba[payment]N
	šelu[coriander]N
	šembizida[kohl]N
	šem[drum]N
	šenallu[ax]N
	šen[cauldron]N
	šennu[priest]N
	šenumun[seed]N
	šeŋar[supply]N
	šeŋbar[animal]N
	šeŋeši[sesame]N
	šeŋuš[barley]N
	šerda[crime]N
	šerim[~loom]N
	šeš[brother]N
	šešgal[relation]N
	šešib[official]N
	šeštab[companion]N
	sidaʾum[an official]N
	šidim[builder]N
	šidimgal[builder]N
	šidimmah[builder]N
	sigda[basket]N
	si[horn]N
	šika[sherd]N
	sikiba[ration]N
	siki[hair]N
	siladaŋal[square]N
	sila[lamb]N
	silanim[lamb]N
	sila[street]N
	sila[unit]N
	šim[aromatics]N
	sim[fish]N
	šimgamgama[aromatics]N
	šimi[commodity]N
	simuggal[smith]N
	simug[smith]N
	šinig[tamarisk]N
	siŋar[bolt]N
	sipad[shepherd]N
	ŠIR[~person]N
	sisi[horse]N
	siškur[prayer]N
	sišunu[creature]N
	šita[priest]N
	šita[weapon]N
	šitaʾaba[priest]N
	situm[balance]N
	šuagina[offerings]N
	šuba[stone]N
	šub[rush]N
	šubše[plant]N
	šubur[hand]N
	subur[slave]N
	šudim[timber//(ship
	sudin[bat]N
	šudua[guarantee]N
	šudua[unit]N
	šudul[yoke]N
	šugal[official]N
	šugia[delivery]N
	šugid[~animal]N
	ŠU.GIR₂@g[surcharge]N
	šugi[senior]N
	šugura[turban]N
	šugur[ring]N
	šuguru[~dates]N
	šu[hand]N
	suhub[boots]N
	suhur[carp]N
	suhur[tuft]N
	suhuš[offshoot]N
	šukara[tool]N
	sukkalgal[official]N
	sukkalmah[official]N
	sukkal[secretary]N
	šukud[fisherman]N
	suku[pole]N
	šukur[ration]N
	sula[~land]N
	šulaʾa[consignment]N
	šulmanum[gift]N
	sul[meat]N
	šuluh[cleansing]N
	šul[youth]N
	sumaš[fish]N
	šum[garlic]N
	šumgaz[object]N
	šumgaz[vegetable]N
	šumme[saw]N
	šumsi[commodity]N
	šumsikil[vegetable]N
	šuniŋin[circular]N
	šuniŋinniŋin[grand total]N
	šuniŋin[total]N
	šunir[emblem]N
	šunumun[seed]N
	sur[bread]N
	šuria[half]N
	sur[locus]N
	šurmen[cypress]N
	sursur[winnower]N
	šušala[vessel]N
	šusar[string]N
	šusi[finger]N
	susig[flayer]N
	šušuma[consignment]N
	šutab[companion]N
	šu[totality]N
	šutum[storehouse]N
	šutur[garment]N
	šuʾi[barber]N
	šuʾura[goose]N
	taba[companion]N
	tahhum[replacement]N
	TAK₄.ALAN[craftsman]N
	tar[fish]N
	targul[pole]N
	taškarin[boxwood]N
	temen[foundation]N
	teš[unity]N
	tibira[sculptor]N
	tibir[hand]N
	tigi[musician]N
	tir[forester]N
	tir[forest]N
	tuditum[toggle pin]N
	tugba[ration]N
	tugdua[felt]N
	tugdu[felter]N
	tugdugal[felter]N
	tugguza[textile]N
	tugkad[a profession]N
	tugmah[ceremonial garment]N
	tugsaga[plow]N
	tug[textile]N
	tukul[weapon]N
	tukur[tool]N
	tul[fountain]N
	tulsaŋ[excavation]N
	tulubum[tree]N
	tumgur[bird]N
	tunsal[hoe]N
	TU[priest]N
	tur[stall]N
	tu[soup]N
	U₂[cloth]N
	u[admiration]N
	ua[provisioner]N
	ubar[foreigner]N
	ub[corner]N
	ubi[bird]N
	ubi[fish]N
	ubila[charcoal]N
	ubil[profession]N
	uddatuš[jester]N
	udra[soaked emmer]N
	udsakar[moon]N
	ud[storm]N
	ud[sun]N
	udugal[sheep]N
	udukurak[sheep]N
	udul[herdsman]N
	udunita[ram]N
	udu[sheep]N
	udzala[~night]N
	u[ewe]N
	uga[raven]N
	ug[lion]N
	ugnim[army]N
	u[grass]N
	ugu[cvne]N
	ugula[overseer]N
	ugulaʾek[overseer]N
	ugu[profession]N
	ugu[skull]N
	uhin[date]N
	ukul[profession]N
	ukur[butcher]N
	ukuš[cucumber]N
	ulabi[quickly]N
	u[land]N
	uludid[wailer]N
	uluh[sapling]N
	umbin[nail]N
	umbin[wheel]N
	umbisaŋ[scribe]N
	umma[old woman]N
	ummia[expert]N
	ummud[waterskin]N
	umun[blood]N
	unadug[letter]N
	UN.IL₂[menial]N
	unud[cowherd]N
	unu[dwelling]N
	uŋ[people]N
	u[planking]N
	ura[loan]N
	ur[dog]N
	urgir[dog]N
	uri[vessel]N
	urnim[lion]N
	ur[roof]N
	ur[root]N
	ursaŋ[hero]N
	urtur[puppy]N
	urud[copper]N
	uruh[priest]N
	urum[property]N
	urur[functionary]N
	us₂.a.DU[border]N
	usaŋ[crop]N
	usar[neighbor]N
	ušbar[garment]N
	ušbar[in-law]N
	UŠ.BAR[responsible]N
	ušbar[weaver]N
	uš[foundation]N
	ušim[greenery]N
	us[side]N
	usuh[tree]N
	ušumgal[dragon]N
	u[ten]NU
	uttuku[abacus]N
	utuda[offspring]N
	utul[tureen]N
	utuwa[ram]N
	uz[duck]N
	uzga[priest]N
	uzud[goat]N
	uzu[flesh]N
	uzuʾabala[broth]N
	uʾil[carrier]N
	zabar[bronze]N
	zabardab[official]N
	za[bead]N
	zadimgal[lapidary]N
	zadim[stone-cutter]N
	zagbeʾus[furniture]N
	zagin[lapis]N
	zag[measure]N
	zagmuk[new year]N
	zagšela[container]N
	zag[side]N
	zagšuš[brand]N
	zagta[all]N
	zagu[tithe]N
	zahada[ax]N
	zahadin[vegetable]N
	zahili[plant]N
	zahum[basin]N
	zaluh[bead]N
	zamin[lyre]N
	zamrutum[lance]N
	zara[pivot]N
	zar[sheaf]N
	zaʾellaŋ[bead]N
	zeda[piglet]N
	zena[midrib]N
	zibibitum[seed]N
	zibtum[stone?]N
	zid₂.IL₂[flour carrier]N
	zid₂.KA[flour]N
	ziddubdub[flour heap]N
	zid[flour]N
	zidgu[flour]N
	zidmilla[flour]N
	zidsig[flour]N
	ziga[expenditure]N
	zikum[hostel]N
	zi[life]N
	zipah[unit]N
	zizda[indemnity]N
	ziz[emmer]N
	ziznumun[seed]N
	ziʾa[worker]N
	zulum[date]N
	zulumhi[sheep]N
	ZUM[unmng]N
	zurzur[official]N
	zu[share]N
	zusik[plucking]N
