A.A[profession]N
a[arm]N
abgal[sage]N
adda[father]N
addir[profession]N
ad.KID[weaver]N
ad.NE[profession]N
agaʾus[soldier]N
agrig[steward]N
aktum[garment]N
ama[mother]N
amarkud[castrated]N
anir[profession]N
AN.KA[unmng]N
anki[universe]N
AN.PA[unmng]N
anše[equid]N
anur[horizon]N
apin[plow]N
APIN.UŠ[official]N
arad[slave]N
arar[miller]N
aru[~administration]N
ašag[field]N
asal[poplar]N
ašgabgal[leatherworker]N
ašgab[leatherworker]N
ašgar[kid]N
aslum[sheep]N
a[water]N
az[bear]N
azlag[fuller]N
azu[doctor]N
aʾea[child]N
baba[porridge]N
bahargal[potter]N
bahar[potter]N
balaŋdi[lamentation singer]N
banaš[vessel]N
bar[outside]N
baza[dwarf]N
bisaŋdubak[archivist]N
buršuma[dowager]N
dabin[semolina]N
dag[side]N
da[line]N
dalla[ring]N
damgargal[merchant]N
damgar[merchant]N
damkas[official]N
dam[spouse]N
dilmungal[profession]N
dilmun[profession]N
diŋir[deity]N
dubsarmah[official]N
dubsar[scribe]N
dub[tablet]N
dud[mound]N
dug[pot]N
dug.TAR[vessel]N
duh[bran]N
dumu[child]N
dumu.KA[relation]N
dumumunus[daughter]N
DUR₂.TAR[unmng]N
egal[palace]N
egud[ox-barn]N
e[house]N
ekur[prison]N
elam[highland]N
eme[donkey]N
emi[household//queen
engar[farmer]N
engartur[profession]N
enkud[tax-collector]N
ensik[farmer]N
ensikgal[steward]N
ensik[ruler]N
erešdiŋir[priestess]N
eʾamak[household]N
eʾenkudak[office of the tax-collector]N
eʾuak[office of the provisioner]N
gada[flax]N
gala[singer]N
gallagal[policeman]N
galla[policeman]N
galuŋak[official]N
gaʾar[cheese]N
geme[worker]N
girbil[profession]N
GIŠ.DU@s[object]N
gubar[ingot]N
gu[cord]N
gud[ox]N
gudug[priest]N
gug[cake]N
gugur.SI[profession]N
gukkal[sheep]N
gula[sheaf]N
guŋal[inspector]N
gur[unit]N
gusur[profession]N
guʾanše[total]N
hašhur[apple]N
HU.KU.BU[worker]N
IB[profession]N
idu[doorkeeper]N
igi[face]N
iku[unit]N
iludi[singer]N
imria[clan]N
inim[word]N
inun[ghee]N
i[oil]N
iri.DU[worker]N
išgana[payment]N
išib[priest]N
itud[moon]N
kaguruk[supervisor]N
karkid[prostitute]N
kaš[beer]N
kaš[runner]N
kaʾa[fox]N
kib[object]N
kinda[barber]N
kindagal[official]N
kingal[official]N
kinud[bedroom]N
ki[place]N
kiri[orchard]N
kir[lamb]N
kisal[courtyard]N
KISAL[profession]N
kiš[totality]N
kisura[border]N
kiʾutu[locus]N
kugan[metal]N
kugla[silver weigher]N
kug[metal]N
kuli[unit]N
kunga[equid]N
kungid[~sheep]N
kun[tail]N
kur[unit]N
kurušda[fattener]N
kuš[official]N
LAK020[goat]N
lammar[deity]N
LAM.SAG.KAK[occupation]N
lidga[vessel]N
lu₂.HAR[profession]N
lu₂.ma₂.MI[boatman]N
lu₂.PAP.PAP[profession]N
ludag[official]N
lugal[king]N
lugididak[musician]N
lugigiru[charioteer]N
lugud[profession]N
lugušudu[profession]N
lukiʾinimak[witness]N
luma[boatman]N
lumagalgalak[boatman]N
lumagur[boatman]N
lunab[profession]N
lungak[brewer]N
lu[person]N
lutik[arrowsmith]N
luʾad[official]N
ma₂.DUN₃@g[caulker]N
magid[boat-tower]N
malah[sailor]N
mana[unit]N
mar[profession]N
MAR.TU[westerner]N
mašda[gazelle]N
mašgaʾen[status]N
maš[goat]N
ma[ship]N
maš[interest]N
maškim[administrator]N
maškimegi[messenger]N
meŋal[textile]N
min[two]NU
muhaldim[cook]N
muhaldimgal[cook]N
mu[name]N
munsub[shepherd]N
munumud[maltster]N
munu[profession]N
mušendu[bird-catcher]N
mušlah[charmer]N
muš[snake]N
nagada[herdsman]N
nagar[carpenter]N
nagargal[carpenter]N
naŋa[mortar]N
nargal[musician]N
nar[musician]N
nesaŋ[offering]N
ninda[bread]N
nindadudu[baker]N
nin[lady]N
nin[sister]N
niŋgu[food]N
niŋirgal[herald]N
niŋir[herald]N
niŋkas[account]N
niŋlam[garment]N
niŋlul[falsehood]N
niŋsam[price]N
niŋsi[provisions]N
niŋ[thing]N
nita[male]N
nizuh[thief]N
nubanda[overseer]N
nugig[priestess]N
nukirikgal[gardener]N
nukirik[gardener]N
numunkuš[widow]N
nuʾešak[priest]N
ŋala[cvne]N
ŋanun[storehouse]N
ŋešgid[unmng]N
ŋeštin[profession]N
ŋeš[tree]N
ŋurušmin[young adult male]N
ŋuruštab[worker]N
pap[relation]N
PA.sud₃[profession]N
šabra[administrator]N
sadug[offerings]N
šag[heart]N
šagia[cup-bearer]N
šagiagal[cup-bearer]N
šagia.TAR[profession]N
šagzu[midwife]N
šah[pig]N
sahur[profession]N
šakkan[equid]N
SAL.UŠ[profession]N
sam[price]N
saŋapin[~plow]N
saŋa[priest]N
saŋ.DUN₃[recorder]N
saŋ[head]N
saŋmunus[woman]N
saŋnita[man]N
saŋŋagal[official]N
saŋŋa[official]N
sar[garden]N
še[barley]N
šembizida[kohl]N
šenumun[seed]N
šeš[brother]N
šešgal[relation]N
šidim[builder]N
šidimgal[builder]N
siki[hair]N
sila[lamb]N
sila[street]N
sila[unit]N
simuggal[smith]N
simug[smith]N
siŋar[bolt]N
sipad[shepherd]N
šitaʾaba[priest]N
šugia[delivery]N
šu[hand]N
šukara[tool]N
sukkalgal[official]N
sukkal[secretary]N
šukud[fisherman]N
šul[youth]N
šuniŋin[total]N
susig[flayer]N
šuʾi[barber]N
tir[forester]N
tugdu[felter]N
tug[textile]N
ua[provisioner]N
ub[corner]N
ud[sun]N
udul[herdsman]N
udunita[ram]N
udu[sheep]N
u[ewe]N
ugula[overseer]N
ugulaʾek[overseer]N
uludid[wailer]N
umbisaŋ[scribe]N
umma[old woman]N
ummia[expert]N
unud[cowherd]N
unu[dwelling]N
ur[dog]N
ur[root]N
ursaŋ[hero]N
urud[copper]N
usar[neighbor]N
utul[tureen]N
uz[duck]N
uzud[goat]N
zabar[bronze]N
zabardab[official]N
zadimgal[lapidary]N
zadim[stone-cutter]N
zagin[lapis]N
zag[side]N
zid[flour]N
ziz[emmer]N
