a[arm]N
abba[father]N
ab[cow]N
abga[cow]N
absin[furrow]N
abula[gate]N
abur[strap]N
adaba[musician]N
adda[father]N
addir[profession]N
ad.KID.gal[weaver]N
ad.KID[weaver]N
adla[harness?]N
ad.NE[profession]N
ad[official]N
adun[canal digger?]N
ad[vessel]N
agam[profession//doorkeeper
aga[rear]N
agargara[fish]N
agar[meadow]N
agaʾus[soldier]N
agrig[steward]N
aktum[garment]N
alan[image]N
amagal[grandmother]N
amagan[mother]N
ama[mother]N
amarsaŋ[duckling]N
amar[young]N
amaʾatud[slave]N
aniŋin[reservoir]N
anše[equid]N
anšegam[profession associated with donkeys]N
aŋar[tool]N
apinla[tiller]N
apin[plow]N
arad[slave]N
arua[offering]N
ašag[field]N
ašgabgal[leatherworker]N
ašgab[leatherworker]N
ašgar[kid]N
asikil[profession]N
aslum[sheep]N
aš[one]NU
atu[doorkeeper?]N
a[water]N
azlag[fuller]N
azu[doctor]N
azugal[doctor]N
aʾabak[sea]N
aʾuʾa[ferryman]N
ba[animal]N
bahar[potter]N
banšur[table]N
bappir[~beer]N
barag[sack]N
bardul[garment]N
bar[outside]N
barsig[garment]N
barudu[fleece//sheep
barus[goad]N
baza[dwarf]N
bisaŋdubak[archivist]N
BU.ra[official]N
bur[bowl]N
bursaŋ[servant]N
dabin[semolina]N
dag[dwelling]N
dag[side]N
damga[~plow]N
damgargal[merchant]N
damgar[merchant]N
dam[spouse]N
dana[unit]N
did[lawsuit]N
dikud[judge]N
diŋir[deity]N
dubsaŋ[profession]N
dubsarmah[official]N
dubsar[scribe]N
dub[tablet]N
dud[mound]N
dug[pot]N
dumu[child]N
dumumunus[daughter]N
dumunita[son]N
DUN.GI[equid]N
du[platform]N
dupsik[basket]N
dur[buttocks]N
duruna[oven]N
ebgal[oval]N
eden[back]N
egal[palace]N
egia[bride]N
egir[back]N
eg[levee]N
e[house]N
ekišibak[storeroom]N
ekur[institution]N
elam[highland]N
eli[~sheep]N
emeda[nursemaid]N
eme[donkey]N
eme[nurse]N
eme[tongue]N
emi[household//queen
engar[farmer]N
eniŋak[storehouse]N
eniŋgur[depot]N
enkud[tax-collector]N
en[lord]N
en[priest]N
ensi[interpreter]N
ensikgal[steward]N
ensik[ruler]N
enzid[animal]N
erešdiŋir[priestess]N
er[tears]N
EŠ₂.ba.an[unit]N
eše[length unit]N
eš[flour]N
eš[rope]N
eš[shrine]N
ezem[festival]N
eʾudsakar[moon]N
eʾuduk[sheephouse]N
eʾurak[storehouse]N
gab₂.URU×IGI[a profession]N
gabar[herder]N
gabatab[pole]N
gabdan[cleaner]N
gabkas[driver]N
gada[flax]N
gag[nail]N
gaguru[profession]N
galamah[singer]N
gala[singer]N
gallagal[policeman]N
galla[policeman]N
galuŋak[official]N
GAM.GAM[profession]N
gana[field]N
ganagid[surveyor]N
gaʾar[cheese]N
gaʾešmah[official]N
gaʾeš[trader]N
geme[worker]N
gida[spear]N
gigir[chariot]N
gimuš[pole]N
giŋ[unit]N
girbil[profession]N
gi[reed]N
gir[fish]N
gu[cord]N
gudeʾusa[drover]N
gudlah[drover]N
gud[ox]N
gudug[priest]N
gukkal[sheep]N
gula[garment]N
gula[sheaf]N
gu[neck]N
gunida[~grain]N
gun[load]N
gu[pulse]N
gurgur[vessel]N
gurkeš[vehicle]N
gurum[inspection]N
gur[unit]N
guru[shield]N
guru[store]N
gusur[profession]N
guzaʾadtab[jewelry]N
guʾanše[total]N
habuda[hoe]N
HA@g[~cow]N
haharrana[peg]N
halaba[share]N
hašhur[apple]N
hazin[ax]N
HI×NUN.DU.DU[a profession?]N
hirin[grass]N
hubi[acrobat]N
HU.KU.BU[worker]N
ibadu[garment]N
IB[profession]N
id[river]N
idu[doorkeeper]N
ig[door]N
igiduh[seer]N
igidu[leader]N
igi[eye]N
igi[face]N
iginudu[blind]N
ildum[band]N
il[worker]N
im[clay]N
imnun[ridge]N
imŋaŋa[emmer]N
im[year]N
inim[word]N
inun[ghee]N
i[oil]N
irara[oil-presser]N
iri[city]N
išah[lard]N
išgana[payment]N
išibmah[priest]N
išib[priest]N
itud[moon]N
izzi[wall]N
iʾuʾa[unmng]N
kabkud[reservoir]N
kag[mouth]N
kaguruk[supervisor]N
kakaku[profession]N
kakik[registrar]N
kar[harbor]N
karkid[prostitute]N
kašakanak[oil-maker]N
kaš[beer]N
kaskal[way]N
kaš[runner]N
kaʾa[fox]N
kib[wheat]N
kiduru[land]N
kigu[flax worker]N
kigu[~land]N
kinda[barber]N
kindagal[official]N
kingal[official]N
kinkin[miller]N
kiŋ[fish]N
kiŋ[work]N
ki[place]N
kiri[orchard]N
kir[lamb]N
kisikik[textile worker]N
kisur[locus]N
kišutag[locus]N
kitum[burial]N
kiʾanaŋ[locus]N
kiʾutu[locus]N
kud[fish]N
kugbabbar[silver]N
kugdim[smith]N
kug[metal]N
kunga[equid]N
kuŋ[stair]N
kurru[an occupation]N
kur[unit]N
kurušda[fattener]N
kuš[official]N
kuš[skin]N
kuš[unit]N
LAK779[a plow]N
laʾu[arrears]N
ludubak[official]N
luduna[ward]N
lugal[king]N
luhu[profession]N
lukisal[profession]N
lukiʾinimak[witness]N
lukur[priestess]N
lulgu[restitution]N
lumah[priest]N
lumaʾaddir[ferryman]N
lungak[brewer]N
luniŋaŋ[profession]N
lunisiga[profession]N
luŋešgid[profession]N
lu[person]N
lušuluha[official]N
lutik[arrowsmith]N
luʾakum[functionary]N
luʾešgid[surveyor]N
luʾiginiŋin[a social status]N
luʾinimak[witness]N
luʾumumak[profession]N
luʾu[rider]N
ma₂.DUN₃@g[caulker]N
magur[barge]N
magursi[profession]N
malahgal[official]N
malah[sailor]N
mana[unit]N
mar[wagon]N
mašda[gazelle]N
mašdarea[payment]N
maš[goat]N
ma[ship]N
maš[interest]N
maškim[administrator]N
mašmaš[sorcerer]N
mašnita[goat]N
maš[plant]N
mašsaŋ[leader]N
maššugidgid[diviner]N
min[two]NU
mud[jar]N
mu.DU[delivery]N
muhaldim[cook]N
mun[salt]N
munsub[shepherd]N
munukaz[profession]N
munu[malt]N
munumud[maltster]N
munu[profession]N
munus[woman]N
murub[middle]N
mušendal[bird-catcher]N
mušendu[bird-catcher]N
mušlah[charmer]N
mušme[face]N
mussa[in-law]N
mu[year]N
na[cvne]N
nagada[herdsman]N
nagar[carpenter]N
nagargal[carpenter]N
nam[administrative]N
namdam[marriage]N
namdumu[status]N
namgu[oppression]N
namlugal[kingship]N
nammah[greatness]N
namtil[life]N
naŋasiʾe[plant]N
nargal[musician]N
nar[musician]N
na[stone]N
nesaŋ[offering]N
nindaba[offering]N
ninda[bread]N
ninda.IL₂[profession]N
nindakuma[~beer]N
nindan[pole]N
nindaŋir[bread]N
ninda[seed-funnel]N
nin[lady]N
nin[sister]N
niŋ₂.DIN[a profession]N
niŋara[groats]N
niŋba[gift]N
niŋbanda[unit]N
niŋdundu[garment]N
niŋduʾa[string]N
niŋenak[property]N
niŋgur[property]N
niŋirgal[herald]N
niŋir[herald]N
niŋirmah[chief herald]N
niŋirsi[friend//(bridegroom
niŋkas[account]N
niŋlam[garment]N
niŋsam[price]N
niŋsaŋkešed[headband]N
niŋšu[goods]N
niŋšuk[chariot]N
niŋ[thing]N
niŋzuha[stolen goods]N
nita[male]N
nubanda[overseer]N
nugig[priestess]N
nukirik[gardener]N
numunkuš[widow]N
numun[seed]N
NUNUZ.KISIM₅×LU₃.PAP.PAP[foodstuff]N
NUNUZ.KISIM₅×LU₃.PAP.PAP[profession]N
nusiki[orphan]N
nuʾešak[priest]N
ŋa[house]N
ŋal[cvne]N
ŋanun[storehouse]N
ŋešgi[thicket]N
ŋeškiŋti[workshop]N
ŋešnimbar[palm]N
ŋeštin[vine]N
ŋeš[tree]N
ŋeštug[ear]N
ŋiriŋena[path]N
ŋuruš[male]N
ŋurušmin[~worker]N
PA.A[unmng]N
pakud[~tree]N
pana[bow]N
PAP[a notation]N
pap[relation]N
par[canal]N
pašeš[priest]N
peš[fig]N
rulugalak[worker]N
šabra[administrator]N
sa[bundle]N
sadug[offerings]N
sagaz[robber]N
šagdug[~animals]N
SAG×HA[a profession]N
šag[heart]N
šagia[cup-bearer]N
šagiagal[cup-bearer]N
šagiamah[cup-bearer]N
SAG.TAR[a profession]N
šah[pig]N
sam[price]N
santanak[gardener]N
šaŋan[flask]N
šaŋankeš[official]N
saŋapinak[plowman]N
saŋapin[~plow]N
saŋa[priest]N
saŋdub[laborer]N
saŋ.DUN₃[recorder]N
saŋ[head]N
saŋkešed[fish]N
saŋkešed[strap]N
saŋŋa[official]N
sar[garden]N
šeba[ration]N
še[barley]N
šeg[brick]N
šenumun[seed]N
šeŋar[supply]N
šeš[brother]N
šešgal[relation]N
šešib[official]N
šidim[builder]N
šidimgal[builder]N
si[horn]N
siki[hair]N
sila[lamb]N
sila[street]N
sila[unit]N
šimgamgama[aromatics]N
simuggal[smith]N
simug[smith]N
siŋar[bolt]N
sipad[shepherd]N
ŠIR[~person]N
sišunu[creature]N
šita[priest]N
subur[slave]N
šudua[guarantee]N
šudua[unit]N
šudul[yoke]N
šu[hand]N
šukara[tool]N
sukkalmah[official]N
sukkal[secretary]N
šukud[fisherman]N
šukur[ration]N
sula[~land]N
sumaš[fish]N
šum[garlic]N
šumme[saw]N
šumsi[commodity]N
šuniŋin[total]N
sur[bread]N
sursur[winnower]N
susig[flayer]N
šu[totality]N
šuʾi[barber]N
šuʾura[goose]N
taba[companion]N
TAK₄.ALAN[craftsman]N
tar[fish]N
taškarin[boxwood]N
tibira[sculptor]N
tir[forester]N
tir[forest]N
tugdua[felt]N
tugdu[felter]N
tugdugal[felter]N
tugkad[a profession]N
tug[textile]N
tulsaŋ[excavation]N
tulubum[tree]N
U₂[cloth]N
u[admiration]N
ua[provisioner]N
ubi[bird]N
ubi[fish]N
ubila[charcoal]N
ubil[profession]N
uddatuš[jester]N
ud[sun]N
udul[herdsman]N
udunita[ram]N
udu[sheep]N
udzala[~night]N
u[ewe]N
u[grass]N
ugula[overseer]N
ugulaʾek[overseer]N
ukul[profession]N
u[land]N
uludid[wailer]N
umbin[nail]N
umma[old woman]N
ummia[expert]N
UN.IL₂[menial]N
unud[cowherd]N
ura[loan]N
ur[dog]N
ur[root]N
ursaŋ[hero]N
urud[copper]N
uruh[priest]N
urum[property]N
urur[functionary]N
ušbar[weaver]N
us[side]N
usuh[tree]N
utul[tureen]N
utuwa[ram]N
uz[duck]N
uzga[priest]N
uzud[goat]N
zabar[bronze]N
zadim[stone-cutter]N
zag[measure]N
zagmuk[new year]N
zag[side]N
zagta[all]N
zena[midrib]N
zid[flour]N
zidgu[flour]N
zidsig[flour]N
zipah[unit]N
ziz[emmer]N
zulum[date]N
ZUM[unmng]N
zurzur[official]N
