a[arm//arm]N'N$a
a[arm//plow handle]N'N$a
a[arm//wage, wages]N'N$a
abba[father//an official]N'N$abba
abba[father//an official]N'N$abba,am
abba[father//elder]N'N$abba
abba[father//father]N'N$abba
abba[father//father]N'N$abba,ani
ab[cow//cow]N'N$ab
abga[cow//milk cow]N'N$abga
absin[furrow//furrow]N'N$absin
abula[gate//gate]N'N$abula
abur[strap//lower strap]N'N$abur
adaba[musician//a musician]N'N$adaba
adda[father//father]N'N$adda
addir[profession//a profession]N'N$addir
ad.KID.gal[weaver//weaver]N'N$ad.KID.gal
ad.KID[weaver//basket weaver]N'N$ad.KID
ad.KID[weaver//basket weaver]N'N$ad.KID,e
ad.KID[weaver//basket weaver]N'N$ad.KID,meš
ad.KID[weaver//basket weaver]N'N$ad.KID,ra
adla[harness?//a type of collar or harness?]N'N$adla
ad.NE[profession//a profession]N'N$ad.NE
ad[official//an official]N'N$ad
adun[canal digger?//canal digger?]N'N$adun
adun[canal digger?//canal digger?]N'N$adun,ak.bi
adun[canal digger?//canal digger?]N'N$adun,ak.e
adun[canal digger?//canal digger?]N'N$adun,ak.me
adun[canal digger?//canal digger?]N'N$adun,am
ad[vessel//a vessel]N'N$ad
agam[profession//doorkeeper's helper]N'N$agam
agam[profession//doorkeeper's helper]N'N$agam,da
agam[profession//doorkeeper's helper]N'N$agam,meš
aga[rear//back]N'N$aga
aga[rear//rear]N'N$aga
agargara[fish//a fish]N'N$agargara
agar[meadow//meadow]N'N$agar
agaʾus[soldier//a professional soldier]N'N$agaʾus
agaʾus[soldier//a professional soldier]N'N$agaʾus,da
agaʾus[soldier//a professional soldier]N'N$agaʾus,e
agaʾus[soldier//a professional soldier]N'N$agaʾus,meš
agrig[steward//steward, housekeeper]N'N$agrig
agrig[steward//steward, housekeeper]N'N$agrig,ak.am
agrig[steward//steward, housekeeper]N'N$agrig,da
agrig[steward//steward, housekeeper]N'N$agrig,e
agrig[steward//steward, housekeeper]N'N$agrig,me
agrig[steward//steward, housekeeper]N'N$agrig,ra
aktum[garment//a garment]N'N$aktum
alan[image//statue, figurine]N'N$alan
amagal[grandmother//grandmother]N'N$amagal
amagan[mother//child-bearing mother]N'N$amagan
ama[mother//mother]N'N$ama
ama[mother//mother]N'N$ama,ani
ama[mother//mother]N'N$ama,ani.da
ama[mother//mother]N'N$ama,ra
amarsaŋ[duckling//duckling]N'N$amarsaŋ
amar[young//calf]N'N$amar
amar[young//calf]N'N$amar,ak
amaʾatud[slave//house-born slave]N'N$amaʾatud,am
aniŋin[reservoir//reservoir]N'N$aniŋin
anše[equid//equid, donkey]N'N$anše
anšegam[profession associated with donkeys//profession associated with donkeys]N'N$anšegam
aŋar[tool//a tool]N'N$aŋar
apinla[tiller//planter, tiller]N'N$apinla,am
apinla[tiller//planter, tiller]N'N$apinla,eše
apin[plow//(seed) plow]N'N$apin
apin[plow//(seed) plow]N'N$apin,ene
arad[slave//slave, servant]N'N$arad
arad[slave//slave, servant]N'N$arad,ani
arad[slave//slave, servant]N'N$arad,ani.me
arad[slave//slave, servant]N'N$arad,me
arua[offering//votive offering]N'N$arua
ašag[field//field]N'N$ašag
ašag[field//field]N'N$ašag,ak
ašag[field//field]N'N$ašag,bi
ašag[field//field]N'N$ašag,bi.e
ašag[field//field]N'N$ašag,ta
ašgabgal[leatherworker//chief leatherworker]N'N$ašgabgal
ašgab[leatherworker//leatherworker]N'N$ašgab
ašgab[leatherworker//leatherworker]N'N$ašgab,ak.am
ašgab[leatherworker//leatherworker]N'N$ašgab,ak.e
ašgab[leatherworker//leatherworker]N'N$ašgab,bi.e
ašgab[leatherworker//leatherworker]N'N$ašgab,meš
ašgab[leatherworker//leatherworker]N'N$ašgab,ra
ašgar[kid//female kid]N'N$ašgar
asikil[profession//a profession]N'N$asikil
aslum[sheep//a sheep]N'N$aslum,bi.ak
aš[one//one]NU'NU$aš
atu[doorkeeper?//doorkeeper?]N'N$atu
a[water//water]N'N$a
azlag[fuller//fuller]N'N$azlag
azlag[fuller//fuller]N'N$azlag,ak.e
azlag[fuller//fuller]N'N$azlag,bi
azlag[fuller//fuller]N'N$azlag,da
azlag[fuller//fuller]N'N$azlag,eše
azlag[fuller//fuller]N'N$azlag,meš
azlag[fuller//fuller]N'N$azlag,ra
azu[doctor//doctor]N'N$azu
azugal[doctor//chief doctor]N'N$azugal
aʾabak[sea//sea, seawater]N'N$aʾabak
aʾuʾa[ferryman//ferryman]N'N$aʾuʾa,am
ba[animal//a marine creature?]N'N$ba
bahar[potter//potter]N'N$bahar
bahar[potter//potter]N'N$bahar,bi
bahar[potter//potter]N'N$bahar,e
bahar[potter//potter]N'N$bahar,meš
banšur[table//table]N'N$banšur
bappir[~beer//an ingredient in beer-making]N'N$bappir
barag[sack//sack]N'N$barag
bardul[garment//full-body garment]N'N$bardul
bar[outside//outside, (other) side]N'N$bar
bar[outside//outside, (other) side]N'N$bar;
bar[outside//outside, (other) side]N'N$bar;a
bar[outside//outside, (other) side]N'N$bar,eše
bar[outside//outside, (other) side]N'N$V.b:bar
barsig[garment//a garment]N'N$barsig
barudu[fleece//sheep's fleece]N'N$barudu
barus[goad//goad]N'N$barus
baza[dwarf//dwarf]N'N$baza
bisaŋdubak[archivist//archivist]N'N$bisaŋdubak
BU.ra[official//official]N'N$BU.ra
bur[bowl//(stone) bowl]N'N$bur
bursaŋ[servant//a servant]N'N$bursaŋ
dabin[semolina//semolina, barley grits]N'N$dabin
dag[dwelling//dwelling]N'N$dag
dag[side//side]N'N$dag
damga[~plow//a part of a plow]N'N$damga
damgargal[merchant//chief merchant]N'N$damgargal
damgargal[merchant//chief merchant]N'N$damgargal,ta
damgar[merchant//merchant, trader]N'N$damgar
damgar[merchant//merchant, trader]N'N$damgar,ak
damgar[merchant//merchant, trader]N'N$damgar,ak.am
damgar[merchant//merchant, trader]N'N$damgar,ak.e
damgar[merchant//merchant, trader]N'N$damgar,e
damgar[merchant//merchant, trader]N'N$damgar,meš
damgar[merchant//merchant, trader]N'N$damgar,ta
dam[spouse//spouse]N'N$dam
dam[spouse//spouse]N'N$dam,ani
dana[unit//a unit of length, double-hour (distance), double-mile]N'N$dana
did[lawsuit//lawsuit, trial]N'N$did,bi
dikud[judge//judge]N'N$dikud,bi
diŋir[deity//deity, god, goddess]N'N$diŋir
dubsaŋ[profession//profession]N'N$dubsaŋ
dubsarmah[official//an official]N'N$dubsarmah
dubsarmah[official//an official]N'N$dubsarmah,e
dubsarmah[official//an official]N'N$dubsarmah,ta
dubsar[scribe//scribe]N'N$dubsar
dubsar[scribe//scribe]N'N$dubsar,ak
dubsar[scribe//scribe]N'N$dubsar,ak.am
dubsar[scribe//scribe]N'N$dubsar,ak.e
dubsar[scribe//scribe]N'N$dubsar,bi
dubsar[scribe//scribe]N'N$dubsar,da
dubsar[scribe//scribe]N'N$dubsar,e
dubsar[scribe//scribe]N'N$dubsar,meš
dub[tablet//tablet]N'N$dub
dub[tablet//tablet]N'N$dub,bi
dud[mound//(ruin) mound]N'N$dud
dug[pot//(clay) pot]N'N$dug
dumu[child//child, son, daughter]N'N$dumu
dumu[child//child, son, daughter]N'N$dumu,ak.am
dumu[child//child, son, daughter]N'N$dumu,ani
dumu[child//child, son, daughter]N'N$dumu,ani.e
dumu[child//child, son, daughter]N'N$dumu,me
dumumunus[daughter//daughter]N'N$dumumunus
dumumunus[daughter//daughter]N'N$dumumunus,ani
dumumunus[daughter//daughter]N'N$dumumunus,ani.meš
dumunita[son//son]N'N$dumunita
dumunita[son//son]N'N$dumunita,ani
dumunita[son//son]N'N$dumunita,ani.meš
DUN.GI[equid//an equid]N'N$DUN.GI
du[platform//throne platform for a deity]N'N$du,ak
dupsik[basket//a basket (for carrying earth and bricks)]N'N$dupsik
dur[buttocks//bottom, stand]N'N$dur,eše
duruna[oven//oven, tannour]N'N$duruna
ebgal[oval//temple oval]N'N$ebgal
eden[back//back, upper side]N'N$eden,ak.ta
egal[palace//palace]N'N$egal
egal[palace//palace]N'N$egal,ak
egal[palace//palace]N'N$egal,eše
egal[palace//palace]N'N$egal,ra
egal[palace//palace]N'N$egal,ta
egia[bride//bride]N'N$egia
egir[back//back, end, rear]N'N$egir
eg[levee//levee, dyke]N'N$eg
e[house//house]N'N$e
e[house//house]N'N$e,a
e[house//house]N'N$e,bi
e[house//house]N'N$e,ŋu
e[house//house]N'N$e,ra
e[house//house]N'N$e,ta
ekišibak[storeroom//storeroom for sealed commodities]N'N$ekišibak
ekur[institution//an institution]N'N$ekur
elam[highland//highland]N'N$elam
elam[highland//highland]N'N$elam,meš
elam[highland//highland]N'N$elam,ta
eli[~sheep//a description of ewes or lamb, spring (lamb)]N'N$eli
emeda[nursemaid//nursemaid]N'N$emeda
eme[donkey//female donkey]N'N$eme
eme[nurse//wet nurse]N'N$eme
eme[tongue//tongue]N'N$eme
emi[household//queen's household]N'N$emi
emi[household//queen's household]N'N$emi,a
emi[household//queen's household]N'N$emi,ak.am
emi[household//queen's household]N'N$emi,ta
engar[farmer//farmer]N'N$engar
engar[farmer//farmer]N'N$engar,ak
engar[farmer//farmer]N'N$engar,ak.am
engar[farmer//farmer]N'N$engar,bi
engar[farmer//farmer]N'N$engar,e
engar[farmer//farmer]N'N$engar,me
eniŋak[storehouse//storehouse]N'N$eniŋak
eniŋgur[depot//depot]N'N$eniŋgur
enkud[tax-collector//tax-collector]N'N$enkud
en[lord//lord]N'N$en
en[lord//lord]N'N$en,bi
en[lord//lord]N'N$en,ene.eše
en[priest//a priest, priestess]N'N$en,eL
en[priest//a priest, priestess]N'N$en,eše
ensi[interpreter//dream interpreter]N'N$ensi
ensikgal[steward//chief steward]N'N$ensikgal
ensik[ruler//ruler]N'N$ensik
ensik[ruler//ruler]N'N$ensik,ak
ensik[ruler//ruler]N'N$ensik,ak.am
ensik[ruler//ruler]N'N$ensik,am
ensik[ruler//ruler]N'N$ensik,eL
enzid[animal//lead animal]N'N$enzid
erešdiŋir[priestess//a priestess]N'N$erešdiŋir
er[tears//tears]N'N$er
EŠ₂.ba.an[unit//a unit of capacity for fish]N'N$EŠ₂.ba.an
eše[length unit//a unit of length]N'N$eše
eš[flour//a flour]N'N$eš
eš[rope//rope, thong, string]N'N$eš
eš[rope//rope, thong, string]N'N$eš,a
eš[shrine//shrine]N'N$eš
eš[shrine//shrine]N'N$eš,ak.am
ezem[festival//festival]N'N$ezem
ezem[festival//festival]N'N$ezem,ak
eʾudsakar[moon//new moon, crescent moon]N'N$eʾudsakar
eʾuduk[sheephouse//sheephouse]N'N$eʾuduk,ak
eʾurak[storehouse//storehouse]N'N$eʾurak,ak
gab₂.URU×IGI[a profession//a profession]N'N$gab₂.URU×IGI
gabar[herder//herder, shepherd-boy]N'N$gabar
gabar[herder//herder, shepherd-boy]N'N$gabar,ani
gabatab[pole//a wooden pole used for manual seeding, dibber]N'N$gabatab
gabdan[cleaner//cleaner]N'N$gabdan
gabdan[cleaner//cleaner]N'N$gabdan,da
gabdan[cleaner//cleaner]N'N$gabdan,me
gabkas[driver//driver]N'N$gabkas
gabkas[driver//driver]N'N$gabkas,ak.ak
gabkas[driver//driver]N'N$gabkas,ak.am
gabkas[driver//driver]N'N$gabkas,da
gabkas[driver//driver]N'N$gabkas,me
gabkas[driver//driver]N'N$gabkas,ra
gada[flax//flax]N'N$gada
gag[nail//nail, peg, point, stud]N'N$gag
gag[nail//nail, peg, point, stud]N'N$gag,bi
gaguru[profession//a profession, milk carrier]N'N$gaguru
galamah[singer//chief lament singer]N'N$galamah
gala[singer//lamentation singer]N'N$gala
gala[singer//lamentation singer]N'N$gala,ak.am
gala[singer//lamentation singer]N'N$gala,e
gala[singer//lamentation singer]N'N$gala,eše
gala[singer//lamentation singer]N'N$gala,me
gallagal[policeman//chief policeman]N'N$gallagal
galla[policeman//policeman]N'N$galla,bi
galuŋak[official//an official]N'N$galuŋak
galuŋak[official//an official]N'N$galuŋak,ak
galuŋak[official//an official]N'N$galuŋak,me
galuŋak[official//an official]N'N$galuŋak,ra
GAM.GAM[profession//a profession]N'N$GAM.GAM
gana[field//field]N'N$gana
ganagid[surveyor//field surveyor]N'N$ganagid
gaʾar[cheese//cheese]N'N$gaʾar
gaʾešmah[official//official]N'N$gaʾešmah,e
gaʾeš[trader//a long distance trader]N'N$gaʾeš
gaʾeš[trader//a long distance trader]N'N$gaʾeš,e
gaʾeš[trader//a long distance trader]N'N$gaʾeš,ra
geme[worker//female worker]N'N$geme
geme[worker//female worker]N'N$geme,ani
gida[spear//lance, spear]N'N$gida
gigir[chariot//chariot]N'N$gigir
gimuš[pole//a boat pole]N'N$gimuš
giŋ[unit//a unit of weight, shekel]N'N$giŋ
girbil[profession//a profession]N'N$girbil
girbil[profession//a profession]N'N$girbil,me
gi[reed//reed, cane]N'N$gi
gir[fish//a fish]N'N$gir
gu[cord//cord, net]N'N$gu
gudeʾusa[drover//drover, ox-driver, cowherd]N'N$gudeʾusa
gudlah[drover//drover, ox-driver]N'N$gudlah
gud[ox//bull, ox]N'N$gud
gud[ox//bull, ox]N'N$gud,e
gudug[priest//a priest]N'N$gudug
gudug[priest//a priest]N'N$gudug,da
gudug[priest//a priest]N'N$gudug,me
gukkal[sheep//fat-tailed sheep]N'N$gukkal
gula[garment//a garment]N'N$gula
gula[sheaf//sheaf of reeds]N'N$gula
gu[neck//bank]N'N$gu
gu[neck//neck]N'N$gu
gu[neck//neck]N'N$gu;
gu[neck//neck]N'N$gu,ani.a
gunida[~grain//a designation of grain]N'N$gunida
gun[load//load]N'N$gun
gu[pulse//pulse, bean]N'N$gu
gurgur[vessel//a vessel]N'N$gurgur
gurkeš[vehicle//a cart or wagon]N'N$gurkeš
gurum[inspection//inspection]N'N$gurum
gurum[inspection//inspection]N'N$gurum,bi
gurum[inspection//inspection]N'N$gurum,ta
gur[unit//unit of capacity]N'N$gur
guru[shield//shield]N'N$guru
guru[store//grain store]N'N$guru
gusur[profession//a profession]N'N$gusur
guzaʾadtab[jewelry//jewelry]N'N$guzaʾadtab
guʾanše[total//total]N'N$guʾanše
habuda[hoe//hoe, ax]N'N$habuda
HA@g[~cow//a designation of a cow or a heifer]N'N$HA@g
haharrana[peg//a type of peg or pin]N'N$haharrana
halaba[share//an alloted share]N'N$halaba,ani.eše
hašhur[apple//apple (tree)]N'N$hašhur
hazin[ax//ax]N'N$hazin
HI×NUN.DU.DU[a profession?//a profession?]N'N$HI×NUN.DU.DU
hirin[grass//a grass]N'N$hirin
hubi[acrobat//acrobat]N'N$hubi
HU.KU.BU[worker//a worker]N'N$HU.KU.BU
ibadu[garment//a garment]N'N$ibadu
IB[profession//a profession]N'N$IB
IB[profession//a profession]N'N$IB,me
id[river//river, watercourse, canal]N'N$id
id[river//river, watercourse, canal]N'N$id,ak
id[river//river, watercourse, canal]N'N$id,eše
idu[doorkeeper//doorkeeper]N'N$idu
idu[doorkeeper//doorkeeper]N'N$idu,me
idu[doorkeeper//doorkeeper]N'N$idu,ra
ig[door//door]N'N$ig
igiduh[seer//seer]N'N$igiduh
igidu[leader//forerunner]N'N$igidu,ak.e
igi[eye//eye]N'N$igi,anene
igi[eye//eye]N'N$igi,me
igi[face//face]N'N$igi
iginudu[blind//blind]N'AJ$iginudu
iginudu[blind//blind]N'AJ$iginudu,ak.am
iginudu[blind//blind]N'AJ$iginudu,da
iginudu[blind//blind]N'AJ$iginudu,me
ildum[band//band, cohorts, troops]N'N$ildum
il[worker//a worker]N'N$il
il[worker//a worker]N'N$il,am
il[worker//a worker]N'N$il,me
im[clay//clay, mud]N'N$im,ta
imnun[ridge//ridge]N'N$imnun
imŋaŋa[emmer//emmer beer]N'N$imŋaŋa
im[year//previous year]N'N$im,ak
im[year//previous year]N'N$im,ak.am
im[year//previous year]N'N$im,ak.eše
inim[word//word]N'N$inim
inim[word//word]N'N$inim,ak
inim[word//word]N'N$inim,bi
inun[ghee//ghee, clarified butter]N'N$inun
i[oil//oil, butter]N'N$i
irara[oil-presser//oil-presser]N'N$irara
irara[oil-presser//oil-presser]N'N$irara,bi.e
irara[oil-presser//oil-presser]N'N$irara,e
irara[oil-presser//oil-presser]N'N$irara,ra
iri[city//city]N'N$iri
išah[lard//lard]N'N$išah
išgana[payment//an extra payment]N'N$išgana
išibmah[priest//chief incantation priest]N'N$išibmah
išib[priest//purification priest, exorcist]N'N$išib
išib[priest//purification priest, exorcist]N'N$išib,ani
itud[moon//month]N'N$itud
itud[moon//month]N'N$itud,ak
itud[moon//month]N'N$itud,ta
izzi[wall//wall]N'N$izzi
iʾuʾa[unmng//(unknown meaning)]N'N$iʾuʾa,a
kabkud[reservoir//a reservoir for flood control]N'N$kabkud
kag[mouth//mouth]N'N$kag
kaguruk[supervisor//granary supervisor]N'N$kaguruk
kaguruk[supervisor//granary supervisor]N'N$kaguruk,e
kakaku[profession//a profession]N'N$kakaku
kakaku[profession//a profession]N'N$kakaku,am
kakaku[profession//a profession]N'N$kakaku,me
kakik[registrar//registrar for houses]N'N$kakik,am
kar[harbor//harbor, quay]N'N$kar
kar[harbor//harbor, quay]N'N$kar,ani
karkid[prostitute//prostitute]N'N$karkid
kašakanak[oil-maker//chief oil maker]N'N$kašakanak
kašakanak[oil-maker//chief oil maker]N'N$kašakanak,ak.e
kašakanak[oil-maker//chief oil maker]N'N$kašakanak,da
kašakanak[oil-maker//chief oil maker]N'N$kašakanak,ra
kaš[beer//beer]N'N$kaš
kaskal[way//journey, caravan]N'N$kaskal
kaskal[way//journey, caravan]N'N$kaskal,eše
kaš[runner//runner, courier]N'N$kaš
kaʾa[fox//fox]N'N$kaʾa
kib[wheat//wheat]N'N$kib
kiduru[land//damp ground, irrigable land]N'N$kiduru
kigu[flax worker//flax worker]N'N$kigu
kigu[~land//legume plot]N'N$kigu,ak.ak
kigu[~land//legume plot]N'N$kigu,eše
kinda[barber//barber, hairdresser]N'N$kinda
kindagal[official//an official, inspector of slaves]N'N$kindagal
kingal[official//an official, grandee]N'N$kingal
kinkin[miller//miller]N'N$kinkin
kiŋ[fish//a fish]N'N$kiŋ
kiŋ[work//work]N'N$kiŋ
kiŋ[work//work]N'N$kiŋ,bi
ki[place//place]N'N$ki
ki[place//place]N'N$ki,a
ki[place//place]N'N$ki,ani
ki[place//place]N'N$ki,bi.a
kiri[orchard//(fruit) plantation, orchard]N'N$kiri
kir[lamb//female lamb]N'N$kir
kisikik[textile worker//textile worker]N'N$kisikik
kisikik[textile worker//textile worker]N'N$kisikik,ak.am
kisikik[textile worker//textile worker]N'N$kisikik,meš
kisur[locus//threshing floor]N'N$kisur
kišutag[locus//a cultic place]N'N$kišutag,ak
kitum[burial//grave]N'N$kitum,ak
kiʾanaŋ[locus//a place of libations to the dead]N'N$kiʾanaŋ
kiʾutu[locus//a cultic location]N'N$kiʾutu
kud[fish//fish]N'N$kud
kugbabbar[silver//silver]N'N$kugbabbar
kugdim[smith//gold or silver smith]N'N$kugdim
kugdim[smith//gold or silver smith]N'N$kugdim,ak.am
kugdim[smith//gold or silver smith]N'N$kugdim,meš
kugdim[smith//gold or silver smith]N'N$kugdim,ra
kug[metal//metal, silver]N'N$kug
kug[metal//metal, silver]N'N$kug,eše
kunga[equid//an equid, probably a donkey-onager cross]N'N$kunga
kuŋ[stair//stair(case)]N'N$kuŋ
kurru[an occupation//an occupation]N'N$kurru
kur[unit//a unit of capacity]N'N$kur
kurušda[fattener//animal fattener]N'N$kurušda
kurušda[fattener//animal fattener]N'N$kurušda,ak.am
kurušda[fattener//animal fattener]N'N$kurušda,da
kurušda[fattener//animal fattener]N'N$kurušda,e
kurušda[fattener//animal fattener]N'N$kurušda,ra
kuš[official//a high official]N'N$kuš
kuš[official//a high official]N'N$kuš,ak.am
kuš[skin//skin, hide]N'N$kuš
kuš[unit//a unit of length]N'N$kuš
LAK779[a plow//a plow]N'N$LAK779
laʾu[arrears//arrears]N'N$laʾu
laʾu[arrears//arrears]N'N$laʾu,am
ludubak[official//official]N'N$ludubak
luduna[ward//ward, dependent]N'N$luduna
lugal[king//king]N'N$lugal
lugal[king//king]N'N$lugal,a
lugal[king//king]N'N$lugal,e
lugal[king//king]N'N$lugal,ŋu
lugal[king//king]N'N$lugal,ŋu.ak
luhu[profession//a profession]N'N$luhu
lukisal[profession//a courtyard worker]N'N$lukisal
lukiʾinimak[witness//witness]N'N$lukiʾinimak
lukiʾinimak[witness//witness]N'N$lukiʾinimak,am
lukiʾinimak[witness//witness]N'N$lukiʾinimak,bi
lukiʾinimak[witness//witness]N'N$lukiʾinimak,bi.meš
lukiʾinimak[witness//witness]N'N$lukiʾinimak,me
lukur[priestess//a priestess]N'N$lukur
lulgu[restitution//restitution]N'N$lulgu
lumah[priest//a priest]N'N$lumah
lumaʾaddir[ferryman//ferryman]N'N$lumaʾaddir
lungak[brewer//brewer]N'N$lungak
lungak[brewer//brewer]N'N$lungak,ak
lungak[brewer//brewer]N'N$lungak,ak.am
lungak[brewer//brewer]N'N$lungak,da
lungak[brewer//brewer]N'N$lungak,e
lungak[brewer//brewer]N'N$lungak,me
lungak[brewer//brewer]N'N$lungak,meš
lungak[brewer//brewer]N'N$lungak,ra
luniŋaŋ[profession//a profession, measurer?]N'N$luniŋaŋ
lunisiga[profession//a gardener?]N'N$lunisiga
lunisiga[profession//a gardener?]N'N$lunisiga,ak
lunisiga[profession//a gardener?]N'N$lunisiga,ra
luŋešgid[profession//profession]N'N$luŋešgid
lu[person//person]N'N$lu
lu[person//person]N'N$lu,ani
lu[person//person]N'N$lu,bi.e
lušuluha[official//an official in charge of purification rites]N'N$lušuluha
lutik[arrowsmith//arrowsmith]N'N$lutik
luʾakum[functionary//one who heats water?]N'N$luʾakum
luʾakum[functionary//one who heats water?]N'N$luʾakum,me
luʾešgid[surveyor//surveyor]N'N$luʾešgid
luʾešgid[surveyor//surveyor]N'N$luʾešgid,ak.ak
luʾešgid[surveyor//surveyor]N'N$luʾešgid,ak.e
luʾiginiŋin[a social status//a social status]N'N$luʾiginiŋin
luʾiginiŋin[a social status//a social status]N'N$luʾiginiŋin,ak.meš
luʾiginiŋin[a social status//a social status]N'N$luʾiginiŋin,meš
luʾiginiŋin[a social status//a social status]N'N$luʾiginiŋin,ra
luʾinimak[witness//witness]N'N$luʾinimak,bi.e.meš
luʾumumak[profession//a profession]N'N$luʾumumak,meš
luʾu[rider//rider]N'N$luʾu
luʾu[rider//rider]N'N$luʾu,ak.e
ma₂.DUN₃@g[caulker//caulker]N'N$ma₂.DUN₃@g
ma₂.DUN₃@g[caulker//caulker]N'N$ma₂.DUN₃@g,da
ma₂.DUN₃@g[caulker//caulker]N'N$ma₂.DUN₃@g,ra
magur[barge//barge]N'N$magur
magursi[profession//a profession]N'N$magursi
malahgal[official//chief manager of river traffic]N'N$malahgal
malah[sailor//sailor]N'N$malah
malah[sailor//sailor]N'N$malah,da
malah[sailor//sailor]N'N$malah,me
malah[sailor//sailor]N'N$malah,ra
mana[unit//a unit of weight, mina]N'N$mana
mar[wagon//wagon]N'N$mar
mar[wagon//wagon]N'N$mar,da
mašda[gazelle//gazelle]N'N$mašda
mašdarea[payment//a payment]N'N$mašdarea
maš[goat//goat]N'N$maš
maš[goat//goat]N'N$maš,a
ma[ship//ship, boat]N'N$ma
ma[ship//ship, boat]N'N$ma,ani
maš[interest//interest (on a loan)]N'N$maš
maškim[administrator//an administrator, an administrative position, bailiff]N'N$maškim
maškim[administrator//an administrator, an administrative position, bailiff]N'N$maškim,bi
mašmaš[sorcerer//sorcerer, incantation priest, exorcist]N'N$mašmaš
mašnita[goat//male goat]N'N$mašnita
maš[plant//a plant]N'N$maš
mašsaŋ[leader//leader]N'N$mašsaŋ
maššugidgid[diviner//diviner]N'N$maššugidgid,ak
min[two//two]NU'NU$min
min[two//two]NU'NU$min,ani
mud[jar//beer jar]N'N$mud
mu.DU[delivery//delivery]N'N$mu.DU
muhaldim[cook//cook]N'N$muhaldim
muhaldim[cook//cook]N'N$muhaldim,eše
muhaldim[cook//cook]N'N$muhaldim,me
muhaldim[cook//cook]N'N$muhaldim,ra
mun[salt//salt]N'N$mun
munsub[shepherd//shepherd, herdsman]N'N$munsub
munukaz[profession//a profession]N'N$munukaz
munu[malt//malt]N'N$munu
munumud[maltster//maltster]N'N$munumud
munumud[maltster//maltster]N'N$munumud,e
munumud[maltster//maltster]N'N$munumud,me
munu[profession//a profession]N'N$munu
munus[woman//female]N'AJ$munus
munus[woman//woman]N'N$munus
munus[woman//woman]N'N$munus,am
munus[woman//woman]N'N$munus,me
murub[middle//middle]N'N$murub,ak
mušendal[bird-catcher//bird catcher]N'N$mušendal
mušendal[bird-catcher//profession]N'N$mušendal
mušendal[bird-catcher//profession]N'N$mušendal,ak.am
mušendal[bird-catcher//profession]N'N$mušendal,da
mušendal[bird-catcher//profession]N'N$mušendal,e
mušendal[bird-catcher//profession]N'N$mušendal,me
mušendu[bird-catcher//bird-catcher, fowler]N'N$mušendu
mušendu[bird-catcher//bird-catcher, fowler]N'N$mušendu,me
mušlah[charmer//snake charmer]N'N$mušlah
mušme[face//a profession]N'N$mušme
mussa[in-law//son-in-law]N'N$mussa
mu[year//year]N'N$mu
mu[year//year]N'N$mu,da
na[cvne//(compound verb nominal element)]N'N$na
nagada[herdsman//herdsman]N'N$nagada
nagada[herdsman//herdsman]N'N$nagada,bi
nagar[carpenter//carpenter]N'N$nagar
nagar[carpenter//carpenter]N'N$nagar,ak
nagar[carpenter//carpenter]N'N$nagar,e
nagar[carpenter//carpenter]N'N$nagar,ene
nagar[carpenter//carpenter]N'N$nagar,me
nagargal[carpenter//head carpenter]N'N$nagargal
nam[administrative//administrative term for absent figure]N'N$nam
namdam[marriage//marriage]N'N$namdam,ak.e
namdumu[status//collective (royal) offspring]N'N$namdumu
namgu[oppression//oppression]N'N$namgu,eše
namlugal[kingship//kingship]N'N$namlugal
nammah[greatness//greatness]N'N$nammah
namtil[life//life]N'N$namtil,ani.eše
naŋasiʾe[plant//a plant]N'N$naŋasiʾe
nargal[musician//chief musician]N'N$nargal
nar[musician//musician]N'N$nar
nar[musician//musician]N'N$nar,ak.ak
nar[musician//musician]N'N$nar,am
nar[musician//musician]N'N$nar,da
nar[musician//musician]N'N$nar,meš
na[stone//stone weight]N'N$na
nesaŋ[offering//first-fruit offering]N'N$nesaŋ,bi
nindaba[offering//(food) offering]N'N$nindaba
ninda[bread//bread]N'N$ninda
ninda.IL₂[profession//a profession]N'N$ninda.IL₂
nindakuma[~beer//an ingredient in beer-making]N'N$nindakuma
nindan[pole//a unit of length]N'N$nindan
nindaŋir[bread//a bread]N'N$nindaŋir
ninda[seed-funnel//seed-funnel]N'N$ninda
nin[lady//lady]N'N$nin
nin[sister//sister]N'N$nin
nin[sister//sister]N'N$nin,ani
niŋ₂.DIN[a profession//a profession]N'N$niŋ₂.DIN
niŋara[groats//groats]N'N$niŋara
niŋba[gift//gift]N'N$niŋba
niŋba[gift//gift]N'N$niŋba,eše
niŋbanda[unit//a unit of measurement]N'N$niŋbanda
niŋdundu[garment//a garment]N'N$niŋdundu
niŋduʾa[string//a string of fruit]N'N$niŋduʾa
niŋenak[property//a type of (landed) property]N'N$niŋenak
niŋgur[property//property]N'N$niŋgur
niŋirgal[herald//chief herald]N'N$niŋirgal
niŋir[herald//herald]N'N$niŋir
niŋir[herald//herald]N'N$niŋir,ak.e
niŋir[herald//herald]N'N$niŋir,bi
niŋir[herald//herald]N'N$niŋir,e
niŋir[herald//herald]N'N$niŋir,me
niŋirmah[chief herald//chief herald]N'N$niŋirmah
niŋirsi[friend//(bridegroom's) friend]N'N$niŋirsi
niŋkas[account//account]N'N$niŋkas
niŋkas[account//account]N'N$niŋkas,ak
niŋkas[account//account]N'N$niŋkas,bi
niŋlam[garment//a garment]N'N$niŋlam
niŋsam[price//price]N'N$niŋsam
niŋsam[price//price]N'N$niŋsam,bi
niŋsaŋkešed[headband//a headband]N'N$niŋsaŋkešed
niŋšu[goods//disposal]N'N$niŋšu,eše
niŋšuk[chariot//chariot]N'N$niŋšuk
niŋ[thing//thing, possession]N'N$niŋ
niŋ[thing//thing, possession]N'N$niŋ,ŋu.ak
niŋzuha[stolen goods//stolen goods]N'N$niŋzuha
nita[male//male]N'N$nita
nita[male//male]N'N$nita,am
nita[male//male]N'N$nita,me
nubanda[overseer//overseer, captain]N'N$nubanda
nubanda[overseer//overseer, captain]N'N$nubanda,ak.am
nubanda[overseer//overseer, captain]N'N$nubanda,ak.eL
nubanda[overseer//overseer, captain]N'N$nubanda,bi
nubanda[overseer//overseer, captain]N'N$nubanda,ra
nugig[priestess//a priestess]N'N$nugig
nukirik[gardener//gardener, horticulturalist]N'N$nukirik
nukirik[gardener//gardener, horticulturalist]N'N$nukirik,ak
nukirik[gardener//gardener, horticulturalist]N'N$nukirik,ak.am
nukirik[gardener//gardener, horticulturalist]N'N$nukirik,ak.ta
nukirik[gardener//gardener, horticulturalist]N'N$nukirik,am
nukirik[gardener//gardener, horticulturalist]N'N$nukirik,da
nukirik[gardener//gardener, horticulturalist]N'N$nukirik,e
nukirik[gardener//gardener, horticulturalist]N'N$nukirik,ene
nukirik[gardener//gardener, horticulturalist]N'N$nukirik,eše
nukirik[gardener//gardener, horticulturalist]N'N$nukirik,meš
nukirik[gardener//gardener, horticulturalist]N'N$nukirik,ra
numunkuš[widow//widow]N'N$numunkuš
numunkuš[widow//widow]N'N$numunkuš,am
numun[seed//seed]N'N$numun
NUNUZ.KISIM₅×LU₃.PAP.PAP[foodstuff//a foodstuff]N'N$NUNUZ.KISIM₅×LU₃.PAP.PAP,eše
NUNUZ.KISIM₅×LU₃.PAP.PAP[profession//a profession]N'N$NUNUZ.KISIM₅×LU₃.PAP.PAP,me
nusiki[orphan//orphan]N'N$nusiki
nusiki[orphan//orphan]N'N$nusiki,ak.am
nusiki[orphan//orphan]N'N$nusiki,da
nusiki[orphan//orphan]N'N$nusiki,me
nuʾešak[priest//a priest]N'N$nuʾešak
nuʾešak[priest//a priest]N'N$nuʾešak,ra
ŋa[house//house]N'N$ŋa
ŋal[cvne//(compound verb nominal element)]N'N$ŋal
ŋanun[storehouse//storehouse]N'N$ŋanun
ŋanun[storehouse//storehouse]N'N$ŋanun,ak
ŋešgi[thicket//reed thicket]N'N$ŋešgi
ŋeškiŋti[workshop//craft workshop]N'N$ŋeškiŋti
ŋešnimbar[palm//date-palm]N'N$ŋešnimbar
ŋeštin[vine//grapes]N'N$ŋeštin
ŋeštin[vine//vine, grapevine]N'N$ŋeštin
ŋeš[tree//tree]N'N$ŋeš
ŋeš[tree//tree]N'N$ŋeš,a
ŋeštug[ear//ear]N'N$ŋeštug,ani
ŋiriŋena[path//path, travel]N'N$ŋiriŋena,a
ŋuruš[male//young adult male, able-bodied male worker, semi-free male worker]N'N$ŋuruš
ŋurušmin[~worker//a kind of worker]N'N$ŋurušmin
PA.A[unmng//(unknown meaning)]N'N$PA.A
pakud[~tree//stave]N'N$pakud
pana[bow//bow]N'N$pana
PAP[a notation//a notation]N'N$PAP
pap[relation//relation]N'N$pap
par[canal//(small) canal, irrigation ditch]N'N$par
par[canal//(small) canal, irrigation ditch]N'N$par,ak.am
pašeš[priest//a priest]N'N$pašeš
peš[fig//fig]N'N$peš
rulugalak[worker//a worker]N'N$rulugalak,me
šabra[administrator//chief administrator of a temple or other household]N'N$šabra
sa[bundle//bundle]N'N$sa
sa[bundle//reed-bundle]N'N$sa
sadug[offerings//regular temple offerings]N'N$sadug
sadug[offerings//regular temple offerings]N'N$sadug,ta.am
sagaz[robber//robber, murderer]N'N$sagaz
šagdug[~animals//a qualification of children and domestic animals]N'N$šagdug
SAG×HA[a profession//a profession]N'N$SAG×HA
šag[heart//heart]N'N$šag
šag[heart//heart]N'N$šag,bi
šag[heart//heart]N'N$šag,bi.ta
šagia[cup-bearer//cup-bearer]N'N$šagia
šagia[cup-bearer//cup-bearer]N'N$šagia,ak.ene
šagia[cup-bearer//cup-bearer]N'N$šagia,me
šagia[cup-bearer//cup-bearer]N'N$šagia,meš
šagiagal[cup-bearer//chief cup-bearer]N'N$šagiagal
šagiamah[cup-bearer//chief cup-bearer]N'N$šagiamah
SAG.TAR[a profession//a profession]N'N$SAG.TAR
šah[pig//pig]N'N$šah
sam[price//purchase price]N'N$sam
sam[price//purchase price]N'N$sam,ani
santanak[gardener//chief gardener]N'N$santanak,ak
šaŋan[flask//a flask]N'N$šaŋan
šaŋankeš[official//an official]N'N$šaŋankeš
saŋapinak[plowman//plowman]N'N$saŋapinak
saŋapinak[plowman//plowman]N'N$saŋapinak,ak
saŋapinak[plowman//plowman]N'N$saŋapinak,ak.am
saŋapinak[plowman//plowman]N'N$saŋapinak,e
saŋapinak[plowman//plowman]N'N$saŋapinak,ene
saŋapinak[plowman//plowman]N'N$saŋapinak,me
saŋapinak[plowman//plowman]N'N$saŋapinak,meš
saŋapinak[plowman//plowman]N'N$saŋapinak,ra
saŋapin[~plow//plow beam]N'N$saŋapin
saŋa[priest//a priest]N'N$saŋa
saŋdub[laborer//high-quality laborer]N'N$saŋdub,me
saŋ.DUN₃[recorder//land recorder]N'N$saŋ.DUN₃
saŋ.DUN₃[recorder//land recorder]N'N$saŋ.DUN₃,ak.ak
saŋ.DUN₃[recorder//land recorder]N'N$saŋ.DUN₃,ak.am
saŋ.DUN₃[recorder//land recorder]N'N$saŋ.DUN₃,ak.e
saŋ.DUN₃[recorder//land recorder]N'N$saŋ.DUN₃,ak.me.ak
saŋ.DUN₃[recorder//land recorder]N'N$saŋ.DUN₃,me
saŋ[head//head]N'N$saŋ
saŋ[head//head]N'N$saŋ,me
saŋkešed[fish//a fish]N'N$saŋkešed
saŋkešed[strap//a strap]N'N$saŋkešed
saŋkešed[strap//loop, string]N'N$saŋkešed
saŋŋa[official//an official, the chief administrator of a temple household]N'N$saŋŋa
saŋŋa[official//an official, the chief administrator of a temple household]N'N$saŋŋa,ak.am
saŋŋa[official//an official, the chief administrator of a temple household]N'N$saŋŋa,bida.ak.am
saŋŋa[official//an official, the chief administrator of a temple household]N'N$saŋŋa,ta
sar[garden//garden]N'N$sar
šeba[ration//grain-ration]N'N$šeba
še[barley//barley]N'N$še
še[barley//barley]N'N$še,bi
šeg[brick//brick, mudbrick]N'N$šeg
šenumun[seed//seed barley]N'N$šenumun
šeŋar[supply//barley supply]N'N$šeŋar
šeš[brother//brother]N'N$šeš
šeš[brother//brother]N'N$šeš,ani
šeš[brother//brother]N'N$šeš,ani.meš
šeš[brother//brother]N'N$šeš,ene
šeš[brother//brother]N'N$šeš,me
šeš[brother//brother]N'N$šeš,ŋu
šešgal[relation//a kinship term, relation]N'N$šešgal
šešib[official//official]N'N$šešib
šidim[builder//builder, architect]N'N$šidim
šidim[builder//builder, architect]N'N$šidim,ra
šidimgal[builder//chief builder]N'N$šidimgal
si[horn//horn]N'N$si
siki[hair//hair]N'N$siki
siki[hair//wool, fleece]N'N$siki
siki[hair//wool, fleece]N'N$siki,anene
sila[lamb//lamb]N'N$sila
sila[street//street]N'N$sila
sila[unit//a unit of capacity]N'N$sila
šimgamgama[aromatics//ingredient for perfume, terebinth?]N'N$šimgamgama
simuggal[smith//chief smith]N'N$simuggal
simug[smith//smith, metalworker]N'N$simug
simug[smith//smith, metalworker]N'N$simug,me
siŋar[bolt//bolt, clamp]N'N$siŋar
sipad[shepherd//shepherd]N'N$sipad
sipad[shepherd//shepherd]N'N$sipad,ak
sipad[shepherd//shepherd]N'N$sipad,ak.am
sipad[shepherd//shepherd]N'N$sipad,bi
sipad[shepherd//shepherd]N'N$sipad,e
sipad[shepherd//shepherd]N'N$sipad,meš
sipad[shepherd//shepherd]N'N$sipad,ra
sipad[shepherd//shepherd]N'N$sipad,ta
ŠIR[~person//a qualification of persons]N'N$ŠIR,ak
sišunu[creature//a sea creature]N'N$sišunu
šita[priest//a priest]N'N$šita
subur[slave//slave, servant]N'N$subur
šudua[guarantee//guarantee]N'N$šudua
šudua[guarantee//guarantee]N'N$šudua,ani
šudua[unit//a unit of length]N'N$šudua
šudul[yoke//yoke, crossbeam]N'N$šudul
šu[hand//hand]N'N$šu
šu[hand//hand]N'N$šu,a
šu[hand//hand]N'N$šu,ani
šu[hand//hand]N'N$šu,ani.a
šukara[tool//tool, implement, utensil]N'N$šukara
sukkalmah[official//an official]N'N$sukkalmah
sukkal[secretary//secretary, civil servant]N'N$sukkal
sukkal[secretary//secretary, civil servant]N'N$sukkal,ak
sukkal[secretary//secretary, civil servant]N'N$sukkal,da
sukkal[secretary//secretary, civil servant]N'N$sukkal,e
sukkal[secretary//secretary, civil servant]N'N$sukkal,me
šukud[fisherman//fisherman]N'N$šukud
šukud[fisherman//fisherman]N'N$šukud,ak.am
šukud[fisherman//fisherman]N'N$šukud,e
šukud[fisherman//fisherman]N'N$šukud,me
šukur[ration//food allocation, ration]N'N$šukur
šukur[ration//food allocation, ration]N'N$šukur,am
šukur[ration//food allocation, ration]N'N$šukur,bi
šukur[ration//food allocation, ration]N'N$šukur,eše
sula[~land//a type of tenancy]N'N$sula
sumaš[fish//an oceanic fish]N'N$sumaš
šum[garlic//garlic]N'N$šum
šumme[saw//saw]N'N$šumme
šumsi[commodity//a commodity]N'N$šumsi
šuniŋin[total//total, sum]N'N$šuniŋin
šuniŋin[total//total, sum]N'N$šuniŋin,bi
šuniŋin[total//total, sum]N'N$šuniŋin,bi.e
sur[bread//a bread]N'N$sur
sursur[winnower//winnower]N'N$sursur
susig[flayer//animal flayer]N'N$susig
susig[flayer//animal flayer]N'N$susig,ra
šu[totality//totality, world]N'N$šu
šuʾi[barber//barber]N'N$šuʾi
šuʾi[barber//barber]N'N$šuʾi,ak.am
šuʾi[barber//barber]N'N$šuʾi,am
šuʾi[barber//barber]N'N$šuʾi,me
šuʾura[goose//a clipped goose]N'N$šuʾura
taba[companion//companion]N'N$taba,am
TAK₄.ALAN[craftsman//sculptor]N'N$TAK₄.ALAN
tar[fish//a fish]N'N$tar
taškarin[boxwood//box tree, boxwood]N'N$taškarin
tibira[sculptor//sculptor]N'N$tibira
tir[forester//forester]N'N$tir
tir[forester//forester]N'N$tir,ak.e
tir[forester//forester]N'N$tir,meš
tir[forest//forest, wood]N'N$tir
tugdua[felt//felt]N'N$tugdua,ak.e
tugdu[felter//felter]N'N$tugdu
tugdu[felter//felter]N'N$tugdu,e
tugdu[felter//felter]N'N$tugdu,me
tugdugal[felter//felter]N'N$tugdugal
tugkad[a profession//a profession]N'N$tugkad
tug[textile//textile, garment]N'N$tug
tulsaŋ[excavation//excavation]N'N$tulsaŋ
tulubum[tree//Oriental plane tree]N'N$tulubum
U₂[cloth//an article of clothing]N'N$U₂
u[admiration//admiration]N'N$u,e
ua[provisioner//provisioner]N'N$ua
ubi[bird//a bird]N'N$ubi
ubi[fish//a carp]N'N$ubi
ubila[charcoal//charcoal wood]N'N$ubila
ubila[charcoal//charcoal wood]N'N$ubila,am
ubil[profession//charcoal burner]N'N$ubil
ubil[profession//charcoal burner]N'N$ubil,am
ubil[profession//charcoal burner]N'N$ubil,ani
ubil[profession//charcoal burner]N'N$ubil,me
uddatuš[jester//jester]N'N$uddatuš
ud[sun//day]N'N$ud
ud[sun//sun]N'N$ud
udul[herdsman//chief herdsman]N'N$udul
udul[herdsman//chief herdsman]N'N$udul,e
udunita[ram//ram]N'N$udunita
udu[sheep//sheep]N'N$udu
udu[sheep//sheep]N'N$udu,ak
udu[sheep//sheep]N'N$udu,ak.am
udu[sheep//sheep]N'N$udu,eše
udzala[~night//third watch of the night]N'N$udzala,meš
u[ewe//sheep, ewe]N'N$u
u[grass//grass, herb]N'N$u
ugula[overseer//overseer, foreman, supervisor]N'N$ugula
ugula[overseer//overseer, foreman, supervisor]N'N$ugula,ak.am
ugula[overseer//overseer, foreman, supervisor]N'N$ugula,ani
ugula[overseer//overseer, foreman, supervisor]N'N$ugula,bi
ugula[overseer//overseer, foreman, supervisor]N'N$ugula,bi.e
ugula[overseer//overseer, foreman, supervisor]N'N$ugula,me
ugulaʾek[overseer//estate overseer]N'N$ugulaʾek
ukul[profession//a profession]N'N$ukul
u[land//a type of land]N'N$u
uludid[wailer//wailer]N'N$uludid
umbin[nail//a cutting implement]N'N$umbin
umma[old woman//old woman]N'N$umma,me
ummia[expert//expert]N'N$ummia
UN.IL₂[menial//a menial]N'N$UN.IL₂
unud[cowherd//cowherd, cattle herder]N'N$unud
unud[cowherd//cowherd, cattle herder]N'N$unud,ak
unud[cowherd//cowherd, cattle herder]N'N$unud,ak.am
unud[cowherd//cowherd, cattle herder]N'N$unud,e
unud[cowherd//cowherd, cattle herder]N'N$unud,me
unud[cowherd//cowherd, cattle herder]N'N$unud,ra
ura[loan//interest-bearing loan]N'N$ura
ura[loan//interest-bearing loan]N'N$ura,eše
ur[dog//dog]N'N$ur
ur[dog//dog]N'N$ur,zu.ak.ra
ur[root//root, trunk]N'N$ur
ur[root//root, trunk]N'N$ur,ani
ursaŋ[hero//warrior, hero]N'N$ursaŋ
urud[copper//copper]N'N$urud
uruh[priest//a priest who performs funerary rites]N'N$uruh
urum[property//property]N'N$urum
urur[functionary//cultic person]N'N$urur
ušbar[weaver//weaver]N'N$ušbar
ušbar[weaver//weaver]N'N$ušbar,eše
us[side//side, edge]N'N$us
us[side//side, edge]N'N$us,bi
usuh[tree//a tree, pine]N'N$usuh
utul[tureen//tureen, large bowl]N'N$utul
utul[tureen//tureen, large bowl]N'N$utul,e
utul[tureen//tureen, large bowl]N'N$utul,ra
utuwa[ram//ram, stud]N'N$utuwa
uz[duck//wild duck]N'N$uz
uzga[priest//a priest]N'N$uzga
uzud[goat//(female) goat]N'N$uzud
zabar[bronze//bronze]N'N$zabar
zadim[stone-cutter//stone-cutter]N'N$zadim
zag[measure//a measure of fish]N'N$zag
zagmuk[new year//new year]N'N$zagmuk
zag[side//side]N'N$zag
zag[side//side]N'N$zag,bi
zagta[all//all]N'N$zagta,anene.ak.am
zena[midrib//midrib of date-palm frond]N'N$zena
zid[flour//flour]N'N$zid
zidgu[flour//a type of flour]N'N$zidgu
zidsig[flour//a type of flour]N'N$zidsig
zipah[unit//a unit of length, hand-span, half-cubit]N'N$zipah
ziz[emmer//emmer wheat]N'N$ziz
zulum[date//the fruit of the date-palm, dried date]N'N$zulum
ZUM[unmng//(unknown meaning)]N'N$ZUM
zurzur[official//animal keeper?]N'N$zurzur
zurzur[official//animal keeper?]N'N$zurzur,ak.ak.am
