abala[water drawer]N
abba[father]N
ab[cow]N
adda[father]N
ad.KID[weaver]N
agaʾus[soldier]N
agrig[steward]N
aguba[holy water]N
aktum[garment]N
amagal[grandmother]N
amargi[reversion]N
anše[equid]N
arad[slave]N
ar[praise]N
ašag[field]N
ašgab[leatherworker]N
azag[taboo]N
azlag[fuller]N
azlaggal[fuller]N
azu[doctor]N
ba[animal]N
bahar[potter]N
banšur[table]N
bappir[~beer]N
bardul[garment]N
bisaŋ[basket]N
bisaŋdubak[archivist]N
bur[bowl]N
bur[garment]N
dabin[semolina]N
damgar[merchant]N
dam[spouse]N
dim[post]N
diŋir[deity]N
dubsarmah[official]N
dubsar[scribe]N
dud[mound]N
dug[pot]N
dumu[child]N
dumugir[citizen]N
dumumunus[daughter]N
dumunita[son]N
du[platform]N
dusu[equid]N
egal[palace]N
e[house]N
ekišibak[storeroom]N
emebala[translator]N
emeda[nursemaid]N
en[cvne]N
endu[song]N
engar[farmer]N
enkud[tax-collector]N
ennuŋ[imprisonment]N
en[priest]N
ensikgal[steward]N
ensik[ruler]N
erin[people]N
ešeš[festival]N
ešla[band]N
eš[rope]N
gada[flax]N
gag[nail]N
gala[singer]N
gara[cream]N
geme[worker]N
gigir[chariot]N
giŋ[unit]N
gir[jar]N
gu[cord]N
gud[ox]N
gudug[priest]N
gu[neck]N
gun[load]N
gu[~person]N
gurdub[basket]N
gurgur[vessel]N
gurum[inspection]N
gur[unit]N
guza[chair]N
guzala[official]N
guʾe[textile]N
habuda[hoe]N
har[ring]N
hašhur[apple]N
heʾam[so be it]N
id[river]N
igi[face]N
iginudu[blind]N
iku[unit]N
inim[word]N
i[oil]N
irara[oil-presser]N
išib[priest]N
itud[moon]N
kaguruk[supervisor]N
kaš[beer]N
kaš[runner]N
kib[wheat]N
kiŋ[work]N
ki[place]N
kišib[seal]N
kiʾanaŋ[locus]N
kud[fish]N
kugdim[smith]N
kugla[silver weigher]N
kug[metal]N
kugsig[gold]N
kurušda[fattener]N
kuš[official]N
kuš[skin]N
kuʾabak[fish]N
ludubak[official]N
lugal[king]N
lugigirak[charioteer]N
lungak[brewer]N
lu[person]N
luzah[fugitive]N
luʾešgid[surveyor]N
luʾurak[profession]N
magalgal[profession]N
malah[sailor]N
mana[unit]N
marsa[shipyard]N
MAR.TU[westerner]N
masab[basket]N
mašda[gazelle]N
mašgal[goat]N
maš[goat]N
ma[ship]N
maš[interest]N
maškim[administrator]N
min[two]NU
mu.DU[delivery]N
muhaldim[cook]N
mu[name]N
munsub[shepherd]N
munus[woman]N
musara[inscription]N
mušendu[bird-catcher]N
mussa[in-law]N
mu[year]N
nagada[herdsman]N
nagar[carpenter]N
namarad[slavery]N
namgaʾeš[trade]N
nammah[greatness]N
nammaškim[office]N
nar[musician]N
ninda[bread]N
nindan[pole]N
nin[lady]N
niŋki[herd]N
niŋlam[garment]N
niŋŋala[possessions]N
niŋŋeštug[earring]N
nita[male]N
nubanda[overseer]N
nukirik[gardener]N
nunuz[egg]N
ŋanun[storehouse]N
ŋiri[dagger]N
ŋiri[foot]N
ŋirigub[footstool]N
ŋirsiga[attendant]N
ŋuruš[male]N
pana[bow]N
pu[orchard]N
ragaba[rider]N
šabra[administrator]N
šabraʾek[administrator]N
sadug[offerings]N
šag[heart]N
šagia[cup-bearer]N
šah[pig]N
šakkanak[general]N
sam[price]N
santanak[gardener]N
šaŋan[flask]N
saŋ.DUN₃[recorder]N
saŋ[head]N
saŋmunus[woman]N
saŋnita[man]N
saŋŋa[official]N
sa[sinew]N
še[barley]N
šeg[brick]N
šen[cauldron]N
šerim[~loom]N
šeš[brother]N
šešgal[relation]N
šidim[builder]N
siki[hair]N
sila[lamb]N
sila[street]N
sila[unit]N
simug[smith]N
sipad[shepherd]N
šudua[guarantee]N
šuguru[~dates]N
šu[hand]N
suhur[carp]N
sukkalmah[official]N
sukkal[secretary]N
šukud[fisherman]N
sul[meat]N
šuniŋin[circular]N
šuniŋin[total]N
šuʾi[barber]N
tibira[sculptor]N
tugdua[felt]N
tugdu[felter]N
tug[textile]N
tu[soup]N
ud[sun]N
udugal[sheep]N
udunita[ram]N
udu[sheep]N
u[ewe]N
ugula[overseer]N
unadug[letter]N
UN.IL₂[menial]N
unud[cowherd]N
ura[loan]N
ur[dog]N
uzud[goat]N
uzu[flesh]N
zadim[stone-cutter]N
zagmuk[new year]N
zid[flour]N
zidgu[flour]N
zidsig[flour]N
ziga[expenditure]N
ziz[emmer]N
zulum[date]N
