abala[water drawer//water drawer]N'N$abala
abba[father//elder]N'N$abba
ab[cow//cow]N'N$ab
adda[father//father]N'N$adda
ad.KID[weaver//basket weaver]N'N$ad.KID
agaʾus[soldier//a professional soldier]N'N$agaʾus
agrig[steward//steward, housekeeper]N'N$agrig
aguba[holy water//holy water]N'N$aguba
aktum[garment//a garment]N'N$aktum
amagal[grandmother//grandmother]N'N$amagal
amargi[reversion//reversion to a previous state]N'N$amargi
anše[equid//equid, donkey]N'N$anše
arad[slave//slave, servant]N'N$arad
arad[slave//slave, servant]N'N$arad,meš
ar[praise//(hymn of) praise]N'N$ar,am
ašag[field//field]N'N$ašag
ašgab[leatherworker//leatherworker]N'N$ašgab
ašgab[leatherworker//leatherworker]N'N$ašgab,meš
azag[taboo//taboo, forbidden thing]N'N$azag
azlag[fuller//fuller]N'N$azlag
azlaggal[fuller//chief fuller]N'N$azlaggal
azu[doctor//doctor]N'N$azu
ba[animal//a marine creature?]N'N$ba
bahar[potter//potter]N'N$bahar
banšur[table//table]N'N$banšur
bappir[~beer//an ingredient in beer-making]N'N$bappir
bardul[garment//full-body garment]N'N$bardul
bisaŋ[basket//basket]N'N$bisaŋ
bisaŋdubak[archivist//archivist]N'N$bisaŋdubak
bur[bowl//(stone) bowl]N'N$bur
bur[bowl//(stone) bowl]N'N$bur,ak
bur[garment//a garment]N'N$bur
dabin[semolina//semolina, barley grits]N'N$dabin
damgar[merchant//merchant, trader]N'N$damgar
damgar[merchant//merchant, trader]N'N$damgar,meš
dam[spouse//spouse]N'N$dam
dim[post//post, pillar, pole, mast]N'N$dim
diŋir[deity//deity, god, goddess]N'N$diŋir,ŋu.a
dubsarmah[official//an official]N'N$dubsarmah
dubsar[scribe//scribe]N'N$dubsar
dubsar[scribe//scribe]N'N$dubsar,ak
dubsar[scribe//scribe]N'N$dubsar,e
dud[mound//(ruin) mound]N'N$dud
dug[pot//(clay) pot]N'N$dug
dumu[child//child, son, daughter]N'N$dumu
dumu[child//child, son, daughter]N'N$dumu,ani
dumu[child//child, son, daughter]N'N$dumu,ani.ak
dumu[child//child, son, daughter]N'N$dumu,ani.meš
dumugir[citizen//citizen]N'N$dumugir,meš
dumumunus[daughter//daughter]N'N$dumumunus,ani
dumumunus[daughter//daughter]N'N$dumumunus,meš
dumunita[son//son]N'N$dumunita,meš
du[platform//throne platform for a deity]N'N$du,ak
dusu[equid//donkey]N'N$dusu
egal[palace//palace]N'N$egal
egal[palace//palace]N'N$egal,ak
e[house//house]N'N$e
e[house//house]N'N$e,a
e[house//house]N'N$e,ta
ekišibak[storeroom//storeroom for sealed commodities]N'N$ekišibak,ak
emebala[translator//translator]N'N$emebala
emeda[nursemaid//nursemaid]N'N$emeda
en[cvne//(compound verb nominal element)]N'N$en,bi
endu[song//a song]N'N$endu
engar[farmer//farmer]N'N$engar
enkud[tax-collector//tax-collector]N'N$enkud
enkud[tax-collector//tax-collector]N'N$enkud,meš
ennuŋ[imprisonment//imprisonment]N'N$ennuŋ
en[priest//a priest, priestess]N'N$en
ensikgal[steward//chief steward]N'N$ensikgal
ensik[ruler//governor]N'N$ensik,ra
ensik[ruler//ruler]N'N$ensik
ensik[ruler//ruler]N'N$ensik,ta
erin[people//people]N'N$erin
ešeš[festival//festival]N'N$ešeš,eše
ešla[band//band, belt]N'N$ešla
eš[rope//rope, thong, string]N'N$eš
gada[flax//flax]N'N$gada
gag[nail//nail, peg, point, stud]N'N$gag
gala[singer//lamentation singer]N'N$gala
gala[singer//lamentation singer]N'N$gala,eše
gara[cream//cream]N'N$gara
geme[worker//female worker]N'N$geme
gigir[chariot//chariot]N'N$gigir
giŋ[unit//a unit of weight, shekel]N'N$giŋ
gir[jar//a large jar]N'N$gir
gu[cord//cord, net]N'N$gu
gud[ox//bull, ox]N'N$gud
gudug[priest//a priest]N'N$gudug
gu[neck//neck]N'N$gu
gun[load//a unit of weight, talent]N'N$gun
gu[~person//a qualifier of personal names]N'N$gu
gurdub[basket//a basket]N'N$gurdub
gurgur[vessel//a vessel]N'N$gurgur
gurum[inspection//inspection]N'N$gurum
gur[unit//unit of capacity]N'N$gur
guza[chair//chair, stool]N'N$guza
guzala[official//an official]N'N$guzala
guʾe[textile//a textile]N'N$guʾe
habuda[hoe//hoe, ax]N'N$habuda
har[ring//ring]N'N$har
hašhur[apple//apple (tree)]N'N$hašhur
heʾam[so be it//so be it!]N'N$heʾam
id[river//river, watercourse, canal]N'N$id
igi[face//face]N'N$igi
iginudu[blind//blind]N'AJ$iginudu
iku[unit//a unit of area]N'N$iku
inim[word//word]N'N$inim,ak
i[oil//oil, butter]N'N$i
irara[oil-presser//oil-presser]N'N$irara
išib[priest//purification priest, exorcist]N'N$išib,ak
itud[moon//moon]N'N$itud
kaguruk[supervisor//granary supervisor]N'N$kaguruk
kaš[beer//beer]N'N$kaš
kaš[runner//runner, courier]N'N$kaš
kib[wheat//wheat]N'N$kib
kiŋ[work//work]N'N$kiŋ
ki[place//place]N'N$ki
kišib[seal//sealed tablet]N'N$kišib
kiʾanaŋ[locus//a place of libations to the dead]N'N$kiʾanaŋ
kud[fish//fish]N'N$kud
kugdim[smith//gold or silver smith]N'N$kugdim
kugla[silver weigher//silver weigher]N'N$kugla,am
kug[metal//metal, silver]N'N$kug
kugsig[gold//gold]N'N$kugsig
kurušda[fattener//animal fattener]N'N$kurušda
kuš[official//a high official]N'N$kuš
kuš[official//a high official]N'N$kuš,ak.am
kuš[skin//skin, hide]N'N$kuš
kuʾabak[fish//sea fish]N'N$kuʾabak
ludubak[official//official]N'N$ludubak
lugal[king//king]N'N$lugal
lugal[king//king]N'N$lugal,ra
lugigirak[charioteer//charioteer]N'N$lugigirak
lungak[brewer//brewer]N'N$lungak
lu[person//person]N'N$lu
lu[person//person]N'N$lu,ani
lu[person//person]N'N$lu,meš
lu[person//person]N'N$lu,ra
luzah[fugitive//fugitive]N'N$luzah
luʾešgid[surveyor//surveyor]N'N$luʾešgid,bi
luʾurak[profession//a profession, spice miller]N'N$luʾurak
magalgal[profession//a profession]N'N$magalgal
malah[sailor//sailor]N'N$malah
mana[unit//a unit of weight, mina]N'N$mana
marsa[shipyard//shipyard]N'N$marsa
MAR.TU[westerner//westerner]N'N$MAR.TU
masab[basket//basket]N'N$masab
mašda[gazelle//gazelle]N'N$mašda
mašgal[goat//billy goat]N'N$mašgal
maš[goat//goat]N'N$maš
maš[goat//goat]N'N$maš,e
ma[ship//ship, boat]N'N$ma
ma[ship//ship, boat]N'N$ma,a
maš[interest//interest (on a loan)]N'N$maš
maškim[administrator//an administrator, an administrative position, bailiff]N'N$maškim
maškim[administrator//an administrator, an administrative position, bailiff]N'N$maškim,ani
maškim[administrator//an administrator, an administrative position, bailiff]N'N$maškim,bi
min[two//two]NU'NU$min
mu.DU[delivery//delivery]N'N$mu.DU
mu.DU[delivery//delivery]N'N$mu:mu.DU
muhaldim[cook//cook]N'N$muhaldim
mu[name//name]N'N$mu
munsub[shepherd//shepherd, herdsman]N'N$munsub
munus[woman//woman]N'N$munus
musara[inscription//inscription]N'N$musara
mušendu[bird-catcher//bird-catcher, fowler]N'N$mušendu
mussa[in-law//son-in-law]N'N$mussa
mu[year//year]N'N$mu
mu[year//year]N'N$mu,ak.am
nagada[herdsman//herdsman]N'N$nagada
nagar[carpenter//carpenter]N'N$nagar
namarad[slavery//slavery]N'N$namarad,eše
namgaʾeš[trade//sea trade]N'N$namgaʾeš
nammah[greatness//greatness]N'N$nammah
nammaškim[office//office of maškim]N'N$nammaškim
nar[musician//musician]N'N$nar
ninda[bread//bread]N'N$ninda
nindan[pole//pole]N'N$nindan
nin[lady//lady]N'N$nin
niŋki[herd//bait fish]N'N$niŋki
niŋlam[garment//a garment]N'N$niŋlam
niŋŋala[possessions//possessions]N'N$niŋŋala
niŋŋeštug[earring//earrings]N'N$niŋŋeštug
nita[male//male]N'N$nita
nubanda[overseer//overseer, captain]N'N$nubanda
nukirik[gardener//gardener, horticulturalist]N'N$nukirik
nunuz[egg//egg]N'N$nunuz
ŋanun[storehouse//storehouse]N'N$ŋanun
ŋiri[dagger//dagger]N'N$ŋiri
ŋiri[foot//foot]N'N$ŋiri
ŋiri[foot//via, by means of, under the authority of someone]N'O$ŋiri
ŋirigub[footstool//footstool]N'N$ŋirigub
ŋirsiga[attendant//an attendant]N'N$ŋirsiga
ŋuruš[male//young adult male, able-bodied male worker, semi-free male worker]N'N$ŋuruš
pana[bow//bow]N'N$pana
pu[orchard//fruit orchard]N'N$pu
ragaba[rider//rider, messenger]N'N$ragaba
ragaba[rider//rider, messenger]N'N$ragaba,ta
šabra[administrator//chief administrator of a temple or other household]N'N$šabra
šabraʾek[administrator//estate administrator]N'N$šabraʾek
sadug[offerings//regular temple offerings]N'N$sadug
šag[heart//heart]N'N$šag
šagia[cup-bearer//cup-bearer]N'N$šagia
šah[pig//pig]N'N$šah
šakkanak[general//general, governor-general]N'N$šakkanak
sam[price//purchase price]N'N$sam
santanak[gardener//chief gardener]N'N$santanak
šaŋan[flask//a flask]N'N$šaŋan
saŋ.DUN₃[recorder//land recorder]N'N$saŋ.DUN₃
saŋ[head//head]N'N$saŋ
saŋmunus[woman//woman]N'N$saŋmunus,meš
saŋnita[man//man]N'N$saŋnita
saŋnita[man//man]N'N$saŋnita,meš
saŋŋa[official//an official, the chief administrator of a temple household]N'N$saŋŋa
sa[sinew//sinew, tendon]N'N$sa
še[barley//barley]N'N$še
še[barley//barley]N'N$še,bi
šeg[brick//brick, mudbrick]N'N$šeg
šen[cauldron//cauldron]N'N$šen
šerim[~loom//a part of the loom]N'N$šerim
šeš[brother//brother]N'N$šeš
šeš[brother//brother]N'N$šeš,ani
šešgal[relation//a kinship term, relation]N'N$šešgal
šidim[builder//builder, architect]N'N$šidim
siki[hair//hair]N'N$siki
sila[lamb//lamb]N'N$sila
sila[street//street]N'N$sila,ta
sila[unit//a unit of capacity]N'N$sila
simug[smith//smith, metalworker]N'N$simug
sipad[shepherd//shepherd]N'N$sipad
šudua[guarantee//guarantee]N'N$šudua
šudua[guarantee//guarantee]N'N$šudua,ani
šuguru[~dates//container for fruit, basket]N'N$šuguru
šu[hand//hand]N'N$šu
šu[hand//hand]N'N$šu,ene
suhur[carp//carp]N'N$suhur
sukkalmah[official//an official]N'N$sukkalmah
sukkal[secretary//secretary, civil servant]N'N$sukkal
sukkal[secretary//secretary, civil servant]N'N$sukkal,e
šukud[fisherman//fisherman]N'N$šukud
sul[meat//salted, pickled meat]N'N$sul,ak
šuniŋin[circular//round, circular]N'N$šuniŋin
šuniŋin[total//total, sum]N'N$šuniŋin
šuʾi[barber//barber]N'N$šuʾi
tibira[sculptor//sculptor]N'N$tibira
tugdua[felt//plaiting]N'N$tugdua
tugdu[felter//felter]N'N$tugdu
tug[textile//textile, garment]N'N$tug
tu[soup//soup, broth]N'N$tu
ud[sun//sun]N'N$ud
udugal[sheep//adult male sheep capable of reproduction]N'N$udugal
udunita[ram//ram]N'N$udunita
udu[sheep//sheep]N'N$udu
u[ewe//sheep, ewe]N'N$u
ugula[overseer//overseer, foreman, supervisor]N'N$ugula
ugula[overseer//overseer, foreman, supervisor]N'N$ugula,am
ugula[overseer//overseer, foreman, supervisor]N'N$ugula,ta
unadug[letter//letter]N'N$unadug
UN.IL₂[menial//a menial]N'N$UN.IL₂
UN.IL₂[menial//a menial]N'N$UN.IL₂,meš
unud[cowherd//cowherd, cattle herder]N'N$unud
ura[loan//interest-bearing loan]N'N$ura
ur[dog//dog]N'N$ur
uzud[goat//(female) goat]N'N$uzud
uzu[flesh//meat]N'N$uzu
zadim[stone-cutter//stone-cutter]N'N$zadim
zagmuk[new year//new year]N'N$zagmuk
zid[flour//flour]N'N$zid
zidgu[flour//a type of flour]N'N$zidgu
zidsig[flour//a type of flour]N'N$zidsig
ziga[expenditure//expenditure]N'N$ziga
ziga[expenditure//expenditure]N'N$ziga,am
ziz[emmer//emmer wheat]N'N$ziz
zulum[date//the fruit of the date-palm, dried date]N'N$zulum
