a[arm//arm]N'N$a
abba[father//elder]N'N$abba
abba[father//father]N'N$abba
abba[father//father]N'N$abba,ani
abba[father//father]N'N$abba,meš
abba[father//father]N'N$abba,ŋu
ab[cow//cow]N'N$ab
ab[sea//sea]N'N$ab
absuhur[carp//a fish, carp]N'N$absuhur
adaba[musician//a musician]N'N$adaba
ad[bead//bead]N'N$ad
adda[father//father]N'N$adda
adda[father//father]N'N$adda,ani
addir[hire//hire, wage]N'N$addir
ad.KID[weaver//basket weaver]N'N$ad.KID
ad.KID[weaver//basket weaver]N'N$ad.KID,meš
ad.NE[profession//a profession]N'N$ad.NE
aga[ax//an ax]N'N$aga
agam[profession//doorkeeper's helper]N'N$agam
agam[profession//doorkeeper's helper]N'N$agam,e
agar[meadow//meadow]N'N$agar
agaʾus[soldier//a professional soldier]N'N$agaʾus
agaʾus[soldier//a professional soldier]N'N$agaʾus,e
agrig[steward//steward, housekeeper]N'N$agrig
agrig[steward//steward, housekeeper]N'N$agrig,ra
agrig[steward//steward, housekeeper]N'N$agrig,ta
alan[image//statue, figurine]N'N$alan
al[hoe//hoe, pickax]N'N$al
amagal[grandmother//grandmother]N'N$amagal
ama[mother//mother]N'N$ama
ama[mother//mother]N'N$ama,ani
ama[mother//mother]N'N$ama,zu
aman[maltster//maltster]N'N$aman
amar[young//calf]N'N$amar
amar[young//young, youngster, chick]N'N$amar
amaš[sheepfold//sheepfold]N'N$amaš
amaʾatud[slave//house-born slave]N'N$amaʾatud
anše[equid//equid, donkey]N'N$anše
anzagar[tower//(fortified) tower]N'N$anzagar
apin[plow//(seed) plow]N'N$apin
arad[slave//slave, servant]N'N$arad
arad[slave//slave, servant]N'N$arad,me
arad[slave//slave, servant]N'N$arad,zu
arad[slave//slave, servant]N'N$arad,zu.ani
ara[times//times (with numbers)]N'N$ara
arua[offering//votive offering]N'N$arua
ašag[field//field]N'N$ašag
ašag[field//field]N'N$ašag,bi
asal[poplar//poplar]N'N$asal
ašgabgal[leatherworker//chief leatherworker]N'N$ašgabgal
ašgab[leatherworker//leatherworker]N'N$ašgab
ašgab[leatherworker//leatherworker]N'N$ašgab,e
ašgab[leatherworker//leatherworker]N'N$ašgab,meš
ašgab[leatherworker//leatherworker]N'N$ašgab,ra
ašgar[kid//female kid]N'N$ašgar
aš[one//one]NU'NU$aš
ašte[chair//chair, throne]N'N$ašte
aštela[official//official]N'N$aštela
atua[priest//a priest]N'N$atua
atu[doorkeeper?//doorkeeper?]N'N$atu
a[water//water]N'N$a
azlag[fuller//fuller]N'N$azlag
azlag[fuller//fuller]N'N$azlag,
azlag[fuller//fuller]N'N$azlag,da
azlag[fuller//fuller]N'N$azlag,me
azlag[fuller//fuller]N'N$azlag,meš
azlag[fuller//fuller]N'N$azlag,ra
azlaggal[fuller//chief fuller]N'N$azlaggal
azu[doctor//doctor]N'N$azu
azugal[doctor//chief doctor]N'N$azugal
aʾigidu[worker//a canal worker]N'N$aʾigidu
bad[wall//wall, fortification]N'N$bad,ta
bahargal[potter//chief potter]N'N$bahargal
bahar[potter//potter]N'N$bahar
bahar[potter//potter]N'N$bahar,meš
balare[other side//other side]N'N$balare
balare[other side//other side]N'N$balare,ta
bala[textile//a textile]N'N$bala
banšur[table//table]N'N$banšur
bappir[~beer//an ingredient in beer-making]N'N$bappir
barag[sanctum//sanctum]N'N$barag,ani
bardul[garment//full-body garment]N'N$bardul
bar[outside//outside, (other) side]N'N$bar
bar[outside//outside, (other) side]N'N$bar;
bar[outside//outside, (other) side]N'N$bar;a
bar[outside//outside, (other) side]N'N$bar;a,ani
bar[outside//outside, (other) side]N'N$bar,bi.ta
barsig[garment//a garment]N'N$barsig
bazbaz[bird//a bird, duck]N'N$bazbaz
bisaŋ[basket//basket]N'N$bisaŋ
bisaŋdubak[archivist//archivist]N'N$bisaŋdubak
bur[bowl//(stone) bowl]N'N$bur
bur[unit//a unit of area]N'N$bur
bur[unit//a unit of area]N'N$bur,bi
dabin[semolina//semolina, barley grits]N'N$dabin
dag[side//side]N'N$dag
dal[rack//rack or shelf]N'N$dal
damgargal[merchant//chief merchant]N'N$damgargal
damgargal[merchant//chief merchant]N'N$damgargal,ak.am
damgar[merchant//merchant, trader]N'N$damgar
damgar[merchant//merchant, trader]N'N$damgar,ak
damgar[merchant//merchant, trader]N'N$damgar,ak.ak.ta
damgar[merchant//merchant, trader]N'N$damgar,ak.am
damgar[merchant//merchant, trader]N'N$damgar,ak.e
damgar[merchant//merchant, trader]N'N$damgar,eše
damgar[merchant//merchant, trader]N'N$damgar,meš
damgar[merchant//merchant, trader]N'N$damgar,ta
dam[spouse//spouse]N'N$dam
dam[spouse//spouse]N'N$dam,ani
dam[spouse//spouse]N'N$dam,ani.bida
did[lawsuit//lawsuit, trial]N'N$did
did[lawsuit//lawsuit, trial]N'N$did,bi
dikud[judge//judge]N'N$dikud
dikud[judge//judge]N'N$dikud,eše
dikud[judge//judge]N'N$dikud,meš
diŋir[deity//deity, god, goddess]N'N$diŋir
dubsarmah[official//an official]N'N$dubsarmah
dubsarmah[official//an official]N'N$dubsarmah,e
dubsarmah[official//an official]N'N$dubsarmah,ta
dubsar[scribe//scribe]N'N$dubsar
dubsar[scribe//scribe]N'N$dubsar,ak
dubsar[scribe//scribe]N'N$dubsar,ak.ak
dubsar[scribe//scribe]N'N$dubsar,ak.am
dubsar[scribe//scribe]N'N$dubsar,ak.e
dubsar[scribe//scribe]N'N$dubsar,bi
dubsar[scribe//scribe]N'N$dubsar,da
dubsar[scribe//scribe]N'N$dubsar,e
dubsar[scribe//scribe]N'N$dubsar,eše
dubsar[scribe//scribe]N'N$dubsar,meš
dubsar[scribe//scribe]N'N$dubsar,ta
dub[tablet//tablet]N'N$dub
dug[pot//(clay) pot]N'N$dug
dumu[child//child, son, daughter]N'N$dumu
dumu[child//child, son, daughter]N'N$dumu,ani
dumu[child//child, son, daughter]N'N$dumu,ani.meš
dumudaba[worker₂//a type of worker]N'N$dumudaba
dumugir[citizen//citizen]N'N$dumugir
dumugir[citizen//citizen]N'N$dumugir,am
dumugir[citizen//citizen]N'N$dumugir,meš
dumumunus[daughter//daughter]N'N$dumumunus
dumumunus[daughter//daughter]N'N$dumumunus,ani
dumumunus[daughter//daughter]N'N$dumumunus,ani.meš
dumumunus[daughter//daughter]N'N$dumumunus,meš
dumunita[son//son]N'N$dumunita
dumunita[son//son]N'N$dumunita,ani
dumunita[son//son]N'N$dumunita,ani.meš
dumunita[son//son]N'N$dumunita,meš
DUN₃@g.la₂[shekel weigher?//shekel weigher?]N'N$DUN₃@g.la₂
dupsik[basket//a basket (for carrying earth and bricks)]N'N$dupsik
dupsik[basket//a basket (for carrying earth and bricks)]N'N$dupsik,eše
dur[bond//binding, knot, bond, tie]N'N$dur
dur[donkey//young male donkey]N'N$dur
durŋar[chair//chair]N'N$durŋar
dusu[equid//donkey]N'N$dusu
e₂.EŠ₂.ak[prison//prison]N'N$e₂.EŠ₂.ak,a
edak[container//a container or shed]N'N$edak
edam[tavern?//tavern?]N'N$edam
eduba[storehouse//storehouse, magazine]N'N$eduba
eduru[village//village]N'N$eduru
egal[palace//palace]N'N$egal
egal[palace//palace]N'N$egal,ak
egal[palace//palace]N'N$egal,eše
egal[palace//palace]N'N$egal,ta
egia[bride//bride]N'N$egia
egir[back//back, end, rear]N'N$egir
eg[levee//levee, dyke]N'N$eg
egun[storeroom//storeroom]N'N$egun
e[house//house]N'N$e
e[house//house]N'N$e,a
e[house//house]N'N$e,ak.am
e[house//house]N'N$e,ani
e[house//house]N'N$e,e
ekinkin[mill//mill]N'N$ekinkin
elam[highland//highland]N'N$elam
elam[highland//highland]N'N$elam,meš
eli[~sheep//a description of ewes or lamb, spring (lamb)]N'N$eli
eme[donkey//female donkey]N'N$eme
emegir[Sumerian//the Sumerian language]N'N$emegir
eme[nurse//wet nurse]N'N$eme
eme[~plow//plow-share]N'N$eme
emi[household//queen's household]N'N$emi
emi[household//queen's household]N'N$emi,eše
engar[farmer//farmer]N'N$engar
engar[farmer//farmer]N'N$engar,e
engar[farmer//farmer]N'N$engar,me
engartur[profession//a profession]N'N$engartur,meš
engiz[cook//temple cook]N'N$engiz
eniŋgur[depot//depot]N'N$eniŋgur,ta
enkud[tax-collector//tax-collector]N'N$enkud
enkud[tax-collector//tax-collector]N'N$enkud,ak.am
en[lord//lord]N'N$en
en[lord//lord]N'N$en,bi
ennuŋ[imprisonment//imprisonment]N'N$ennuŋ
en[priest//a priest, priestess]N'N$en,eL
ensi[interpreter//dream interpreter]N'N$ensi
ensikgal[steward//chief steward]N'N$ensikgal
ensikgal[steward//chief steward]N'N$ensikgal,e
ensikgal[steward//chief steward]N'N$ensikgal,ra
ensik[ruler//governor]N'N$ensik
ensik[ruler//governor]N'N$ensik,eL
ensik[ruler//ruler]N'N$ensik
ensik[ruler//ruler]N'N$ensik,ak
ensik[ruler//ruler]N'N$ensik,eL
ensik[ruler//ruler]N'N$ensik,ra
enzid[priest//a priest]N'N$enzid
eren[cedar//cedar]N'N$eren
erešdiŋir[priestess//a priestess]N'N$erešdiŋir
ereš[lady//lady, queen]N'N$ereš
erin[people//people]N'N$erin
erin[people//people]N'N$erin,ak
er[tears//tears]N'N$er,ak
ešag[chamber//inner chamber]N'N$ešag
ešgar[assignment//work assignment]N'N$ešgar
ešgar[assignment//worker]N'N$ešgar
esir[bitumen//bitumen, pitch]N'N$esir
esir[shoe//sandal(s), shoe(s)]N'N$esir
eš[rope//rope, thong, string]N'N$eš
eš[shrine//shrine]N'N$eš
ezem[festival//festival]N'N$ezem
eʾaddak[patrimony//patrimony]N'N$eʾaddak,am
eʾara[mill//mill]N'N$eʾara
eʾudsakar[moon//new moon, crescent moon]N'N$eʾudsakar
gaba[chest//breast, chest]N'N$gaba
gabar[herder//herder, shepherd-boy]N'N$gabar
gabatab[pole//a wooden pole used for manual seeding, dibber]N'N$gabatab
gabus[shepherd//a shepherd]N'N$gabus
gada[flax//flax]N'N$gada
gag[nail//nail, peg, point, stud]N'N$gag
galamah[singer//chief lament singer]N'N$galamah
galamah[singer//chief lament singer]N'N$galamah,e
gala[singer//lamentation singer]N'N$gala
gala[singer//lamentation singer]N'N$gala,e
gala[singer//lamentation singer]N'N$gala,me
galatura[performer//a cultic performer]N'N$galatura,e
gallagal[policeman//chief policeman]N'N$gallagal
galuŋak[official//an official]N'N$galuŋak
gamun[cumin//cumin]N'N$gamun
GAN₂.gud[land//land managed by an organization]N'N$GAN₂.gud
gana[field//field]N'N$gana
gana[field//field]N'N$gana,ak.am
ganagid[surveyor//field surveyor]N'N$ganagid
gazi[condiment//a condiment, mustard seed or licorice]N'N$gazi
gaʾar[cheese//cheese]N'N$gaʾar
gaʾeš[trader//a long distance trader]N'N$gaʾeš
gaʾeš[trader//a long distance trader]N'N$gaʾeš,da
gaʾeš[trader//a long distance trader]N'N$gaʾeš,e
gaʾeš[trader//a long distance trader]N'N$gaʾeš,eše
geme[worker//female worker]N'N$geme
geme[worker//female worker]N'N$geme,am
geme[worker//female worker]N'N$geme,meš
gida[spear//lance, spear]N'N$gida
gid[length//length]N'N$gid,bi
gigid[reed//a reed or tree]N'N$gigid
gigir[chariot//chariot]N'N$gigir
gigir[chariot//chariot]N'N$gigir,e
giŋ[ax//ax, adze]N'N$giŋ
giŋ[unit//a unit of weight, shekel]N'N$giŋ
gi[reed//reed, cane]N'N$gi
gu₂.NE.saŋ.ŋa₂[container//a cupboard or chest for drinking utensils]N'N$gu₂.NE.saŋ.ŋa₂
gu[cord//cord, net]N'N$gu
gudapin[ox//plow ox]N'N$gudapin
gudeʾusa[drover//drover, ox-driver, cowherd]N'N$gudeʾusa
gud[ox//bull, ox]N'N$gud
gudrah[drover//drover, ox-driver]N'N$gudrah
gudug[priest//a priest]N'N$gudug
guhašla[barber//barber]N'N$guhašla
gukkal[sheep//fat-tailed sheep]N'N$gukkal
gu[neck//neck]N'N$gu
gu[neck//neck]N'N$gu,ani.a
gun[load//load]N'N$gun
guŋal[inspector//canal inspector]N'N$guŋal
gu[pulse//pulse, bean]N'N$gu
gur[container//a basket]N'N$gur
gurdub[basket//a basket]N'N$gurdub
gurgur[vessel//a vessel]N'N$gurgur
gurmah[unit//a unit of capacity]N'N$gurmah
gurum[inspection//inspection]N'N$gurum
gurum[inspection//inspection]N'N$gurum,bi
gur[unit//unit of capacity]N'N$gur
gusur[profession//a profession]N'N$gusur
gusur[profession//a profession]N'N$gusur,e
gusur[profession//a profession]N'N$gusur,me
guza[chair//chair, stool]N'N$guza
guza[jewelry//a piece of jewelry]N'N$guza
guzala[official//an official]N'N$guzala
guzala[official//an official]N'N$guzala,da
guzala[official//an official]N'N$guzala,e
guʾanše[total//total]N'N$guʾanše
guʾanše[total//total]N'N$guʾanše,bi
habuda[hoe//hoe, ax]N'N$habuda
HA@g[~cow//a designation of a cow or a heifer]N'N$HA@g
harran[tool//a carpenter's tool]N'N$harran
hašhur[apple//apple (tree)]N'N$hašhur
hazin[ax//ax]N'N$hazin
hedab[worker//a worker]N'N$hedab
hedab[worker//a worker]N'N$hedab,eše
heŋal[plenty//plenty]N'N$heŋal
HI×AŠ₂[~tree//a qualification of trees]N'N$HI×AŠ₂
iba[ration//oil ration]N'N$iba
ibiza[loss//financial loss]N'N$ibiza
IB[profession//a profession]N'N$IB
IB[profession//a profession]N'N$IB,e
id[river//river, watercourse, canal]N'N$id
id[river//river, watercourse, canal]N'N$id,ta
idu[doorkeeper//doorkeeper]N'N$idu
idu[doorkeeper//doorkeeper]N'N$idu,ak.am
idu[doorkeeper//doorkeeper]N'N$idu,bi
idu[doorkeeper//doorkeeper]N'N$idu,e
idu[doorkeeper//doorkeeper]N'N$idu,me
idugal[doorkeeper//chief doorkeeper]N'N$idugal
igi[eye//eye]N'N$igi
igi[eye//eye]N'N$igi,anene
igi[face//face]N'N$igi
igi[face//face]N'N$igi,anene.ta
igi[face//face]N'N$igi,ŋu
iginudu[blind//blind]N'AJ$iginudu
iku[unit//a unit of area]N'N$iku
ildag[poplar//poplar, black poplar]N'N$ildag
il[worker//a worker]N'N$il
imbabbar[gypsum//gypsum]N'N$imbabbar
im[clay//clay, mud]N'N$im
im[clay//clay, mud]N'N$im,bi
im[clay//clay, mud]N'N$im,e
imŋaŋa[emmer//emmer beer]N'N$imŋaŋa
im[year//previous year]N'N$im,ak.am
inim[word//word]N'N$inim
inim[word//word]N'N$inim,ak
inim[word//word]N'N$inim,ani
inim[word//word]N'N$inim,bi
inun[ghee//ghee, clarified butter]N'N$inun
inu[straw//straw]N'N$inu
iŋeš[oil//sesame oil]N'N$iŋeš
i[oil//oil, butter]N'N$i
i[oil//oil, butter]N'N$i,bi
irara[oil-presser//oil-presser]N'N$irara
irara[oil-presser//oil-presser]N'N$irara,meš
iri[city//city]N'N$iri
išah[lard//lard]N'N$išah
išeš[annointing oil?//annointing oil?]N'N$išeš
išgana[payment//an extra payment]N'N$išgana,bi
išibmah[priest//chief incantation priest]N'N$išibmah
išib[priest//purification priest, exorcist]N'N$išib
itud[moon//month]N'N$itud
itud[moon//month]N'N$itud,ak
itud[moon//month]N'N$itud,am
kabkud[reservoir//a reservoir for flood control]N'N$kabkud
kabkul[container//a container]N'N$kabkul
kab[nose-rope//nose-rope]N'N$kab
kag[mouth//mouth]N'N$kag
kag[mouth//mouth]N'N$kag,eše
kaguruk[supervisor//granary supervisor]N'N$kaguruk
kaguruk[supervisor//granary supervisor]N'N$kaguruk,ak.ta
kaguruk[supervisor//granary supervisor]N'N$kaguruk,da
kakaku[profession//a profession]N'N$kakaku
kakik[registrar//registrar for houses]N'N$kakik
kalam[land//the Land (of Sumer)]N'N$kalam
kar[harbor//harbor, quay]N'N$kar
karkid[prostitute//prostitute]N'N$karkid
kaš[beer//beer]N'N$kaš
kaskal[way//way, road]N'N$kaskal
kaskal[way//way, road]N'N$kaskal,ak
kaskal[way//way, road]N'N$kaskal,eše
kaskal[way//way, road]N'N$kaskal,ta
kaš[runner//runner, courier]N'N$kaš
kib[wheat//wheat]N'N$kib
kid[mat//a reed mat or woven object]N'N$kid
kiduru[land//damp ground, irrigable land]N'N$kiduru
kila[weight//weight]N'N$kila,bi
kinda[barber//barber, hairdresser]N'N$kinda,ani
kindagal[official//an official, inspector of slaves]N'N$kindagal
kingal[official//an official, grandee]N'N$kingal
kingal[official//an official, grandee]N'N$kingal,ak.am
kinkin[miller//miller]N'N$kinkin
kin[sickle//sickle]N'N$kin
ki[place//place]N'N$ki
kiri[orchard//(fruit) plantation, orchard]N'N$kiri
kiri[orchard//(fruit) plantation, orchard]N'N$kiri,a
kir[lamb//female lamb]N'N$kir
kisal[courtyard//courtyard]N'N$kisal,ak.ak
kisalluh[sweeper//courtyard sweeper]N'N$kisalluh
kišibla[seal bearer//seal bearer]N'N$kišibla
kišibla[wrist//hand, wrist]N'N$kišibla
kišib[seal//cylinder seal]N'N$kišib
kisiki[workshop//wool workshop]N'N$kisiki,ak.ene
kisura[border//border, boundary]N'N$kisura
kisur[locus//barren land]N'N$kisur,eše
kud[fish//fish]N'N$kud
kugbabbar[silver//silver]N'N$kugbabbar
kugdim[smith//gold or silver smith]N'N$kugdim
kugdim[smith//gold or silver smith]N'N$kugdim,e
kugdim[smith//gold or silver smith]N'N$kugdim,meš
kugdim[smith//gold or silver smith]N'N$kugdim,ra
kug[metal//metal, silver]N'N$kug
kug[metal//metal, silver]N'N$kug,bi
kug[metal//metal, silver]N'N$kug,bi.e
kug[metal//metal, silver]N'N$kug,eše
kugsig[gold//gold]N'N$kugsig
kun[tail//tail]N'N$kun,eše
kur[mountain//mountain(s)]N'N$kur
kur[unit//a unit of capacity]N'N$kur
kurušda[fattener//animal fattener]N'N$kurušda
kurušda[fattener//animal fattener]N'N$kurušda,ak.am
kurušda[fattener//animal fattener]N'N$kurušda,ta
kuš[official//a high official]N'N$kuš
kuš[official//a high official]N'N$kuš,meš
kuš[skin//skin, hide]N'N$kuš
kuš[unit//a unit of length]N'N$kuš
lagar[priest//a priest]N'N$lagar,ak.am
LAK720[~beer//an ingredient or product associated with beer]N'N$LAK720
lammar[deity//(female) tutelary deity]N'N$lammar
laʾu[arrears//arrears]N'N$laʾu
laʾu[arrears//arrears]N'N$laʾu,am
laʾu[arrears//arrears]N'N$laʾu,bi
lidga[vessel//a measuring vessel]N'N$lidga
lub[turnip//turnip]N'N$lub
luduna[ward//ward, dependent]N'N$luduna
lugal[king//king]N'N$lugal
lugal[king//king]N'N$lugal,a
lugal[king//king]N'N$lugal,ak.am
lugal[king//king]N'N$lugal,e
lugal[king//king]N'N$lugal,ŋu
lugud[profession//a profession associated with cows]N'N$lugud;e
lugu[profession//flax worker]N'N$lugu
lukisal[profession//a courtyard worker]N'N$lukisal
lukisal[profession//a courtyard worker]N'N$lukisal,e
lukiʾinimak[witness//witness]N'N$lukiʾinimak
lukiʾinimak[witness//witness]N'N$lukiʾinimak,bi
lukiʾinimak[witness//witness]N'N$lukiʾinimak,bi.meš
lukiʾinimak[witness//witness]N'N$lukiʾinimak,me
lukur[priestess//a priestess]N'N$lukur
luma[boatman//boatman]N'N$luma
lumagur[boatman//a boatman]N'N$lumagur
lumah[priest//a priest]N'N$lumah
lungak[brewer//brewer]N'N$lungak
lungak[brewer//brewer]N'N$lungak,am
lungak[brewer//brewer]N'N$lungak,me
lungak[brewer//brewer]N'N$lungak,meš
lunisiga[profession//a gardener?]N'N$lunisiga
lunisiga[profession//a gardener?]N'N$lunisiga,ak
lu[person//person]N'N$lu
lu[person//person]N'N$lu,bi
lu[person//person]N'N$lu,bi.a
lutik[arrowsmith//arrowsmith]N'N$lutik
lutukul[soldier//a soldier]N'N$lutukul
lutukul[soldier//a soldier]N'N$lutukul,ak
lutukul[soldier//a soldier]N'N$lutukul,ak.am
lutukul[soldier//a soldier]N'N$lutukul,ak.e
luzah[fugitive//fugitive]N'N$luzah
luʾeme[interpreter//interpreter]N'N$luʾeme
luʾešgid[surveyor//surveyor]N'N$luʾešgid
luʾinimak[witness//witness]N'N$luʾinimak,bi
luʾu[rider//rider]N'N$luʾu
luʾu[rider//rider]N'N$luʾu,ak
ma₂.DUN₃@g[caulker//caulker]N'N$ma₂.DUN₃@g
ma₂.DUN₃@g[caulker//caulker]N'N$ma₂.DUN₃@g,e
mada[land//land, country]N'N$mada
magalgal[profession//a profession]N'N$magalgal
magid[boat-tower//boat-tower, boatman]N'N$magid
magid[boat-tower//boat-tower, boatman]N'N$magid,ra
magur[barge//barge]N'N$magur
magur[barge//barge]N'N$magur,ak
malahgal[official//chief manager of river traffic]N'N$malahgal
malah[sailor//sailor]N'N$malah
malah[sailor//sailor]N'N$malah,bi
malah[sailor//sailor]N'N$malah,e
malah[sailor//sailor]N'N$malah,me
mana[unit//a unit of weight, mina]N'N$mana
MAR.TU[westerner//westerner]N'N$MAR.TU
mar[wagon//wagon]N'N$mar,da
mašda[gazelle//gazelle]N'N$mašda
mašdarea[payment//a payment]N'N$mašdarea
mašdarea[payment//a payment]N'N$mašdarea,am
maš[goat//goat]N'N$maš
ma[ship//ship, boat]N'N$ma
ma[ship//ship, boat]N'N$ma,a
ma[ship//ship, boat]N'N$ma,bi
maš[interest//interest (on a loan)]N'N$maš
maškim[administrator//an administrator, an administrative position, bailiff]N'N$maškim
maškim[administrator//an administrator, an administrative position, bailiff]N'N$maškim,bi
maškim[administrator//an administrator, an administrative position, bailiff]N'N$maškim,bi.meš
maškim[administrator//an administrator, an administrative position, bailiff]N'N$maškim,ene
maškim[administrator//an administrator, an administrative position, bailiff]N'N$maškim,eše
mašnita[goat//male goat]N'N$mašnita
maššugidgid[diviner//diviner]N'N$maššugidgid
min[two//two]NU'NU$min
min[two//two]NU'NU$min,bi
mir[wind//north wind]N'N$mir
mud[tube//handle, tube, socket]N'N$mud
mu.DU[delivery//delivery]N'N$mu.DU
mu.DU[delivery//delivery]N'N$mu:mu.DU
mudul[pole//a pole]N'N$mudul
muhaldim[cook//cook]N'N$muhaldim
muhaldim[cook//cook]N'N$muhaldim,ak.am
muhaldim[cook//cook]N'N$muhaldim,ak.e
muhaldim[cook//cook]N'N$muhaldim,me
muhaldim[cook//cook]N'N$muhaldim,ra
muhaldimgal[cook//head cook]N'N$muhaldimgal
mu[name//name]N'N$mu
mu[name//name]N'N$mu,ani
mundu[groats//groats]N'N$mundu,eše
munu[malt//malt]N'N$munu
munumud[maltster//maltster]N'N$munumud
munumud[maltster//maltster]N'N$munumud,me
munumud[maltster//maltster]N'N$munumud,x
munus[woman//woman]N'N$munus
murgu[shoulder//shoulder]N'N$murgu
mušen[bird//bird]N'N$mušen
mušendu[bird-catcher//bird-catcher, fowler]N'N$mušendu
mušendu[bird-catcher//bird-catcher, fowler]N'N$mušendu,e
mušlah[charmer//snake charmer]N'N$mušlah
mussa[in-law//son-in-law]N'N$mussa
mu[year//year]N'N$mu
mu[year//year]N'N$mu,a
mu[year//year]N'N$mu,ak.am
muzug[person//a ritually unclean, impure person]N'N$muzug
na[cvne//(compound verb nominal element)]N'N$na
nagada[herdsman//herdsman]N'N$nagada
nagada[herdsman//herdsman]N'N$nagada,bi
nagar[carpenter//carpenter]N'N$nagar
nagar[carpenter//carpenter]N'N$nagar,ak
nagar[carpenter//carpenter]N'N$nagar,ak.e
nagar[carpenter//carpenter]N'N$nagar,e
nagar[carpenter//carpenter]N'N$nagar,me
nagargal[carpenter//head carpenter]N'N$nagargal
namamaʾatud[slavery//slavery]N'N$namamaʾatud,eše
namarad[slavery//slavery]N'N$namarad
namensik[office of ruler//office of ruler, governor]N'N$namensik
namgu[oppression//oppression]N'N$namgu,eše
namlu[~person//status as a person]N'N$namlu
naŋa[potash//potash, soap]N'N$naŋa
nargal[musician//chief musician]N'N$nargal
nar[musician//musician]N'N$nar
nar[musician//musician]N'N$nar,eL
našbarum[garment//a garment]N'N$našbarum
na[stone//stone weight]N'N$na
nesaŋ[offering//first-fruit offering]N'N$nesaŋ
nim[fly//fly, insect]N'N$nim,ŋu
nindaba[ration//ration, bread allotment]N'N$nindaba
ninda[bread//bread]N'N$ninda
nindagu[bread//a bread]N'N$nindagu
nindan[pole//pole]N'N$nindan
nin[lady//lady]N'N$nin
nin[lady//lady]N'N$nin,ani.ak
nin[lady//lady]N'N$nin,ŋu.ak
nin[sister//sister]N'N$nin
niŋara[groats//groats]N'N$niŋara
niŋgul[hatchet//hatchet]N'N$niŋgul
niŋgur[property//property]N'N$niŋgur
niŋirgal[herald//chief herald]N'N$niŋirgal
niŋirgal[herald//chief herald]N'N$niŋirgal,e
niŋir[herald//herald]N'N$niŋir
niŋir[herald//herald]N'N$niŋir,ak
niŋir[herald//herald]N'N$niŋir,da
niŋir[herald//herald]N'N$niŋir,ta
niŋirsi[friend//(bridegroom's) friend]N'N$niŋirsi
niŋkas[account//account]N'N$niŋkas
niŋkas[account//account]N'N$niŋkas,bi
niŋlam[garment//a garment]N'N$niŋlam
niŋluguda[a container//a container]N'N$niŋluguda,da
niŋsam[price//price]N'N$niŋsam
niŋsam[price//price]N'N$niŋsam,ak.bi
niŋsam[price//price]N'N$niŋsam,bi
niŋsam[price//price]N'N$niŋsam,bi.eše
niŋ[thing//thing, possession]N'N$niŋ
nisig[greenery//greenery, vegetable(s)]N'N$nisig
nisku[retainer//a type of retainer or dependent person]N'N$nisku
nita[male//male]N'N$nita
nita[male//male]N'N$nita,me
nita[male//male]N'N$nita,meš
nubanda[overseer//overseer, captain]N'N$nubanda
nubanda[overseer//overseer, captain]N'N$nubanda,ak.ak
nubanda[overseer//overseer, captain]N'N$nubanda,ak.am
nubanda[overseer//overseer, captain]N'N$nubanda,ak.eL
nubanda[overseer//overseer, captain]N'N$nubanda,ani
nubanda[overseer//overseer, captain]N'N$nubanda,bi
nubanda[overseer//overseer, captain]N'N$nubanda,eše
nubanda[overseer//overseer, captain]N'N$nubanda,me
nugig[priestess//a priestess]N'N$nugig
nu.KA[profession//a profession]N'N$nu.KA
nukirikgal[gardener//gardener]N'N$nukirikgal
nukirikgal[gardener//gardener]N'N$nukirikgal,ta
nukirik[gardener//gardener, horticulturalist]N'N$nukirik
nukirik[gardener//gardener, horticulturalist]N'N$nukirik,am
nukirik[gardener//gardener, horticulturalist]N'N$nukirik,me
nukirik[gardener//gardener, horticulturalist]N'N$nukirik,meš
nukirik[gardener//gardener, horticulturalist]N'N$nukirik,ra
nukušu[~door//a door fitting]N'N$nukušu
numun[grass//alfalfa grass]N'N$numun
numun[seed//seed]N'N$numun
nuʾešak[priest//a priest]N'N$nuʾešak
nuʾešak[priest//a priest]N'N$nuʾešak,e
nuʾešak[priest//a priest]N'N$nuʾešak,me
nuʾešak[priest//a priest]N'N$nuʾešak,ra
ŋa[house//house]N'N$ŋa
ŋanun[storehouse//storehouse]N'N$ŋanun
ŋanun[storehouse//storehouse]N'N$ŋanun,e
ŋanun[storehouse//storehouse]N'N$ŋanun,eše
ŋaʾuduʾur[~sheep//sheep-shearing shed]N'N$ŋaʾuduʾur
ŋešgi[thicket//reed thicket]N'N$ŋešgi,a
ŋešgudid[instrument//a musical instrument]N'N$ŋešgudid,eše
ŋešhum[bench//bench]N'N$ŋešhum
ŋeši[sesame//sesame plant]N'N$ŋeši
ŋeškiŋti[workshop//craft workshop]N'N$ŋeškiŋti
ŋešnimbar[palm//date-palm]N'N$ŋešnimbar
ŋešnud[bed//bed]N'N$ŋešnud
ŋeš.šu.RI.RI[joiner?//joiner?]N'N$ŋeš.šu.RI.RI
ŋeš.šu.RI.RI[joiner?//joiner?]N'N$ŋeš.šu.RI.RI,ak.am
ŋeš.šu.RI.RI[joiner?//joiner?]N'N$ŋeš.šu.RI.RI,meš
ŋeštin[a container//a container]N'N$ŋeštin
ŋeštin[vine//vine, grapevine]N'N$ŋeštin
ŋeš[tree//tree]N'N$ŋeš
ŋeš[tree//tree]N'N$ŋeš,a
ŋidru[scepter//scepter, stick]N'N$ŋidru
ŋiri[foot//foot]N'N$ŋiri
ŋirila[butcher//butcher]N'N$ŋirila
ŋiriŋena[path//path, travel]N'N$ŋiriŋena
ŋirlam[basket//a basket]N'N$ŋirlam
ŋirus[fish//a fish]N'N$ŋirus
ŋisal[rudder//rudder, oar]N'N$ŋisal
ŋišgal[station//station]N'N$ŋišgal
ŋuruš[male//young adult male, able-bodied male worker, semi-free male worker]N'N$ŋuruš
ŋuruš[male//young adult male, able-bodied male worker, semi-free male worker]N'N$ŋuruš,meš
ŋurušmin[~worker//a kind of worker]N'N$ŋurušmin
ŋušur[beam//beam]N'N$ŋušur
pa[branch//branch, frond]N'N$pa
pana[bow//bow]N'N$pana
panadim[bow maker//bow maker]N'N$panadim
PAP[a notation//a notation]N'N$PAP
pap[relation//relation]N'N$pap
par[canal//(small) canal, irrigation ditch]N'N$par
pašeš[priest//a priest]N'N$pašeš
peš[fig//fig]N'N$peš
PI[unit//a unit of capacity]N'N$PI
puzur[secret//secret]N'N$puzur
ragaba[rider//rider, messenger]N'N$ragaba
šabra[administrator//chief administrator of a temple or other household]N'N$šabra
šabra[administrator//chief administrator of a temple or other household]N'N$šabra,eše
šabra[administrator//chief administrator of a temple or other household]N'N$šabra,ra
šabraʾek[administrator//estate administrator]N'N$šabraʾek
sa[bundle//reed-bundle]N'N$sa
sadug[offerings//regular temple offerings]N'N$sadug
šagadu[belt//belt]N'N$šagadu
šagdug[~animals//a qualification of children and domestic animals]N'N$šagdug
šag[heart//heart]N'N$šag
šag[heart//heart]N'N$šag,bi
šag[heart//heart]N'N$šag,bi.a
šag[heart//heart]N'N$šag,bi.ta
šagia[cup-bearer//cup-bearer]N'N$šagia
šagia[cup-bearer//cup-bearer]N'N$šagia,ak
šagia[cup-bearer//cup-bearer]N'N$šagia,ak.ak
šagia[cup-bearer//cup-bearer]N'N$šagia,bi
šagia[cup-bearer//cup-bearer]N'N$šagia,ene
šagia[cup-bearer//cup-bearer]N'N$šagia,eše
šagia[cup-bearer//cup-bearer]N'N$šagia,me
šagiagal[cup-bearer//chief cup-bearer]N'N$šagiagal
šagiamah[cup-bearer//chief cup-bearer]N'N$šagiamah
šagida[garment//a garment, toga]N'N$šagida
šagziʾum[garment//a garment]N'N$šagziʾum
šagzu[midwife//midwife]N'N$šagzu
sahar[soil//soil, earth]N'N$sahar
šah[pig//pig]N'N$šah
šakkanak[general//general, governor-general]N'N$šakkanak
šakkanak[general//general, governor-general]N'N$šakkanak,e
šakkanak[general//general, governor-general]N'N$šakkanak,meš
šakkanak[general//general, governor-general]N'N$šakkanak,ra
sam[price//purchase price]N'N$sam
sam[price//purchase price]N'N$sam,ak
sam[price//purchase price]N'N$sam,bi
santanak[gardener//chief gardener]N'N$santanak
santanak[gardener//chief gardener]N'N$santanak,e
šaŋan[flask//a flask]N'N$šaŋan
saŋapinak[plowman//plowman]N'N$saŋapinak
saŋapinak[plowman//plowman]N'N$saŋapinak,e
saŋapinak[plowman//plowman]N'N$saŋapinak,meš
saŋdu[beam//wooden beam, warp beam]N'N$saŋdu
saŋdu[head//head]N'N$saŋdu
saŋ.DUN₃[recorder//land recorder]N'N$saŋ.DUN₃
saŋ.DUN₃[recorder//land recorder]N'N$saŋ.DUN₃,ak.ak
saŋ.DUN₃[recorder//land recorder]N'N$saŋ.DUN₃,ak.am
saŋ.DUN₃[recorder//land recorder]N'N$saŋ.DUN₃,bi
saŋ.DUN₃[recorder//land recorder]N'N$saŋ.DUN₃,me
saŋ.DUN₃[recorder//land recorder]N'N$saŋ.DUN₃,ra
saŋ.DUN₃[recorder//land recorder]N'N$saŋ.DUN₃,x
saŋ[head//head]N'N$saŋ
saŋ[head//head]N'N$saŋ,ak.bi
saŋ[head//head]N'N$saŋ,bi.a
saŋninda[bread//a kind of bread]N'N$saŋninda
saŋŋa[official//an official, the chief administrator of a temple household]N'N$saŋŋa
saŋŋa[official//an official, the chief administrator of a temple household]N'N$saŋŋa,ak.ak
saŋŋa[official//an official, the chief administrator of a temple household]N'N$saŋŋa,ak.am
saŋŋa[official//an official, the chief administrator of a temple household]N'N$saŋŋa,ak.eL
sara[document//a document]N'N$sara
sar[garden//garden]N'N$sar
šeba[ration//grain-ration]N'N$šeba
še[barley//barley]N'N$še
še[barley//barley]N'N$še,a
še[barley//barley]N'N$še,ak.am
še[barley//barley]N'N$še,bi
šedug[tree//a tree, juniper]N'N$šedug
šeg[brick//brick, mudbrick]N'N$šeg
šelu[coriander//coriander]N'N$šelu
šenumun[seed//seed barley]N'N$šenumun
šeŋuš[barley//a barley]N'N$šeŋuš
šeš[brother//brother]N'N$šeš
šeš[brother//brother]N'N$šeš,ani
šeš[brother//brother]N'N$šeš,ani.meš
šeš[brother//brother]N'N$šeš,ŋu
šešgal[relation//a kinship term, relation]N'N$šešgal
sidaʾum[an official//an official]N'N$sidaʾum
šidim[builder//builder, architect]N'N$šidim
šidim[builder//builder, architect]N'N$šidim,meš
šidim[builder//builder, architect]N'N$šidim,ra
šidim[builder//builder, architect]N'N$šidim,ta
šidimgal[builder//chief builder]N'N$šidimgal
šidimmah[builder//master builder]N'N$šidimmah
si[horn//horn]N'N$si
sikiba[ration//wool ration]N'N$sikiba
siki[hair//hair]N'N$siki
siki[hair//hair]N'N$siki,bi
sila[lamb//lamb]N'N$sila
silanim[lamb//spring lamb]N'N$silanim
sila[unit//a unit of capacity]N'N$sila
sila[unit//a unit of capacity]N'N$sila,ta
šim[aromatics//aromatic substance, aromatics]N'N$šim
simuggal[smith//chief smith]N'N$simuggal
simug[smith//smith, metalworker]N'N$simug
simug[smith//smith, metalworker]N'N$simug,ak.am
simug[smith//smith, metalworker]N'N$simug,bi
simug[smith//smith, metalworker]N'N$simug,da
simug[smith//smith, metalworker]N'N$simug,me
simug[smith//smith, metalworker]N'N$simug,ta
siŋar[bolt//bolt, clamp]N'N$siŋar,ak.e
sipad[shepherd//shepherd]N'N$sipad
sipad[shepherd//shepherd]N'N$sipad,ak
sipad[shepherd//shepherd]N'N$sipad,ak.am
sipad[shepherd//shepherd]N'N$sipad,ani
sipad[shepherd//shepherd]N'N$sipad,bi
sipad[shepherd//shepherd]N'N$sipad,e
sipad[shepherd//shepherd]N'N$sipad,meš
sipad[shepherd//shepherd]N'N$sipad,ra
šita[priest//a priest]N'N$šita
šita[weapon//a weapon]N'N$šita
subur[slave//slave, servant]N'N$subur
šudua[guarantee//guarantee]N'N$šudua,bi
šudua[unit//a unit of length]N'N$šudua
šudua[unit//a unit of length]N'N$šudua,bi
šudul[yoke//yoke, crossbeam]N'N$šudul
šugal[official//an official?]N'N$šugal,ak
šugal[official//an official?]N'N$šugal,ak.am
šugid[~animal//designation of animals, unfit for work?]N'N$šugid
šugi[senior//senior, elder, old person]N'N$šugi
šu[hand//hand]N'N$šu
šu[hand//hand]N'N$šu,a
šu[hand//hand]N'N$šu,anene
šu[hand//hand]N'N$šu,anene.a
šu[hand//hand]N'N$šu,ani
šu[hand//hand]N'N$šu,ani.a
šu[hand//hand]N'N$šu,e
suhur[tuft//tuft, plume]N'N$suhur
sukkalgal[official//an official]N'N$sukkalgal
sukkalmah[official//an official]N'N$sukkalmah
sukkalmah[official//an official]N'N$sukkalmah,ra
sukkal[secretary//secretary, civil servant]N'N$sukkal
sukkal[secretary//secretary, civil servant]N'N$sukkal,da
sukkal[secretary//secretary, civil servant]N'N$sukkal,e
sukkal[secretary//secretary, civil servant]N'N$sukkal,me
šukud[fisherman//fisherman]N'N$šukud
šukud[fisherman//fisherman]N'N$šukud,ak
šukud[fisherman//fisherman]N'N$šukud,e
šukud[fisherman//fisherman]N'N$šukud,me
šukud[fisherman//fisherman]N'N$šukud,ra
šukur[ration//dependent]N'N$šukur
šukur[ration//food allocation, ration]N'N$šukur
šulaʾa[consignment//a type of consignment]N'N$šulaʾa,ta
sul[meat//salted, pickled meat]N'N$sul,ak
šul[youth//youth, young man]N'N$šul
šum[garlic//garlic]N'N$šum
šum[garlic//garlic]N'N$šum,ak
šum[garlic//garlic]N'N$šum,ta
šumme[saw//saw]N'N$šumme
šumsikil[vegetable//an alliaceous vegetable, onion]N'N$šumsikil
šuniŋinniŋin[grand total//grand total]N'N$šuniŋinniŋin
šuniŋin[total//total, sum]N'N$šuniŋin
šuniŋin[total//total, sum]N'N$šuniŋin,bi
sur[locus//threshing floor]N'N$sur
šurmen[cypress//cypress]N'N$šurmen
šusi[finger//finger]N'N$šusi
susig[flayer//animal flayer]N'N$susig
susig[flayer//animal flayer]N'N$susig,ak.am
šutab[companion//companion]N'N$šutab
šuʾi[barber//barber]N'N$šuʾi
šuʾi[barber//barber]N'N$šuʾi,-me
teš[unity//unity]N'N$teš,bi.a
tibira[sculptor//sculptor]N'N$tibira
tir[forester//forester]N'N$tir
tugdu[felter//felter]N'N$tugdu
tugdu[felter//felter]N'N$tugdu,e
tugdu[felter//felter]N'N$tugdu,me
tugdu[felter//felter]N'N$tugdu,ra
tugdugal[felter//felter]N'N$tugdugal
tug[textile//textile, garment]N'N$tug
tukul[weapon//weapon]N'N$tukul,e
ua[provisioner//provisioner]N'N$ua
ud[sun//day]N'N$ud
ud[sun//day]N'N$ud,ak.am
ud[sun//sun]N'N$ud
ud[sun//sun]N'N$ud,bi.a
udul[herdsman//chief herdsman]N'N$udul
udunita[ram//ram]N'N$udunita
udu[sheep//sheep]N'N$udu
u[ewe//sheep, ewe]N'N$u
ug[lion//lion]N'N$ug
ugula[overseer//overseer, foreman, supervisor]N'N$ugula
ugula[overseer//overseer, foreman, supervisor]N'N$ugula,a
ugula[overseer//overseer, foreman, supervisor]N'N$ugula,am
ugula[overseer//overseer, foreman, supervisor]N'N$ugula,ani
ugula[overseer//overseer, foreman, supervisor]N'N$ugula,bi
ugula[overseer//overseer, foreman, supervisor]N'N$ugula,ene
ugulaʾek[overseer//estate overseer]N'N$ugulaʾek
ugulaʾek[overseer//estate overseer]N'N$ugulaʾek,am
ugulaʾek[overseer//estate overseer]N'N$ugulaʾek,e
ugu[skull//skull, pate]N'N$ugu
u[land//a type of land]N'N$u
umma[old woman//old woman]N'N$umma
umma[old woman//old woman]N'N$umma,me
ummia[expert//expert]N'N$ummia
UN.IL₂[menial//a menial]N'N$UN.IL₂
unud[cowherd//cowherd, cattle herder]N'N$unud
unud[cowherd//cowherd, cattle herder]N'N$unud,ak
unud[cowherd//cowherd, cattle herder]N'N$unud,me
unud[cowherd//cowherd, cattle herder]N'N$unud,meš
unud[cowherd//cowherd, cattle herder]N'N$unud,ra
uŋ[people//people]N'N$uŋ,e
ura[loan//interest-bearing loan]N'N$ura,eše
uri[vessel//a vessel]N'N$uri
urnim[lion//lion]N'N$urnim
ur[root//limb, limbs]N'N$ur
ur[root//root, trunk]N'N$ur
ur[root//root, trunk]N'N$ur,bi.eše
ursaŋ[hero//warrior, hero]N'N$ursaŋ
urtur[puppy//puppy]N'N$urtur
urud[copper//copper]N'N$urud
urur[functionary//cultic person]N'N$urur
ušbar[garment//a garment]N'N$ušbar
ušbar[weaver//weaver]N'N$ušbar,eše
uttuku[abacus//abacus]N'N$uttuku
utul[tureen//tureen, large bowl]N'N$utul
uz[duck//wild duck]N'N$uz
uzga[priest//a priest]N'N$uzga
uzud[goat//(female) goat]N'N$uzud
uʾil[carrier//a laborer, carrier]N'N$uʾil
zabar[bronze//bronze]N'N$zabar
zabardab[official//an official]N'N$zabardab,e
za[bead//bead]N'N$za
zadim[stone-cutter//stone-cutter]N'N$zadim
zadim[stone-cutter//stone-cutter]N'N$zadim,e
zadim[stone-cutter//stone-cutter]N'N$zadim,me
zagmuk[new year//new year]N'N$zagmuk
zag[side//side]N'N$zag
zag[side//side]N'N$zag,bi
zagšuš[brand//brand]N'N$zagšuš,me
zahada[ax//an ax]N'N$zahada
zid[flour//flour]N'N$zid
zid[flour//flour]N'N$zid,ak
zid[flour//flour]N'N$zid,ŋu
zidgu[flour//a type of flour]N'N$zidgu
ziga[expenditure//expenditure]N'N$ziga
ziga[expenditure//expenditure]N'N$ziga,am
ziga[expenditure//expenditure]N'N$ziga,e
ziz[emmer//emmer wheat]N'N$ziz
ziʾa[worker//blinded worker]N'N$ziʾa
zulum[date//the fruit of the date-palm, dried date]N'N$zulum
zulum[date//the fruit of the date-palm, dried date]N'N$zulum,ak.am
zurzur[official//animal keeper?]N'N$zurzur
