a[arm]N
abba[father]N
ab[cow]N
ab[sea]N
absuhur[carp]N
adaba[musician]N
ad[bead]N
adda[father]N
addir[hire]N
ad.KID[weaver]N
ad.NE[profession]N
aga[ax]N
agam[profession//doorkeeper
agar[meadow]N
agaʾus[soldier]N
agrig[steward]N
alan[image]N
al[hoe]N
amagal[grandmother]N
ama[mother]N
aman[maltster]N
amar[young]N
amaš[sheepfold]N
amaʾatud[slave]N
anše[equid]N
anzagar[tower]N
apin[plow]N
arad[slave]N
ara[times]N
arua[offering]N
ašag[field]N
asal[poplar]N
ašgabgal[leatherworker]N
ašgab[leatherworker]N
ašgar[kid]N
aš[one]NU
ašte[chair]N
aštela[official]N
atua[priest]N
atu[doorkeeper?]N
a[water]N
azlag[fuller]N
azlaggal[fuller]N
azu[doctor]N
azugal[doctor]N
aʾigidu[worker]N
bad[wall]N
bahargal[potter]N
bahar[potter]N
balare[other side]N
bala[textile]N
banšur[table]N
bappir[~beer]N
barag[sanctum]N
bardul[garment]N
bar[outside]N
barsig[garment]N
bazbaz[bird]N
bisaŋ[basket]N
bisaŋdubak[archivist]N
bur[bowl]N
bur[unit]N
dabin[semolina]N
dag[side]N
dal[rack]N
damgargal[merchant]N
damgar[merchant]N
dam[spouse]N
did[lawsuit]N
dikud[judge]N
diŋir[deity]N
dubsarmah[official]N
dubsar[scribe]N
dub[tablet]N
dug[pot]N
dumu[child]N
dumudaba[worker₂]N
dumugir[citizen]N
dumumunus[daughter]N
dumunita[son]N
DUN₃@g.la₂[shekel weigher?]N
dupsik[basket]N
dur[bond]N
dur[donkey]N
durŋar[chair]N
dusu[equid]N
e₂.EŠ₂.ak[prison]N
edak[container]N
edam[tavern?]N
eduba[storehouse]N
eduru[village]N
egal[palace]N
egia[bride]N
egir[back]N
eg[levee]N
egun[storeroom]N
e[house]N
ekinkin[mill]N
elam[highland]N
eli[~sheep]N
eme[donkey]N
emegir[Sumerian]N
eme[nurse]N
eme[~plow]N
emi[household//queen
engar[farmer]N
engartur[profession]N
engiz[cook]N
eniŋgur[depot]N
enkud[tax-collector]N
en[lord]N
ennuŋ[imprisonment]N
en[priest]N
ensi[interpreter]N
ensikgal[steward]N
ensik[ruler]N
enzid[priest]N
eren[cedar]N
erešdiŋir[priestess]N
ereš[lady]N
erin[people]N
er[tears]N
ešag[chamber]N
ešgar[assignment]N
esir[bitumen]N
esir[shoe]N
eš[rope]N
eš[shrine]N
ezem[festival]N
eʾaddak[patrimony]N
eʾara[mill]N
eʾudsakar[moon]N
gaba[chest]N
gabar[herder]N
gabatab[pole]N
gabus[shepherd]N
gada[flax]N
gag[nail]N
galamah[singer]N
gala[singer]N
galatura[performer]N
gallagal[policeman]N
galuŋak[official]N
gamun[cumin]N
GAN₂.gud[land]N
gana[field]N
ganagid[surveyor]N
gazi[condiment]N
gaʾar[cheese]N
gaʾeš[trader]N
geme[worker]N
gida[spear]N
gid[length]N
gigid[reed]N
gigir[chariot]N
giŋ[ax]N
giŋ[unit]N
gi[reed]N
gu₂.NE.saŋ.ŋa₂[container]N
gu[cord]N
gudapin[ox]N
gudeʾusa[drover]N
gud[ox]N
gudrah[drover]N
gudug[priest]N
guhašla[barber]N
gukkal[sheep]N
gu[neck]N
gun[load]N
guŋal[inspector]N
gu[pulse]N
gur[container]N
gurdub[basket]N
gurgur[vessel]N
gurmah[unit]N
gurum[inspection]N
gur[unit]N
gusur[profession]N
guza[chair]N
guza[jewelry]N
guzala[official]N
guʾanše[total]N
habuda[hoe]N
HA@g[~cow]N
harran[tool//a carpenter
hašhur[apple]N
hazin[ax]N
hedab[worker]N
heŋal[plenty]N
HI×AŠ₂[~tree]N
iba[ration]N
ibiza[loss]N
IB[profession]N
id[river]N
idu[doorkeeper]N
idugal[doorkeeper]N
igi[eye]N
igi[face]N
iginudu[blind]N
iku[unit]N
ildag[poplar]N
il[worker]N
imbabbar[gypsum]N
im[clay]N
imŋaŋa[emmer]N
im[year]N
inim[word]N
inun[ghee]N
inu[straw]N
iŋeš[oil]N
i[oil]N
irara[oil-presser]N
iri[city]N
išah[lard]N
išeš[annointing oil?]N
išgana[payment]N
išibmah[priest]N
išib[priest]N
itud[moon]N
kabkud[reservoir]N
kabkul[container]N
kab[nose-rope]N
kag[mouth]N
kaguruk[supervisor]N
kakaku[profession]N
kakik[registrar]N
kalam[land]N
kar[harbor]N
karkid[prostitute]N
kaš[beer]N
kaskal[way]N
kaš[runner]N
kib[wheat]N
kid[mat]N
kiduru[land]N
kila[weight]N
kinda[barber]N
kindagal[official]N
kingal[official]N
kinkin[miller]N
kin[sickle]N
ki[place]N
kiri[orchard]N
kir[lamb]N
kisal[courtyard]N
kisalluh[sweeper]N
kišibla[seal bearer]N
kišibla[wrist]N
kišib[seal]N
kisiki[workshop]N
kisura[border]N
kisur[locus]N
kud[fish]N
kugbabbar[silver]N
kugdim[smith]N
kug[metal]N
kugsig[gold]N
kun[tail]N
kur[mountain]N
kur[unit]N
kurušda[fattener]N
kuš[official]N
kuš[skin]N
kuš[unit]N
lagar[priest]N
LAK720[~beer]N
lammar[deity]N
laʾu[arrears]N
lidga[vessel]N
lub[turnip]N
luduna[ward]N
lugal[king]N
lugud[profession]N
lugu[profession]N
lukisal[profession]N
lukiʾinimak[witness]N
lukur[priestess]N
luma[boatman]N
lumagur[boatman]N
lumah[priest]N
lungak[brewer]N
lunisiga[profession]N
lu[person]N
lutik[arrowsmith]N
lutukul[soldier]N
luzah[fugitive]N
luʾeme[interpreter]N
luʾešgid[surveyor]N
luʾinimak[witness]N
luʾu[rider]N
ma₂.DUN₃@g[caulker]N
mada[land]N
magalgal[profession]N
magid[boat-tower]N
magur[barge]N
malahgal[official]N
malah[sailor]N
mana[unit]N
MAR.TU[westerner]N
mar[wagon]N
mašda[gazelle]N
mašdarea[payment]N
maš[goat]N
ma[ship]N
maš[interest]N
maškim[administrator]N
mašnita[goat]N
maššugidgid[diviner]N
min[two]NU
mir[wind]N
mud[tube]N
mu.DU[delivery]N
mudul[pole]N
muhaldim[cook]N
muhaldimgal[cook]N
mu[name]N
mundu[groats]N
munu[malt]N
munumud[maltster]N
munus[woman]N
murgu[shoulder]N
mušen[bird]N
mušendu[bird-catcher]N
mušlah[charmer]N
mussa[in-law]N
mu[year]N
muzug[person]N
na[cvne]N
nagada[herdsman]N
nagar[carpenter]N
nagargal[carpenter]N
namamaʾatud[slavery]N
namarad[slavery]N
namensik[office of ruler]N
namgu[oppression]N
namlu[~person]N
naŋa[potash]N
nargal[musician]N
nar[musician]N
našbarum[garment]N
na[stone]N
nesaŋ[offering]N
nim[fly]N
nindaba[ration]N
ninda[bread]N
nindagu[bread]N
nindan[pole]N
nin[lady]N
nin[sister]N
niŋara[groats]N
niŋgul[hatchet]N
niŋgur[property]N
niŋirgal[herald]N
niŋir[herald]N
niŋirsi[friend//(bridegroom
niŋkas[account]N
niŋlam[garment]N
niŋluguda[a container]N
niŋsam[price]N
niŋ[thing]N
nisig[greenery]N
nisku[retainer]N
nita[male]N
nubanda[overseer]N
nugig[priestess]N
nu.KA[profession]N
nukirikgal[gardener]N
nukirik[gardener]N
nukušu[~door]N
numun[grass]N
numun[seed]N
nuʾešak[priest]N
ŋa[house]N
ŋanun[storehouse]N
ŋaʾuduʾur[~sheep]N
ŋešgi[thicket]N
ŋešgudid[instrument]N
ŋešhum[bench]N
ŋeši[sesame]N
ŋeškiŋti[workshop]N
ŋešnimbar[palm]N
ŋešnud[bed]N
ŋeš.šu.RI.RI[joiner?]N
ŋeštin[a container]N
ŋeštin[vine]N
ŋeš[tree]N
ŋidru[scepter]N
ŋiri[foot]N
ŋirila[butcher]N
ŋiriŋena[path]N
ŋirlam[basket]N
ŋirus[fish]N
ŋisal[rudder]N
ŋišgal[station]N
ŋuruš[male]N
ŋurušmin[~worker]N
ŋušur[beam]N
pa[branch]N
pana[bow]N
panadim[bow maker]N
PAP[a notation]N
pap[relation]N
par[canal]N
pašeš[priest]N
peš[fig]N
PI[unit]N
puzur[secret]N
ragaba[rider]N
šabra[administrator]N
šabraʾek[administrator]N
sa[bundle]N
sadug[offerings]N
šagadu[belt]N
šagdug[~animals]N
šag[heart]N
šagia[cup-bearer]N
šagiagal[cup-bearer]N
šagiamah[cup-bearer]N
šagida[garment]N
šagziʾum[garment]N
šagzu[midwife]N
sahar[soil]N
šah[pig]N
šakkanak[general]N
sam[price]N
santanak[gardener]N
šaŋan[flask]N
saŋapinak[plowman]N
saŋdu[beam]N
saŋdu[head]N
saŋ.DUN₃[recorder]N
saŋ[head]N
saŋninda[bread]N
saŋŋa[official]N
sara[document]N
sar[garden]N
šeba[ration]N
še[barley]N
šedug[tree]N
šeg[brick]N
šelu[coriander]N
šenumun[seed]N
šeŋuš[barley]N
šeš[brother]N
šešgal[relation]N
sidaʾum[an official]N
šidim[builder]N
šidimgal[builder]N
šidimmah[builder]N
si[horn]N
sikiba[ration]N
siki[hair]N
sila[lamb]N
silanim[lamb]N
sila[unit]N
šim[aromatics]N
simuggal[smith]N
simug[smith]N
siŋar[bolt]N
sipad[shepherd]N
šita[priest]N
šita[weapon]N
subur[slave]N
šudua[guarantee]N
šudua[unit]N
šudul[yoke]N
šugal[official]N
šugid[~animal]N
šugi[senior]N
šu[hand]N
suhur[tuft]N
sukkalgal[official]N
sukkalmah[official]N
sukkal[secretary]N
šukud[fisherman]N
šukur[ration]N
šulaʾa[consignment]N
sul[meat]N
šul[youth]N
šum[garlic]N
šumme[saw]N
šumsikil[vegetable]N
šuniŋinniŋin[grand total]N
šuniŋin[total]N
sur[locus]N
šurmen[cypress]N
šusi[finger]N
susig[flayer]N
šutab[companion]N
šuʾi[barber]N
teš[unity]N
tibira[sculptor]N
tir[forester]N
tugdu[felter]N
tugdugal[felter]N
tug[textile]N
tukul[weapon]N
ua[provisioner]N
ud[sun]N
udul[herdsman]N
udunita[ram]N
udu[sheep]N
u[ewe]N
ug[lion]N
ugula[overseer]N
ugulaʾek[overseer]N
ugu[skull]N
u[land]N
umma[old woman]N
ummia[expert]N
UN.IL₂[menial]N
unud[cowherd]N
uŋ[people]N
ura[loan]N
uri[vessel]N
urnim[lion]N
ur[root]N
ursaŋ[hero]N
urtur[puppy]N
urud[copper]N
urur[functionary]N
ušbar[garment]N
ušbar[weaver]N
uttuku[abacus]N
utul[tureen]N
uz[duck]N
uzga[priest]N
uzud[goat]N
uʾil[carrier]N
zabar[bronze]N
zabardab[official]N
za[bead]N
zadim[stone-cutter]N
zagmuk[new year]N
zag[side]N
zagšuš[brand]N
zahada[ax]N
zid[flour]N
zidgu[flour]N
ziga[expenditure]N
ziz[emmer]N
ziʾa[worker]N
zulum[date]N
zurzur[official]N
