a[arm//arm]N'N$a
ab[cow//cow]N'N$ab
abrig[functionary//a cultic functionary]N'N$abrig
adda[father//father]N'N$adda
adda[father//father]N'N$adda,anene
adda[father//father]N'N$adda,anene.ak.e
adda[father//father]N'N$adda,anene.ra
adda[father//father]N'N$adda,anene.ta
adda[father//father]N'N$adda,ani
adda[father//father]N'N$adda,ani.a
adda[father//father]N'N$adda,ani.ak.e
adda[father//father]N'N$adda,ani.ak.ra
adda[father//father]N'N$adda,ani.ra
adda[father//father]N'N$adda,ani.ta
adda[father//father]N'N$adda,ŋu
adda[father//father]N'N$X
ad.KID[weaver//basket weaver]N'N$ad.KID
ad.KID[weaver//basket weaver]N'N$ad.KID,meš
aga[ax//an ax]N'N$aga
agaʾus[soldier//a professional soldier]N'N$agaʾus
agaʾus[soldier//soldier]N'N$agaʾus
agrig[steward//steward, housekeeper]N'N$agrig
agrig[steward//steward, housekeeper]N'N$agrig,ta
akiti[festival//festival]N'N$akiti
al[hoe//hoe, pickax]N'N$al
ama[mother//mother]N'N$ama,anene
ama[mother//mother]N'N$ama,anene.ra
ama[mother//mother]N'N$ama,anene.ta
ama[mother//mother]N'N$ama,ani
ama[mother//mother]N'N$ama,ani.a
ama[mother//mother]N'N$ama,ani.ak.ra
ama[mother//mother]N'N$ama,ani.meš
ama[mother//mother]N'N$ama,ani.ra
ama[mother//mother]N'N$ama,ani.ta
ama[mother//mother]N'N$ama,ene
amargi[reversion//reversion to a previous state]N'N$amargi,ani
amar[young//young, youngster, chick]N'N$amar
anamea[everything//everything]N'N$anamea
aŋarak[fluid//depilation fluid]N'N$aŋarak,eše
arad[slave//slave]N'N$arad
arad[slave//slave]N'N$arad,zu
arad[slave//slave, servant]N'N$arad
arad[slave//slave, servant]N'N$arad,ani
arad[slave//slave, servant]N'N$arad,zu
ara[hand-mill//hand-mill]N'N$ara
ara[times//times (with numbers)]N'N$ara
arina[madder//madder]N'N$arina
arua[offering//votive offering]N'N$arua
ašag[field//field]N'N$ašag
ašag[field//field]N'N$ašag,bi.eše
ašag[field//field]N'N$ašag,eše
ašag[field//field]N'N$ašag,ŋu
ašgab[leatherworker//leatherworker]N'N$ašgab
ašgab[leatherworker//leatherworker]N'N$ašgab,meš
ašgab[leatherworker//leatherworker]N'N$ašgab,ta
aš[one//one]NU'NU$aš
atah[helper//helper]N'N$atah
a[water//water]N'N$a
aya[father//father]N'N$aya
azlag[fuller//fuller]N'N$azlag
azu[doctor//doctor]N'N$azu
azugal[doctor//chief doctor]N'N$azugal
bad[wall//wall, fortification]N'N$bad
bahar[potter//potter]N'N$bahar
banšur[table//table]N'N$banšur
banšurzaggula[table//a cultic table]N'N$banšurzaggula
baršuŋal[functionary//a functionary]N'N$baršuŋal
baza[dwarf//dwarf]N'N$baza
bisaŋ[basket//basket]N'N$bisaŋ
bisaŋdubak[archivist//archivist]N'N$bisaŋdubak
bisaŋdubak[archivist//archivist]N'N$bisaŋdubak,ak
bisaŋdubak[archivist//archivist]N'N$bisaŋdubak,eše
bisaŋsuh[basket//a basket]N'N$bisaŋsuh
burgul[stone-cutter//stone-cutter]N'N$burgul
burgul[stone-cutter//stone-cutter]N'N$burgul,eše
burgul[stone-cutter//stone-cutter]N'N$burgul,meš
da[board//board]N'N$da
dag[side//side]N'N$dag
dalbana[space//intermediate space or area]N'N$dalbana
damgar[merchant//merchant]N'N$damgar
damgar[merchant//merchant, trader]N'N$damgar
dam[spouse//spouse]N'N$dam,ani
dam[spouse//spouse]N'N$dam,ŋu
dam[spouse//spouse, wife, husband]N'N$dam
dam[spouse//spouse, wife, husband]N'N$dam,ani.ak.e
dam[spouse//spouse, wife, husband]N'N$dam,ani.ak.ra
dam[spouse//spouse, wife, husband]N'N$dam,ani.ra
dam[spouse//spouse, wife, husband]N'N$dam,ani.ta
dam[spouse//spouse, wife, husband]N'N$nu:dam,eše
did[lawsuit//lawsuit, trial]N'N$did,a
dikud[judge//judge]N'N$dikud
dubsarmah[official//an official]N'N$dubsarmah
dubsar[scribe//scribe]N'N$dubsar
dubsar[scribe//scribe]N'N$dubsar,eše
dub[tablet//tablet]N'N$dub
duggan[bag//leather bag]N'N$duggan
duggantibalaʾa[bag//a bag]N'N$duggantibalaʾa
dug[pot//(clay) pot]N'N$dug
dumu[child//child, son, daughter]N'N$dumu
dumu[child//child, son, daughter]N'N$dumu,anene.eše
dumu[child//child, son, daughter]N'N$dumu,anene.ra
dumu[child//child, son, daughter]N'N$dumu,ani
dumu[child//child, son, daughter]N'N$dumu,ani.ak
dumu[child//child, son, daughter]N'N$dumu,ani.ak.ra
dumu[child//child, son, daughter]N'N$dumu,ani.meš
dumu[child//child, son, daughter]N'N$dumu,ani.ra
dumu[child//child, son, daughter]N'N$dumu,ani.ta
dumu[child//child, son, daughter]N'N$dumu,me.ani
dumu[child//child, son, daughter]N'N$dumu,meš
dumumunus[daughter//daughter]N'N$dumumunus
dumumunus[daughter//daughter]N'N$dumumunus,ani
dumumunus[daughter//daughter]N'N$dumumunus,ani.ak.ra
dumumunus[daughter//daughter]N'N$dumumunus,ani.ra
dumumunus[daughter//daughter]N'N$dumumunus,ani.ta
dumunita[son//son]N'N$dumunita
edadi[flour//flour]N'N$edadi
eduba[storehouse//storehouse, magazine]N'N$eduba
egia[bride//bride]N'N$egia
egir[back//back, end, rear]N'N$egir
e[house//house]N'N$e
e[house//house]N'N$e,a
e[house//house]N'N$e,ani
e[house//house]N'N$e,bi.eše
e[house//house]N'N$e,e
e[house//house]N'N$e,eše
e[house//house]N'N$e,ŋu
e[house//house]N'N$e,ŋu.eše
e[house//house]N'N$e,ta
elam[highland//highland]N'N$elam
emi[household//queen's household]N'N$emi
emi[household//queen's household]N'N$emi,ani.eše
emi[household//queen's household]N'N$emi,eše
engar[farmer//farmer]N'N$engar
engiz[cook//temple cook]N'N$engiz
enkum[treasurer//temple treasurer]N'N$enkum
ennam[official//an official]N'N$ennam
ennuŋ[imprisonment//imprisonment]N'N$ennuŋ
en[priest//a priest, priestess]N'N$en
en[priest//priest]N'N$en
ensik[ruler//governor]N'N$ensik
erešdiŋir[priestess//a priestess]N'N$erešdiŋir
erešdiŋir[priestess//priestess]N'N$erešdiŋir
ereš[lady//lady]N'N$ereš
erin[people//people]N'N$erin
ešabdu[profession//a profession]N'N$ešabdu
ešgar[assignment//work assignment]N'N$ešgar
esir[bitumen//bitumen, pitch]N'N$esir
esir[shoe//sandal(s), shoe(s)]N'N$esir
eš[three//three]NU'NU$eš
ezem[festival//festival]N'N$ezem
eʾaddak[patrimony//patrimony]N'N$eʾaddak,ani.ak
gabari[copy//copy]N'N$gabari
gagsila[harness//harness]N'N$gagsila
gagsila[harness//harness]N'N$gagsila,eše
gagsisa[arrow//arrow]N'N$gagsisa
galamah[singer//chief lament singer]N'N$galamah
gala[singer//lamentation singer]N'N$gala
gala[singer//lamentation singer]N'N$gala,ta
galuŋak[official//official]N'N$galuŋak,ak
gana[field//field]N'N$gana
geme[worker//female worker]N'N$geme
gigir[chariot//chariot]N'N$gigir
gigur[container//a measuring container]N'N$gigur
giŋ[unit//a unit of weight, shekel]N'N$giŋ
gi[reed//reed, cane]N'N$gi
gudapin[ox//plow ox]N'N$gudapin,ak
gudgaz[butcher//butcher]N'N$gudgaz
gud[ox//bull, ox]N'N$gud
gudugabzuk[priest//priest]N'N$gudugabzuk
gudugabzuk[priest//priest]N'N$gudugabzuk,eše
gudug[priest//a priest]N'N$gudug
gudug[priest//priest]N'N$gudug
gug[carnelian//carnelian]N'N$gug
gu[neck//bank]N'N$gu
guniŋin[bale//bale]N'N$guniŋin
gun[load//load]N'N$gun
gu[~person//a qualifier of personal names]N'N$gu
gurdub[basket//a basket]N'N$gurdub
gurdub[basket//a basket]N'N$gurdub,eše
gurum[inspection//inspection]N'N$gurum
gur[unit//unit of capacity]N'N$gur
gusaŋ[unmng//(unknown meaning)]N'N$gusaŋ
guza[chair//chair, stool]N'N$guza
guzala[official//an official]N'N$guzala
halaba[share//an alloted share]N'N$halaba
hala[share//inheritance share, lot]N'N$hala
hala[share//inheritance share, lot]N'N$hala,ani
hala[share//share]N'N$hala
har[ring//ring]N'N$har
ibila[heir//heir]N'N$ibila
idu[doorkeeper//doorkeeper]N'N$idu
idu[doorkeeper//doorkeeper]N'N$idu,eše
igdib[~door//a kind of door]N'N$igdib,eše
ig[door//door]N'N$ig
igi[eye//eye]N'N$igi
igi[eye//eye]N'N$igi,ani
igi[eye//eye]N'N$igi,bi
igi[face//face]N'N$igi
igikarag[delivery//a delivery of foodstuffs]N'N$igikarag
iku[unit//a unit of area]N'N$iku
ildag[poplar//poplar, black poplar]N'N$ildag
ilu[lament//a lament]N'N$ilu,zu
inim[word//word]N'N$inim
iŋeš[oil//sesame oil]N'N$iŋeš
irara[oil-presser//oil-presser]N'N$irara
iri[city//city]N'N$iri
išib[priest//purification priest, exorcist]N'N$išib
isur[presser//oil-presser]N'N$isur
itud[moon//month]N'N$itud
KA.DI[official//an official]N'N$KA.DI
kaguruk[supervisor//granary supervisor]N'N$kaguruk
kakik[registrar//registrar for houses]N'N$kakik
kan[gate//gate, door]N'N$kan
karkid[prostitute//prostitute]N'N$karkid
kaš[beer//beer]N'N$kaš
kaskal[way//way]N'N$kaskal
kaskal[way//way, road]N'N$kaskal
katab[lid//a lid, cover, covering]N'N$katab
kid[mat//a reed mat or woven object]N'N$kid
kiŋgia[messenger//messenger]N'N$kiŋgia
kiŋ[work//work]N'N$kiŋ
ki[place//place]N'N$ki
ki[place//place]N'N$ki,bi
ki[place//place]N'N$ki,bi.a
kiridab[driver//animal handler, driver, groom]N'N$kiridab
kiri[orchard//(fruit) plantation, orchard]N'N$kiri
kiri[orchard//(fruit) plantation, orchard]N'N$kiri,ani
kiri[orchard//(fruit) plantation, orchard]N'N$kiri,ŋu
kisalluh[sweeper//courtyard sweeper]N'N$kisalluh
kišib[seal//cylinder seal]N'N$kišib
kišib[seal//cylinder seal]N'N$kišib,anene
kišib[seal//cylinder seal]N'N$kišib,ani
kislah[land//uncultivated, uninhabited, cleared land]N'N$kislah
kiʾe[exit//exit]N'N$kiʾe,bi
kugbabbar[silver//silver]N'N$kugbabbar
kugdim[smith//gold or silver smith]N'N$kugdim
kugdim[smith//gold or silver smith]N'N$kugdim,eše
kug[metal//metal, silver]N'N$kug
kug[metal//metal, silver]N'N$kug,bi
kug[metal//metal, silver]N'N$kug,eše
kug[metal//metal, silver]N'N$kug,ta
kugsig[gold//gold]N'N$kugsig
kugsig[gold//gold]N'N$kugsig,ak.eše
kun[tail//tail]N'N$kun
kunzida[weir//weir]N'N$kunzida
kuŋ[stair//stair(case)]N'N$kuŋ
kuš[official//a high official]N'N$kuš
kuš[skin//skin, hide]N'N$kuš
lagar[priest//a priest]N'N$lagar
laʾu[arrears//arrears]N'N$laʾu
lugal[king//king]N'N$lugal
lugal[king//king]N'N$lugal,ani.ra
lugal[king//owner]N'N$lugal
luguba[ecstatic//ecstatic]N'N$luguba
lukur[priestess//a priestess]N'N$lukur
lukurunak[brewer//brewer]N'N$lukurunak
lungak[brewer//brewer]N'N$lungak
lungak[brewer//brewer]N'N$lungak,meš
lunindaba[functionary//a cultic functionary]N'N$lunindaba
luŋeštin[wine-grower//wine-grower]N'N$luŋeštin,ak
lu[person//person]N'N$lu
lu[person//person]N'N$X
luʾeš[priest//a priest]N'N$luʾeš
luʾinimak[witness//witness]N'N$luʾinimak,bi.meš
magur[barge//barge]N'N$magur
malahgal[official//chief manager of river traffic]N'N$malahgal
malah[sailor//sailor]N'N$malah
mana[unit//a unit of weight, mina]N'N$mana
mansim[sieve//sieve]N'N$mansim
MAR.TU[westerner//westerner]N'N$MAR.TU
MAR.TU[westerner//westerner]N'N$MAR.TU,eše
mašgal[goat//billy goat]N'N$mašgal
maš[goat//goat]N'N$maš,e
ma[ship//ship, boat]N'N$ma
maškim[administrator//an administrator, an administrative position, bailiff]N'N$maškim
maškim[administrator//an administrator, an administrative position, bailiff]N'N$maškim,eše
maššugidgid[diviner//diviner]N'N$maššugidgid
min[two//two]NU'NU$min
mu.DU[delivery//delivery]N'N$mu.DU
mu.DU[delivery//delivery]N'N$mu:mu.DU
muhaldim[cook//cook]N'N$muhaldim
mu[name//name]N'N$mu
mu[name//name]N'N$mu,ani
mu[name//name]N'N$mu,ani.am
mu[name//name]N'N$mu,bi.am
murub[middle//middle]N'N$murub
mu.SAR[profession//a profession, lapidary, inscription maker]N'N$mu.SAR,me
mušendu[bird-catcher//bird-catcher, fowler]N'N$mušendu
mušlah[charmer//snake charmer]N'N$mušlah
mu[year//year]N'N$mu
mu[year//year]N'N$mu,a
mu[year//year]N'N$mu,am
mu[year//year]N'N$mu,da
nabhatum[container//container]N'N$nabhatum
nagada[herdsman//herdsman]N'N$nagada
nagar[carpenter//carpenter]N'N$nagar
nagar[carpenter//carpenter]N'N$nagar,eše
nagar[carpenter//carpenter]N'N$nagar,me
nagar[carpenter//carpenter]N'N$nagar,meš
namapinla[~tiller//position as tiller]N'N$namapinla
namapinla[~tiller//position as tiller]N'N$namapinla,ak
namapinla[~tiller//position as tiller]N'N$namapinla,eše
namdam[marriage//marriage]N'N$namdam,eše
namdumumunus[status//status as daughter]N'N$namdumumunus,ani.eše
namdumu[status//status as son]N'N$namdumu,anene.eše
namdumu[status//status as son]N'N$namdumu,ani.eše
namdumu[status//status as son]N'N$namdumu,ani.meš
namerim[oath//oath]N'N$namerim,bi
nam[fate//fate, destiny]N'N$nam
namgantuš[tenancy//tenancy]N'N$namgantuš;e.de
namgeme[~worker//status as female worker or slave]N'N$namgeme,ani.eše
namgeme[~worker//status as female worker or slave]N'N$namgeme,eše
namgudug[priesthood//office of gudug-priest]N'N$namgudug
namibila[heir//the status of heir]N'N$namibila
namibila[heir//the status of heir]N'N$namibila,anene.eše
namibila[heir//the status of heir]N'N$namibila,ani.eše
namibila[heir//the status of heir]N'N$namibila,ani.ta
namidu[status//status as doorkeeper]N'N$namidu
namlugal[kingship//kingship]N'N$namlugal,ta
namlungak[office of brewer//office of brewer]N'N$namlungak
namme[official//an official]N'N$namme
namšeš[brotherhood//brotherhood]N'N$namšeš
namšita[priest//a priest]N'N$namšita
namtar[fate//fate]N'N$namtar
namtil[life//life]N'N$namtil
namtil[life//life]N'N$namtil,ani.eše
namzukešed[rental//rental]N'N$namzukešed
naŋa[mortar//mortar]N'N$naŋa
nargal[musician//chief musician]N'N$nargal
nar[musician//musician]N'N$nar
nar[musician//musician]N'N$nar,eše
ninda[bread//bread]N'N$ninda
nindan[pole//a unit of length]N'N$nindan
nin[lady//lady]N'N$nin
nin[lady//lady]N'N$nin,ani
nin[sister//sister]N'N$nin
nin[sister//sister]N'N$nin,anene
nin[sister//sister]N'N$nin,ani
nin[sister//sister]N'N$nin,ani.ak
nin[sister//sister]N'N$nin,ene
niŋba[gift//gift]N'N$niŋba
niŋgude[supplies//supplies]N'N$niŋgude
niŋgul[hatchet//hatchet]N'N$niŋgul
niŋguna[utensils//utensils, materials]N'N$niŋguna
niŋgur[property//property]N'N$niŋgur
niŋir[herald//herald]N'N$niŋir
niŋnam[anything//anything]N'N$niŋnam
niŋŋala[possessions//possessions]N'N$niŋŋala
niŋšu[goods//goods]N'N$niŋšu
niŋšutakaʾa[gift//gift]N'N$niŋšutakaʾa
niŋ[thing//thing]N'N$niŋ
nubanda[overseer//overseer, captain]N'N$nubanda
nugig[priestess//a priestess]N'N$nugig
nugig[priestess//a priestess]N'N$nugig,e
nugig[priestess//a priestess]N'N$nugig,me
nukirik[gardener//gardener, horticulturalist]N'N$nukirik
nukirik[gardener//gardener, horticulturalist]N'N$nukirik,ta
numunkuš[widow//widow]N'N$numunkuš
nuʾešak[priest//a priest]N'N$nuʾešak
nuʾešak[priest//a priest]N'N$nuʾešak,e
ŋal[cvne//(compound verb nominal element)]N'N$ŋal
ŋarza[rites//prebend]N'N$ŋarza
ŋeškiŋti[workshop//craft workshop]N'N$ŋeškiŋti
ŋešnimbar[palm//date-palm]N'N$ŋešnimbar
ŋešnud[bed//bed]N'N$ŋešnud
ŋeššub[lot//lot, share]N'N$ŋeššub,bi.a
ŋeššub[lot//lot, share]N'N$ŋeššub,bi.ak.ta
ŋiri[foot//foot]N'N$ŋiri
ŋiri[foot//via, by means of, under the authority of someone]N'O$ŋiri
ŋuruš[male//young adult male, able-bodied male worker, semi-free male worker]N'N$ŋuruš
ŋuruš[male//young adult male, able-bodied male worker, semi-free male worker]N'N$ŋuruš,ene
ŋušur[beam//beam]N'N$ŋušur
PA.LU.TA[preferential share//preferential share]N'N$PA.LU.TA
panadim[bow maker//bow maker]N'N$panadim
par[canal//(small) canal, irrigation ditch]N'N$par
peš[fig//fig]N'N$peš
peš[offshoot//an offshoot or leaflet (of a date palm)]N'N$peš
puhrum[assembly//assembly]N'N$puhrum
rabianum[commander//commander, a high official]N'N$rabianum
ragaba[rider//rider, messenger]N'N$ragaba
ragaba[rider//rider]N'N$ragaba
šabalbal[descendent//descendent]N'N$šabalbal
šabra[administrator//chief administrator of a temple or other household]N'N$šabra
sa[bundle//reed-bundle]N'N$sa
sadug[offerings//regular temple offerings]N'N$sadug,eše
šaggal[food//food, fodder]N'N$šaggal
šag[heart//heart]N'N$šag
šag[heart//heart]N'N$šag,bi
šag[heart//heart]N'N$šag,bi.a
šag[heart//heart]N'N$šag,bi.ta
šagia[cup-bearer//cup-bearer]N'N$šagia
šagia[cup-bearer//cup-bearer]N'N$šagia,ak
šagud[drover//ox driver]N'N$šagud
sahar[servant//a servant]N'N$sahar
šakkanak[general//general, governor-general]N'N$šakkanak
šakkanak[general//general, governor-general]N'N$šakkanak,eše
sam[price//price]N'N$sam
sam[price//purchase price]N'N$sam
sam[price//purchase price]N'N$sam,bi
šanabi[two-thirds//two-thirds]NU'NU$šanabi
santanak[gardener//chief gardener]N'N$santanak
šaŋan[flask//a flask]N'N$šaŋan
šaŋan[flask//flask]N'N$šaŋan
saŋ.DUN₃[recorder//land recorder]N'N$saŋ.DUN₃
saŋ[head//head]N'N$saŋ
saŋ[head//head]N'N$saŋ,bi
saŋ[head//short side (of a field)]N'N$saŋ
saŋ[head//slave]N'N$saŋ
saŋmunus[woman//female slave]N'N$saŋmunus
saŋmunus[woman//woman]N'N$saŋmunus
saŋnita[man//male slave]N'N$saŋnita
saŋnita[man//man]N'N$saŋnita
saŋnita[man//man]N'N$saŋnita,meš
saŋŋa[official//an official, the chief administrator of a temple household]N'N$saŋŋa
sar[garden//a unit of area]N'N$sar
sar[garden//garden]N'N$sar
šatam[official//government auditor, an administrative official]N'N$šatam
šatam[official//government auditor, an administrative official]N'N$šatam,me
šeba[ration//grain-ration]N'N$šeba
še[barley//barley]N'N$še
še[barley//barley]N'N$še,bi
šega[agreement//agreement]N'N$šega,anene
šega[agreement//agreement]N'N$šega,anene.ta
šeg[brick//brick, mudbrick]N'N$šeg
šeŋuš[barley//a barley]N'N$šeŋuš
šeš[brother//brother]N'N$šeš
šeš[brother//brother]N'N$šeš,anene
šeš[brother//brother]N'N$šeš,anene.eše
šeš[brother//brother]N'N$šeš,ani
šeš[brother//brother]N'N$šeš,ani.ak.e
šeš[brother//brother]N'N$šeš,ani.ra
šeš[brother//brother]N'N$šeš,ani.ta
šešgal[relation//a kinship term, relation]N'N$šešgal
šešgal[relation//relation]N'N$šešgal,ŋu
šidim[builder//builder, architect]N'N$šidim
šidim[builder//builder]N'N$šidim
šidim[builder//builder]N'N$šidim,eše
šidimgal[builder//chief builder]N'N$šidimgal
siladaŋal[square//(public) square]N'N$siladaŋal
sila[lamb//lamb]N'N$sila
sila[unit//a unit of capacity]N'N$sila
simuggal[smith//chief smith]N'N$simuggal
simug[smith//smith, metalworker]N'N$simug
siŋar[bolt//bolt]N'N$siŋar
sipad[shepherd//shepherd]N'N$sipad
šita[priest//a priest]N'N$šita
šita[weapon//a weapon]N'N$šita
šitaʾaba[priest//priest]N'N$šitaʾaba
šudua[guarantee//guarantee]N'N$šudua
šugur[ring//ring]N'N$šugur
šu[hand//hand]N'N$šu
šu[hand//hand]N'N$šu,bi
sukkal[secretary//secretary, civil servant]N'N$sukkal
šukud[fisherman//fisherman]N'N$šukud
šukud[fisherman//fisherman]N'N$šukud,ak
šulaʾa[consignment//a type of consignment]N'N$šulaʾa,eše
šuniŋinniŋin[grand total//grand total]N'N$šuniŋinniŋin
šuniŋin[total//total, sum]N'N$šuniŋin
šunir[emblem//emblem]N'N$šunir
šuria[half//half share]N'N$šuria
šuria[half//half share]N'N$šuria,bi
šuria[half//half share]N'N$šuria,bi.eše
sursur[winnower//winnower]N'N$sursur
susig[flayer//animal flayer]N'N$susig,ene
šuʾi[barber//barber]N'N$šuʾi
šuʾi[barber//barber]N'N$šuʾi,eše
teš[unity//unity]N'N$teš
teš[unity//unity]N'N$teš,ak
teš[unity//unity]N'N$teš,bi
tibira[sculptor//sculptor]N'N$tibira
tibir[hand//hand]N'N$tibir,ak
tugdua[felt//felt]N'N$tugdua
tugdu[felter//felter]N'N$tugdu
tugdu[felter//felter]N'N$tugdu,me
tugdu[felter//felter]N'N$tugdu,meš
tugguza[textile//a textile]N'N$tugguza
tugmah[ceremonial garment//ceremonial garment]N'N$tugmah,eše
tug[textile//textile, garment]N'N$tug
tur[stall//animal stall]N'N$tur
ud[sun//day]N'N$ud
ud[sun//sun]N'N$ud
udul[herdsman//chief herdsman]N'N$udul
udunita[ram//ram]N'N$udunita
udu[sheep//sheep]N'N$udu
u[ewe//sheep, ewe]N'N$u
ugu[cvne//cvne]N'N$ugu
ugula[overseer//overseer, foreman, supervisor]N'N$ugula
ugulaʾek[overseer//estate overseer]N'N$ugulaʾek
ugu[skull//skull]N'N$ugu
ukur[butcher//butcher]N'N$ukur
u[land//a type of land]N'N$u
u[land//spoil bank, causeway, bund]N'N$u
umbin[wheel//wheel]N'N$umbin
ummud[waterskin//waterskin]N'N$ummud
unadug[letter//letter]N'N$unadug
unud[cowherd//cowherd, cattle herder]N'N$unud
unud[cowherd//cowherd]N'N$unud
ur[roof//roof]N'N$ur
us₂.a.DU[border//border]N'N$us₂.a.DU
ušbar[weaver//weaver]N'N$ušbar
us[side//side, edge]N'N$us
us[side//side, edge]N'N$us,a
u[ten//ten]NU'NU$u
uzud[goat//(female) goat]N'N$uzud
zabar[bronze//bronze]N'N$zabar
zabardab[official//an official]N'N$zabardab
zadim[stone-cutter//stone-cutter]N'N$zadim
zag[side//side]N'N$zag
zamin[lyre//lyre]N'N$zamin
zid[flour//flour]N'N$zid
zidgu[flour//a type of flour]N'N$zidgu
ziga[expenditure//expenditure]N'N$ziga,am
zi[life//life]N'N$zi
