a[arm]N
ab[cow]N
abrig[functionary]N
adda[father]N
ad.KID[weaver]N
aga[ax]N
agaʾus[soldier]N
agrig[steward]N
akiti[festival]N
al[hoe]N
ama[mother]N
amargi[reversion]N
amar[young]N
anamea[everything]N
aŋarak[fluid]N
arad[slave]N
ara[hand-mill]N
ara[times]N
arina[madder]N
arua[offering]N
ašag[field]N
ašgab[leatherworker]N
aš[one]NU
atah[helper]N
a[water]N
aya[father]N
azlag[fuller]N
azu[doctor]N
azugal[doctor]N
bad[wall]N
bahar[potter]N
banšur[table]N
banšurzaggula[table]N
baršuŋal[functionary]N
baza[dwarf]N
bisaŋ[basket]N
bisaŋdubak[archivist]N
bisaŋsuh[basket]N
burgul[stone-cutter]N
da[board]N
dag[side]N
dalbana[space]N
damgar[merchant]N
dam[spouse]N
did[lawsuit]N
dikud[judge]N
dubsarmah[official]N
dubsar[scribe]N
dub[tablet]N
duggan[bag]N
duggantibalaʾa[bag]N
dug[pot]N
dumu[child]N
dumumunus[daughter]N
dumunita[son]N
edadi[flour]N
eduba[storehouse]N
egia[bride]N
egir[back]N
e[house]N
elam[highland]N
emi[household//queen
engar[farmer]N
engiz[cook]N
enkum[treasurer]N
ennam[official]N
ennuŋ[imprisonment]N
en[priest]N
ensik[ruler]N
erešdiŋir[priestess]N
ereš[lady]N
erin[people]N
ešabdu[profession]N
ešgar[assignment]N
esir[bitumen]N
esir[shoe]N
eš[three]NU
ezem[festival]N
eʾaddak[patrimony]N
gabari[copy]N
gagsila[harness]N
gagsisa[arrow]N
galamah[singer]N
gala[singer]N
galuŋak[official]N
gana[field]N
geme[worker]N
gigir[chariot]N
gigur[container]N
giŋ[unit]N
gi[reed]N
gudapin[ox]N
gudgaz[butcher]N
gud[ox]N
gudugabzuk[priest]N
gudug[priest]N
gug[carnelian]N
gu[neck]N
guniŋin[bale]N
gun[load]N
gu[~person]N
gurdub[basket]N
gurum[inspection]N
gur[unit]N
gusaŋ[unmng]N
guza[chair]N
guzala[official]N
halaba[share]N
hala[share]N
har[ring]N
ibila[heir]N
idu[doorkeeper]N
igdib[~door]N
ig[door]N
igi[eye]N
igi[face]N
igikarag[delivery]N
iku[unit]N
ildag[poplar]N
ilu[lament]N
inim[word]N
iŋeš[oil]N
irara[oil-presser]N
iri[city]N
išib[priest]N
isur[presser]N
itud[moon]N
KA.DI[official]N
kaguruk[supervisor]N
kakik[registrar]N
kan[gate]N
karkid[prostitute]N
kaš[beer]N
kaskal[way]N
katab[lid]N
kid[mat]N
kiŋgia[messenger]N
kiŋ[work]N
ki[place]N
kiridab[driver]N
kiri[orchard]N
kisalluh[sweeper]N
kišib[seal]N
kislah[land]N
kiʾe[exit]N
kugbabbar[silver]N
kugdim[smith]N
kug[metal]N
kugsig[gold]N
kun[tail]N
kunzida[weir]N
kuŋ[stair]N
kuš[official]N
kuš[skin]N
lagar[priest]N
laʾu[arrears]N
lugal[king]N
luguba[ecstatic]N
lukur[priestess]N
lukurunak[brewer]N
lungak[brewer]N
lunindaba[functionary]N
luŋeštin[wine-grower]N
lu[person]N
luʾeš[priest]N
luʾinimak[witness]N
magur[barge]N
malahgal[official]N
malah[sailor]N
mana[unit]N
mansim[sieve]N
MAR.TU[westerner]N
mašgal[goat]N
maš[goat]N
ma[ship]N
maškim[administrator]N
maššugidgid[diviner]N
min[two]NU
mu.DU[delivery]N
muhaldim[cook]N
mu[name]N
murub[middle]N
mu.SAR[profession]N
mušendu[bird-catcher]N
mušlah[charmer]N
mu[year]N
nabhatum[container]N
nagada[herdsman]N
nagar[carpenter]N
namapinla[~tiller]N
namdam[marriage]N
namdumumunus[status]N
namdumu[status]N
namerim[oath]N
nam[fate]N
namgantuš[tenancy]N
namgeme[~worker]N
namgudug[priesthood]N
namibila[heir]N
namidu[status]N
namlugal[kingship]N
namlungak[office of brewer]N
namme[official]N
namšeš[brotherhood]N
namšita[priest]N
namtar[fate]N
namtil[life]N
namzukešed[rental]N
naŋa[mortar]N
nargal[musician]N
nar[musician]N
ninda[bread]N
nindan[pole]N
nin[lady]N
nin[sister]N
niŋba[gift]N
niŋgude[supplies]N
niŋgul[hatchet]N
niŋguna[utensils]N
niŋgur[property]N
niŋir[herald]N
niŋnam[anything]N
niŋŋala[possessions]N
niŋšu[goods]N
niŋšutakaʾa[gift]N
niŋ[thing]N
nubanda[overseer]N
nugig[priestess]N
nukirik[gardener]N
numunkuš[widow]N
nuʾešak[priest]N
ŋal[cvne]N
ŋarza[rites]N
ŋeškiŋti[workshop]N
ŋešnimbar[palm]N
ŋešnud[bed]N
ŋeššub[lot]N
ŋiri[foot]N
ŋuruš[male]N
ŋušur[beam]N
PA.LU.TA[preferential share]N
panadim[bow maker]N
par[canal]N
peš[fig]N
peš[offshoot]N
puhrum[assembly]N
rabianum[commander]N
ragaba[rider]N
šabalbal[descendent]N
šabra[administrator]N
sa[bundle]N
sadug[offerings]N
šaggal[food]N
šag[heart]N
šagia[cup-bearer]N
šagud[drover]N
sahar[servant]N
šakkanak[general]N
sam[price]N
šanabi[two-thirds]NU
santanak[gardener]N
šaŋan[flask]N
saŋ.DUN₃[recorder]N
saŋ[head]N
saŋmunus[woman]N
saŋnita[man]N
saŋŋa[official]N
sar[garden]N
šatam[official]N
šeba[ration]N
še[barley]N
šega[agreement]N
šeg[brick]N
šeŋuš[barley]N
šeš[brother]N
šešgal[relation]N
šidim[builder]N
šidimgal[builder]N
siladaŋal[square]N
sila[lamb]N
sila[unit]N
simuggal[smith]N
simug[smith]N
siŋar[bolt]N
sipad[shepherd]N
šita[priest]N
šita[weapon]N
šitaʾaba[priest]N
šudua[guarantee]N
šugur[ring]N
šu[hand]N
sukkal[secretary]N
šukud[fisherman]N
šulaʾa[consignment]N
šuniŋinniŋin[grand total]N
šuniŋin[total]N
šunir[emblem]N
šuria[half]N
sursur[winnower]N
susig[flayer]N
šuʾi[barber]N
teš[unity]N
tibira[sculptor]N
tibir[hand]N
tugdua[felt]N
tugdu[felter]N
tugguza[textile]N
tugmah[ceremonial garment]N
tug[textile]N
tur[stall]N
ud[sun]N
udul[herdsman]N
udunita[ram]N
udu[sheep]N
u[ewe]N
ugu[cvne]N
ugula[overseer]N
ugulaʾek[overseer]N
ugu[skull]N
ukur[butcher]N
u[land]N
umbin[wheel]N
ummud[waterskin]N
unadug[letter]N
unud[cowherd]N
ur[roof]N
us₂.a.DU[border]N
ušbar[weaver]N
us[side]N
u[ten]NU
uzud[goat]N
zabar[bronze]N
zabardab[official]N
zadim[stone-cutter]N
zag[side]N
zamin[lyre]N
zid[flour]N
zidgu[flour]N
ziga[expenditure]N
zi[life]N
