a[arm]N
abala[water drawer]N
abba[father]N
ab[cow]N
abgal[sage]N
abil[unmng]N
abrig[functionary]N
absin[furrow]N
abula[gate]N
abum[funerary mound]N
abzu[water]N
adaga[ditch]N
adar[plant]N
ada[timber]N
ad[bead]N
adda[corpse]N
adda[father]N
adea[flooding]N
adgi[adviser]N
adirig[raft]N
ad.KID[weaver]N
adtab[~harness]N
adun[canal digger?]N
aga[ax]N
agam[pond]N
agam[profession//doorkeeper
aga[rear]N
agar[lead]N
agar[meadow]N
agarniŋin[official]N
agaʾus[soldier]N
agrig[steward]N
aguba[holy water]N
akiti[festival]N
ala[drum]N
alan[image]N
ala[object]N
al[hoe]N
allaharu[mineral]N
altar[work]N
altirigu[wren]N
amagula[grandmother]N
amalalabzuk[priestess]N
ama[mother]N
amarga[calf]N
amargi[reversion]N
amarkud[castrated]N
amarsaŋ[duckling]N
amaru[flood]N
amar[young]N
amaš[sheepfold]N
amaʾil[unmng]N
ambar[reed-bed]N
am[bull]N
anbar[side]N
andimdim[craftsman]N
anna[metal]N
anšedaba[profession]N
anše[equid]N
anšeŋirnun[equid]N
anšeʾedenak[equid]N
an[sky]N
anzagar[tower]N
aŋala[sack]N
aŋarak[fluid]N
aŋešŋara[norm]N
aŋiba[night]N
apinla[tiller]N
apin[plow]N
ara[~boat]N
arabu[bird]N
arad[slave]N
arar[miller]N
ara[times]N
arua[offering]N
arzana[groats]N
asag[demon]N
ašag[field]N
asal[poplar]N
ašgabgal[leatherworker]N
ašgab[leatherworker]N
ašgar[kid]N
ašhalum[sieve]N
asikil[profession]N
asi[strap]N
aški[rushes]N
aslum[sheep]N
ašme[radiance]N
aš[one]NU
atah[helper]N
a[time]N
atua[lustration]N
atu[doorkeeper?]N
a[water]N
aya[father]N
azag[taboo]N
az[bear]N
azlag[fuller]N
azu[doctor]N
aʾabak[sea]N
aʾan[handle]N
aʾaŋa[assignment]N
aʾašŋar[ax]N
aʾea[breach]N
aʾigidu[worker]N
baba[porridge]N
bad[wall]N
bahar[potter]N
balaŋbalaŋub[unmng]N
balaŋ[instrument]N
balare[other side]N
balla[headdress]N
bandudu[basket]N
bangi[taper]N
banšur[table]N
ban[unit]N
bappir[~beer]N
barag[sack]N
barag[sanctum]N
barakara[unmng]N
barda[crossbar]N
bardul[garment]N
bariga[unit]N
barla[basin?]N
bar[outside]N
barsig[garment]N
baršuŋal[functionary]N
batiʾum[container]N
baza[dwarf]N
bazbaz[bird]N
bisaŋ[basket]N
bisaŋdubak[archivist]N
bitum[~administration]N
bulug[needle]N
buniŋ[trough]N
bur[bowl]N
burgul[stone-cutter]N
bursaŋ[building]N
buršuma[dowager]N
buru[harvest]N
dabašin[object]N
dabin[semolina]N
da[board]N
dag[dwelling]N
daggan[chamber]N
dag[side]N
da[line]N
dalla[ring]N
dal[rack]N
damgar[merchant]N
dam[spouse]N
dana[unit]N
dib[board]N
dida[wort]N
did[lawsuit]N
dih[weed]N
dikud[judge]N
dilim[spoon]N
dim[post]N
diŋir[deity]N
diš[one]NU
ditila[case]N
dubla[tower]N
dubŋal[scribe//a scribe or scribe
dubsarmah[official]N
dubsar[scribe]N
dubsartur[scribe]N
dubšum[object]N
dub[tablet]N
dud[combat]N
dud[mound]N
duga[command]N
duggal[pot]N
duggan[bag]N
duggantibalaʾa[bag]N
dug[pot]N
duh[bran]N
duksium[shield]N
dukug[locus]N
dula[depth]N
dumu[child]N
dumudaba[worker₁]N
dumudaba[worker₂]N
dumugir[citizen]N
dumugugur[worker]N
dumumunus[daughter]N
dumunita[son]N
dumusaŋ[first-born]N
DUN₃@g.la₂[shekel weigher?]N
du[platform]N
dupsik[basket]N
durah[goat]N
dur[board]N
dur[bond]N
dur[buttocks]N
dur[donkey]N
durŋar[chair]N
duruna[oven]N
dušia[stone]N
dusu[equid]N
E₂×AŠ@t[drain]N
e₂.EŠ₂.ak[prison]N
eban[pair]N
ebgal[oval]N
ebih[rope]N
ebir[vessel-stand]N
eb[oval]N
edak[container]N
eden[back]N
eden[plain]N
edula[estate]N
eduru[village]N
egal[palace]N
egia[bride]N
eginatum[barracks]N
egir[back]N
egir[profession]N
egizid[priestess]N
eg[levee]N
egudgaz[abattoir]N
egula[prison]N
ehalbi[building]N
e[house]N
ekas[road-house]N
ekinkin[mill]N
ekisag[grave]N
ekišibak[storeroom]N
elam[highland]N
elungak[brewery]N
emeda[nursemaid]N
eme[donkey]N
emegagu[nurse]N
emeŋiri[blade]N
eme[~plow]N
emerin[unmng B]N
emesig[plank]N
eme[tongue]N
emuhaldim[kitchen]N
en[cvne]N
engar[farmer]N
engiz[cook]N
enkud[tax-collector]N
ennuŋ[imprisonment]N
en[priest]N
ensi[interpreter]N
ensikgal[steward]N
ensik[ruler]N
enzid[animal]N
epeš[making]N
er[a weed]N
erduʾak[mourner]N
eren[cedar]N
erešdiŋir[priestess]N
ereš[lady]N
erin[people]N
ersua[lament]N
er[tears]N
ešabdu[profession]N
eša[flour]N
esaŋ[store]N
ešeš[festival]N
ešgar[assignment]N
ešidimguba[locus]N
esir[bitumen]N
esir[shoe]N
eš[rope]N
eš[shrine]N
eš[three]NU
eštub[carp]N
eštum[chaff?]N
ezem[festival]N
eʾud-15-ak[full moon]N
eʾuduk[sheephouse]N
eʾušbar[mill]N
eʾuzga[building]N
gab₂.KU.KU[~sheep]N
gaba[chest]N
gabar[herder]N
gabaria[offering]N
gabari[copy]N
gabasi[object]N
gabatab[pole]N
gabgin[guarantor]N
gabil[basket]N
gab[left]N
gabsar[engraver]N
gabus[shepherd]N
gada[flax]N
gadahal[linen]N
gadamah[garment]N
gagara[total]N
gag[nail]N
gagu[animal]N
gaguru[profession]N
gakkul[mash-tub]N
galamah[singer]N
gala[singer]N
gal[cup]N
galitum[object]N
gallagal[policeman]N
galuŋak[official]N
gamgam[fish]N
ga[milk]N
gamun[cumin]N
GAN₂.gud[land]N
gana[field]N
ganur[harrow]N
garadin[bundle]N
gardu[soldier]N
garig[comb]N
gašam[expert]N
gašeʾa[~dairy]N
gazi[condiment]N
gaʾar[cheese]N
gaʾargazi[~dairy]N
gaʾeš[trader]N
geme[worker]N
gida[spear]N
gid[length]N
gigir[chariot]N
gigirud-6[first quarter]N
gigur[container]N
gihan[basket]N
gilim[rope]N
gilsa[treasure]N
gimuš[pole]N
giŋ[ax]N
giŋ[unit]N
gi[reed]N
girgid[fish]N
gir[mat]N
gir.NE[fish]N
GIŠ.BAD[functionary]N
GIŠ.BU[unmng]N
gišid[reed]N
gisig[fence]N
gišulhi[reed]N
gizi[reed]N
giʾil[reed-carrier]N
giʾizila[torch]N
gu₂.LAGAB×U[work]N
gu₂.NE[place]N
gu[cord]N
gudab[shawl?]N
gudapin[ox]N
gudaria[drover]N
gudgaz[butcher]N
gudlah[drover]N
gudnumun[ox]N
gud[ox]N
gudrah[drover]N
gudugabzuk[priest]N
gudug[priest]N
gugala[chickpea?]N
gug[cake]N
gug[carnelian]N
gugiresir[assignment]N
gukkal[sheep]N
gula[garment]N
gula[sheaf]N
guli[friend]N
gunangi[jug]N
gu[neck]N
guniŋin[bale]N
gun[load]N
guŋal[inspector]N
gu[~person]N
gurdub[basket]N
guru[bundle]N
gurumak[inspection]N
gurum[inspection]N
gur[unit]N
guru[shield]N
guru[store]N
gušum[wedge]N
gutur[lentil?]N
gu[voice]N
guza[chair]N
guzala[official]N
guʾe[textile]N
habuda[hoe]N
habum[animal]N
hadarum[profession]N
had[stick]N
HA@g[~cow]N
halaba[share]N
halaʾum[textile]N
hal[basket]N
hal[~harness]N
haran[plant]N
har[ring]N
hašhur[apple]N
hazanum[mayor]N
hazin[ax]N
hedab[worker]N
HI×AŠ₂[~tree]N
HI[cvne]N
hirin[grass]N
hiz[vegetable]N
hubum[wheel]N
HU.KU.BU[worker]N
hul[leash]N
hurubum[dish]N
iba[ration]N
ibila[heir]N
ibiza[loss]N
ibla[belt]N
ibtag[remainder]N
idgurum[ladle]N
id[river]N
idub[granary]N
idu[doorkeeper]N
ig[door]N
igidua[observation]N
igiduh[seer]N
igi[eye]N
igi[face]N
igikarag[delivery]N
iginim[land]N
iku[oil]N
iku[unit]N
ilila[lever]N
illar[weapon]N
imbabbar[gypsum]N
im[clay]N
imdua[wall]N
imgida[tablet]N
imil[clay carrier]N
imkugsig[earth]N
imŋaŋa[emmer]N
imŋeštugeʾak[tablet]N
imsar[tablet]N
imšilu[tablet]N
inbulbul[chaff?]N
in[cvne]N
inim[word]N
in.nu.HA[barley]N
inun[ghee]N
inu[straw]N
iŋeš[oil]N
i[oil]N
irara[oil-presser]N
iri[city]N
irsaŋ[pigeon]N
išah[lard]N
išibmah[priest]N
išib[priest]N
isur[presser]N
itud[moon]N
izi[fire]N
izigu[loss]N
izzi[wall]N
kabduga[checked]N
kabkud[reservoir]N
kab[tree]N
KA.gal.lum[object]N
kag[mouth]N
kaguruk[supervisor]N
kakaku[profession]N
kalam[land]N
kalaʾa[remainder]N
kanbarak[entrance]N
kan[gate]N
kaŋirid[road]N
kar[harbor]N
karkid[prostitute]N
kaš[beer]N
kašdea[banquet]N
kašde[beer-pourer]N
kaskal[basket]N
kaskal[way]N
kaš[runner]N
KA[unmng]N
kaʾusa[function]N
kibala[rebel land]N
kibigia[account]N
kibnumun[wheat]N
kib[wheat]N
kidmašua[mat]N
kid[mat]N
kigu[~land]N
kila[weight]N
kilib[total]N
kililum[circlet]N
kimah[grave]N
kimurak[depository]N
kinda[barber]N
kinkin[grinder]N
kinkin[miller]N
kinkin[millstone]N
kin[sickle]N
kiŋgia[messenger]N
kiŋ[work]N
ki[place]N
kiridab[driver]N
kirimah[garden]N
kiri[orchard]N
kir[lamb]N
kisal[courtyard]N
kisalluh[sweeper]N
kisa[platform]N
kišibla[wrist]N
kišib[seal]N
kišig[acacia]N
kisikil[woman]N
kisiki[workshop]N
kislah[land]N
kisumun[waste ground]N
kisura[border]N
kisur[locus]N
kiʾana[locus]N
kiʾanaŋ[locus]N
kiʾutu[locus]N
kudba[fish ration]N
kud[fish]N
kugbabbar[silver]N
kugdim[smith]N
kugla[silver weigher]N
kug[metal]N
kugsag[profession]N
kugsig[gold]N
kuku[~loom]N
kul[plant]N
kunga[equid]N
kun[tail]N
kunzida[weir]N
kuŋ[stair]N
kurgi[goose]N
kur[mountain]N
kurŋara[performer]N
kur[unit]N
kurušda[fattener]N
kuš[official]N
kuš[skin]N
kuš[unit]N
lagab[block]N
lagar[priest]N
laga[thief]N
lag[clod]N
lal[syrup]N
lammar[deity]N
lam[tree]N
laʾu[arrears]N
laʾum[object]N
lib[fat]N
ligtum[alum]N
li[juniper]N
lilib[plunderer]N
lu₂.BU[animal]N
lub[bag]N
luduna[ward]N
lugal[king]N
lugalraʾusa[body guard]N
lugididak[musician]N
luginabtum[guarantee]N
lugize[reed-cutter]N
luguba[ecstatic]N
luhša[functionary]N
luhuŋa[hireling]N
lukisal[profession]N
lukiʾinimak[witness]N
lukur[priestess]N
lulgu[restitution]N
lulim[stag]N
lulu[man]N
lumagalgalak[boatman]N
lumah[priest]N
lumarza[functionary]N
lumasaŋak[pilot]N
lumumun[priest]N
luname[someone]N
lungak[brewer]N
lunisiga[profession]N
luŋešgi[performer]N
lupana[archer]N
lu[person]N
lusahira[worker]N
lutukulgula[officer]N
lutukul[soldier]N
lutumu[criminal]N
luzah[fugitive]N
luzasuma[jeweler]N
luʾenak[official]N
luʾennuŋ[guard]N
luʾigara[profession]N
luʾinimak[witness]N
luʾurak[profession]N
ma₂.DUN₃@g[caulker]N
ma₂.KAK[worker]N
mada[land]N
madu[~boat]N
magid[boat-tower]N
magilum[boat]N
magur[barge]N
mala[boat]N
malahgal[official]N
malah[sailor]N
malaku[~meat]N
maltum[bowl]N
mana[unit]N
mangaga[fibers]N
manhara[vessel]N
mansim[sieve]N
manu[wood]N
marsa[shipyard]N
mar[shovel]N
MAR.TU[westerner]N
mar[wagon]N
masab[basket]N
masatum[lance?]N
mašda[gazelle]N
mašdarea[payment]N
mašgal[goat]N
mašgaʾen[status]N
maš[goat]N
ma[ship]N
maš[interest]N
maškim[administrator]N
mašlum[bucket]N
mašnita[goat]N
maššugidgid[diviner]N
matug[clothing]N
medim[~boat]N
mes[tree]N
mete[appropriate thing]N
minakamak[second]NU
min[two]NU
miriza[plank]N
mir[wind]N
mud[tube]N
mu.DU[delivery]N
mug[garment]N
mug[wool]N
muhaldim[cook]N
muhaldimgal[cook]N
mu[name]N
mungazi[~agriculture]N
mun[salt]N
munsub[shepherd]N
munu[malt]N
munumud[maltster]N
munus[woman]N
murguba[shell]N
murgu[fodder]N
murgu[shoulder]N
murub[middle]N
murub[priest]N
murum[in-law]N
mušalum[vessel]N
musara[inscription]N
mu.SAR[profession]N
muš[comb]N
mušen[bird]N
mušendu[bird-catcher]N
mušenturtur[bird]N
mušlah[charmer]N
mušŋiri[stone]N
mussa[in-law]N
mu[year]N
muzug[person]N
muʾuʾa[youth]N
nabhatum[container]N
nadeg[incense]N
naditum[priestess]N
nagabtum[stockyard?]N
nagada[herdsman]N
nagar[carpenter]N
nam[administrative]N
namarad[slavery]N
nambuluŋ[upbringing]N
namdam[marriage]N
namdumu[status]N
namedula[estate]N
namegia[status]N
namengar[farming]N
namen[priesthood]N
namerim[oath]N
namerin[field-working]N
namgala[~liturgy]N
namgeme[~worker]N
namgudug[priesthood]N
namibila[heir]N
namluginabtum[guarantee]N
namlukur[priesthood]N
namlulaga[falsehood]N
namlulu[humanity]N
namluʾinimak[~witness]N
nammah[greatness]N
nammurum[status of in-law]N
nammussa[~in-law]N
namniŋirsi[friend]N
namnubanda[supervisorship]N
namŋeš[group of 60]N
namra[booty]N
nam.saŋ.DUN₃[~recorder]N
namšatam[administration]N
namšeš[brotherhood]N
namuddatuš[entertainment]N
namu[group of 10]N
namugula[~overseer]N
naŋa[potash]N
naŋasiʾe[plant]N
naptanum[meal]N
nargal[musician]N
nar[musician]N
narsa[musician]N
narua[stele]N
na[stone]N
nesaŋ[offering]N
nindaba[offering]N
ninda[bread]N
nindadudu[baker]N
nindagug[cake]N
ninda.IL₂[profession]N
nindan[pole]N
nindašura[bread]N
nindaʾi[bread]N
nin[lady]N
nin[sister]N
niŋab[~pomegranate]N
niŋara[groats]N
niŋba[gift]N
niŋ[container]N
niŋdab[requisitions]N
niŋdara[rag]N
niŋdirig[extra]N
niŋezemak[offering]N
niŋgal[~pomegranate]N
niŋgude[supplies]N
niŋgu[food]N
niŋgul[hatchet]N
niŋguna[utensils]N
niŋgur[property]N
niŋin[total]N
niŋir[herald]N
niŋirmah[chief herald]N
niŋkas[account]N
niŋki[herd]N
niŋkud[due]N
niŋlam[garment]N
niŋmussa[gift]N
niŋnam[anything]N
niŋŋala[possessions]N
niŋŋeštug[earring]N
niŋšama[purchase]N
niŋsam[price]N
niŋšate[cool]N
niŋsiga[offering]N
niŋsiškur[offering]N
niŋsua[object]N
niŋšu[goods]N
niŋšutakaʾa[gift]N
niŋ[thing]N
niŋugudea[loss]N
nir[stone]N
nisig[greenery]N
nita[male]N
nizuh[thief]N
nubanda[overseer]N
nu.KA[profession]N
nukirik[gardener]N
numun[grass]N
numunkuš[widow]N
numun[seed]N
nun[prince]N
nunuz[egg]N
nurma[pomegranate]N
nusaŋ[priest]N
nusiki[orphan]N
nuʾešak[priest]N
ŋala[cvne]N
ŋal[cvne]N
ŋanun[storehouse]N
ŋarim[meadow]N
ŋaʾuduk[sheep shed]N
ŋešabak[tree]N
ŋešbun[meal]N
ŋešdu[breeder]N
ŋešgana[pestle]N
ŋešgid[unmng]N
ŋešgi[thicket]N
ŋešhum[bench]N
ŋešhur[plan]N
ŋeši[sesame]N
ŋeškešda[dam]N
ŋeškiŋti[workshop]N
ŋešnimbar[palm]N
ŋešnud[bed]N
ŋešrin[scales]N
ŋeš[sixty]NU
ŋeštin[vine]N
ŋeš[tree]N
ŋeštug[ear]N
ŋipar[cloister]N
ŋipar[tree]N
ŋiri[dagger]N
ŋiri[foot]N
ŋirigub[footstool]N
ŋiriŋena[path]N
ŋirlam[basket]N
ŋirsiga[attendant]N
ŋuruš[male]N
ŋušur[beam]N
pa[branch]N
pad[basket]N
pakud[~tree]N
pana[bow]N
panadim[bow maker]N
pap[relation]N
par[canal]N
peš[fig]N
pešgi[rodent]N
pešigigunu[rodent]N
pešmurgu[date-palm spine]N
piriŋ[lion]N
ragaba[rider]N
sabar[net]N
sabitum[barkeeper]N
šabra[administrator]N
šabraʾek[administrator]N
sa[bundle]N
sadug[offerings]N
sadu[~irrigation]N
šagaru[object]N
sagaz[robber]N
šageguru[offering]N
šaggal[food]N
šag[heart]N
šagia[cup-bearer]N
šagiagal[cup-bearer]N
šagiamah[cup-bearer]N
šagsahar[task]N
šagud[drover]N
šagzu[midwife]N
saharduba[rubbish]N
sahar[soil]N
šah[pig]N
šahzehtur[piglet]N
šakkanak[general]N
šakkan[equid]N
šalatum[cloth]N
salhuba[fisherman]N
SAL.UŠ[sheath]N
sam[price]N
santanak[gardener]N
šaŋan[flask]N
šaŋanla[trader]N
saŋapinak[plowman]N
saŋa[priest]N
saŋdu[beam]N
saŋdub[laborer]N
saŋdu[head]N
saŋ.DUN₃[recorder]N
saŋdu[triangle]N
saŋerim[~furniture]N
saŋgi[unmng]N
saŋ[head]N
saŋki[forehead]N
saŋkul[bolt]N
saŋmunus[woman]N
saŋnita[man]N
saŋŋa[official]N
saŋšu[cap]N
saŋtag[~worker]N
saŋušbar[cloth]N
šar[3600]NU
sarak[ritual]N
sar[garden]N
sarig[gift]N
šarrabdu[administrator]N
sa[sinew]N
šatam[official]N
še.A[food product]N
šeba[ration]N
še[barley]N
šeg[brick]N
šeguba[payment]N
šelu[coriander]N
šem[drum]N
šenallu[ax]N
šen[cauldron]N
šennu[priest]N
šenumun[seed]N
šeŋbar[animal]N
šeŋeši[sesame]N
šerda[crime]N
šeš[brother]N
šešgal[relation]N
šeštab[companion]N
šidim[builder]N
šidimgal[builder]N
sigda[basket]N
si[horn]N
šika[sherd]N
sikiba[ration]N
siki[hair]N
sila[lamb]N
sila[street]N
sila[unit]N
šim[aromatics]N
sim[fish]N
šimi[commodity]N
simuggal[smith]N
simug[smith]N
šinig[tamarisk]N
sipad[shepherd]N
sisi[horse]N
siškur[prayer]N
šita[priest]N
šitaʾaba[priest]N
situm[balance]N
šuagina[offerings]N
šuba[stone]N
šub[rush]N
šubše[plant]N
šubur[hand]N
subur[slave]N
šudim[timber//(ship
sudin[bat]N
šudua[guarantee]N
šugid[~animal]N
ŠU.GIR₂@g[surcharge]N
šugi[senior]N
šugura[turban]N
šugur[ring]N
šuguru[~dates]N
šu[hand]N
suhub[boots]N
suhur[carp]N
suhuš[offshoot]N
sukkalmah[official]N
sukkal[secretary]N
šukud[fisherman]N
suku[pole]N
šukur[ration]N
šulaʾa[consignment]N
šulmanum[gift]N
šuluh[cleansing]N
šul[youth]N
šum[garlic]N
šumgaz[object]N
šumgaz[vegetable]N
šumsikil[vegetable]N
šuniŋin[circular]N
šuniŋinniŋin[grand total]N
šuniŋin[total]N
šunir[emblem]N
šunumun[seed]N
šuria[half]N
sur[locus]N
sursur[winnower]N
šušala[vessel]N
šusar[string]N
šusi[finger]N
susig[flayer]N
šušuma[consignment]N
šutum[storehouse]N
šutur[garment]N
šuʾi[barber]N
tahhum[replacement]N
TAK₄.ALAN[craftsman]N
targul[pole]N
temen[foundation]N
teš[unity]N
tibira[sculptor]N
tigi[musician]N
tir[forester]N
tir[forest]N
tuditum[toggle pin]N
tugba[ration]N
tugdua[felt]N
tugdu[felter]N
tugdugal[felter]N
tugguza[textile]N
tugsaga[plow]N
tug[textile]N
tukul[weapon]N
tukur[tool]N
tul[fountain]N
tumgur[bird]N
tunsal[hoe]N
TU[priest]N
tu[soup]N
U₂[cloth]N
ua[provisioner]N
ubar[foreigner]N
ubila[charcoal]N
ubil[profession]N
uddatuš[jester]N
udra[soaked emmer]N
udsakar[moon]N
ud[storm]N
ud[sun]N
udugal[sheep]N
udukurak[sheep]N
udul[herdsman]N
udunita[ram]N
udu[sheep]N
u[ewe]N
uga[raven]N
ugnim[army]N
u[grass]N
ugu[cvne]N
ugula[overseer]N
ugulaʾek[overseer]N
ugu[profession]N
ugu[skull]N
uhin[date]N
ukul[profession]N
ukuš[cucumber]N
ulabi[quickly]N
u[land]N
uludid[wailer]N
uluh[sapling]N
umbin[wheel]N
ummia[expert]N
ummud[waterskin]N
umun[blood]N
unadug[letter]N
UN.IL₂[menial]N
unud[cowherd]N
unu[dwelling]N
uŋ[people]N
u[planking]N
ura[loan]N
ur[dog]N
urgir[dog]N
urnim[lion]N
ur[roof]N
ur[root]N
urud[copper]N
usaŋ[crop]N
usar[neighbor]N
ušbar[garment]N
ušbar[in-law]N
UŠ.BAR[responsible]N
ušbar[weaver]N
uš[foundation]N
ušim[greenery]N
us[side]N
usuh[tree]N
ušumgal[dragon]N
u[ten]NU
utuda[offspring]N
utul[tureen]N
uz[duck]N
uzud[goat]N
uzu[flesh]N
uzuʾabala[broth]N
uʾil[carrier]N
zabar[bronze]N
zabardab[official]N
za[bead]N
zadim[stone-cutter]N
zagbeʾus[furniture]N
zagin[lapis]N
zagmuk[new year]N
zagšela[container]N
zag[side]N
zagšuš[brand]N
zagu[tithe]N
zahadin[vegetable]N
zahili[plant]N
zahum[basin]N
zaluh[bead]N
zamrutum[lance]N
zara[pivot]N
zar[sheaf]N
zaʾellaŋ[bead]N
zeda[piglet]N
zena[midrib]N
zibibitum[seed]N
zibtum[stone?]N
zid₂.IL₂[flour carrier]N
zid₂.KA[flour]N
ziddubdub[flour heap]N
zid[flour]N
zidgu[flour]N
zidmilla[flour]N
zidsig[flour]N
ziga[expenditure]N
zikum[hostel]N
zi[life]N
zizda[indemnity]N
ziz[emmer]N
ziznumun[seed]N
ziʾa[worker]N
zulum[date]N
zulumhi[sheep]N
zu[share]N
zusik[plucking]N
