U+F5200	󵈀
U+F5201	󵈁
U+F5201	󵈁
U+F5203	󵈃
U+F5204	󵈄
U+F5205	󵈅
U+F5205	󵈅
U+F5207	󵈇
U+F5208	󵈈
U+F5209	󵈉
U+F520A	󵈊
U+F520B	󵈋
U+F520C	󵈌
U+F520D	󵈍
U+F520E	󵈎
U+F520F	󵈏
U+F5210	󵈐
U+F5211	󵈑
U+F5212	󵈒
U+F5213	󵈓
U+F5214	󵈔
U+F5216	󵈖
U+F5217	󵈗
U+F5219	󵈙
U+F521A	󵈚
-	-
U+F521B	󵈛
U+F521C	󵈜
U+F521D	󵈝
U+F521E	󵈞
U+F521F	󵈟
U+F5220	󵈠
U+F5221	󵈡
U+F5222	󵈢
U+F5223	󵈣
U+F5224	󵈤
U+F5225	󵈥
U+F5226	󵈦
U+F5227	󵈧
U+F5228	󵈨
U+F5229	󵈩
U+F522A	󵈪
U+F522B	󵈫
U+F522C	󵈬
U+F522D	󵈭
U+F522E	󵈮
U+F522F	󵈯
U+F5230	󵈰
U+F5231	󵈱
U+F5232	󵈲
U+F5233	󵈳
U+F5234	󵈴
U+F5235	󵈵
U+F5236	󵈶
U+F5237	󵈷
U+F5238	󵈸
U+F5239	󵈹
U+F523A	󵈺
U+F523B	󵈻
U+F523C	󵈼
U+F523D	󵈽
U+F523E	󵈾
U+F523F	󵈿
U+F5240	󵉀
U+F5241	󵉁
U+F5242	󵉂
U+F5243	󵉃
U+F5244	󵉄
U+F5245	󵉅
U+F5246	󵉆
U+F5247	󵉇
U+F5248	󵉈
U+F5249	󵉉
U+F524A	󵉊
U+F524B	󵉋
U+F524C	󵉌
U+F524D	󵉍
U+F524E	󵉎
U+F524F	󵉏
U+F5250	󵉐
U+F5251	󵉑
U+F5252	󵉒
U+F5253	󵉓
U+F5254	󵉔
U+F5255	󵉕
U+F5256	󵉖
U+F5257	󵉗
U+F5258	󵉘
U+F5259	󵉙
U+F525A	󵉚
U+F525A	󵉚
U+F525A	󵉚
U+F525D	󵉝
U+F525E	󵉞
U+F525F	󵉟
U+F5260	󵉠
U+F5261	󵉡
U+F5262	󵉢
U+F5263	󵉣
U+F5264	󵉤
U+F5265	󵉥
U+F5266	󵉦
U+F5267	󵉧
U+F5268	󵉨
U+F5269	󵉩
U+F526A	󵉪
U+F526B	󵉫
U+F526C	󵉬
U+F526D	󵉭
U+F526E	󵉮
U+F526F	󵉯
U+F5270	󵉰
U+F5270	󵉰
U+F5272	󵉲
U+F5273	󵉳
U+F5274	󵉴
U+F5275	󵉵
U+F5276	󵉶
U+F5277	󵉷
U+F5277	󵉷
U+F527C	󵉼
U+F527E	󵉾
U+F527F	󵉿
U+F5280	󵊀
U+F5281	󵊁
U+F5282	󵊂
U+F5283	󵊃
U+F5284	󵊄
U+F5285	󵊅
U+F5286	󵊆
U+F5286	󵊆
U+F5286	󵊆
U+F5288	󵊈
U+F5289	󵊉
U+F528A	󵊊
U+F528B	󵊋
U+F528C	󵊌
U+F528D	󵊍
U+F528E	󵊎
U+F528F	󵊏
U+F5290	󵊐
U+F5291	󵊑
U+F5292	󵊒
U+F5293	󵊓
U+F5294	󵊔
U+F5295	󵊕
U+F5296	󵊖
U+F5297	󵊗
U+F5298	󵊘
U+F5299	󵊙
U+F529A	󵊚
U+F529B	󵊛
U+F529C	󵊜
U+F529D	󵊝
U+F529E	󵊞
U+F529E	󵊞
U+F52A0	󵊠
U+F52A1	󵊡
U+F52A2	󵊢
U+F52A3	󵊣
U+F52A4	󵊤
U+F52A5	󵊥
U+F52A6	󵊦
U+F52A7	󵊧
U+F52A7	󵊧
U+F52A9	󵊩
U+F52AA	󵊪
U+F52AB	󵊫
U+F52AC	󵊬
U+F52AD	󵊭
U+F52AE	󵊮
U+F52AF	󵊯
U+F52B0	󵊰
U+F52B1	󵊱
U+F52B2	󵊲
U+F52B3	󵊳
U+F52B4	󵊴
U+F52B5	󵊵
U+F52B6	󵊶
U+F52B7	󵊷
U+F52B8	󵊸
U+F52B9	󵊹
U+F52BA	󵊺
U+F52BB	󵊻
U+F52BC	󵊼
U+F52BD	󵊽
U+F52BE	󵊾
U+F52BF	󵊿
U+F52C0	󵋀
U+F52C1	󵋁
U+F52C2	󵋂
U+F52C3	󵋃
U+F52C4	󵋄
U+F52C5	󵋅
U+F52C6	󵋆
U+F52C7	󵋇
U+F52C8	󵋈
U+F52C9	󵋉
U+F52CA	󵋊
U+F52C9	󵋉
U+F52CC	󵋌
U+F52CD	󵋍
U+F52CE	󵋎
U+F52CF	󵋏
U+F52D0	󵋐
U+F52D1	󵋑
U+F52D2	󵋒
U+F52D4	󵋔
U+F52D5	󵋕
U+F52D6	󵋖
U+F52D7	󵋗
U+F52D8	󵋘
U+F52D9	󵋙
U+F52DA	󵋚
U+F52DB	󵋛
U+F52DC	󵋜
U+F52DD	󵋝
U+F52DE	󵋞
U+F52DF	󵋟
U+F52E0	󵋠
U+F52E1	󵋡
U+F52E2	󵋢
U+F52E3	󵋣
U+F52E4	󵋤
U+F52E5	󵋥
U+F52E6	󵋦
U+F52E7	󵋧
U+F52E8	󵋨
U+F52E9	󵋩
U+F52EA	󵋪
U+F52EB	󵋫
U+F52EC	󵋬
U+F52ED	󵋭
U+F52EE	󵋮
U+F52EF	󵋯
U+F52F0	󵋰
U+F52F1	󵋱
U+F52F2	󵋲
U+F52F3	󵋳
U+F52F4	󵋴
U+F52F5	󵋵
U+F52F6	󵋶
U+F52F7	󵋷
U+F52F9	󵋹
U+F52FA	󵋺
U+F52FB	󵋻
U+F52FC	󵋼
U+F52FD	󵋽
U+F52FE	󵋾
U+F52FF	󵋿
U+F5300	󵌀
U+F5301	󵌁
U+F5302	󵌂
U+F5303	󵌃
U+F5304	󵌄
U+F5305	󵌅
U+F5306	󵌆
U+F5307	󵌇
U+F5308	󵌈
U+F5309	󵌉
U+F530A	󵌊
U+F530B	󵌋
U+F530D	󵌍
U+F530E	󵌎
U+F5310	󵌐
U+F5311	󵌑
U+F5312	󵌒
U+F5313	󵌓
U+F5314	󵌔
U+F5315	󵌕
U+F5316	󵌖
U+F5317	󵌗
U+F5318	󵌘
U+F5319	󵌙
U+F531A	󵌚
U+F531B	󵌛
U+F531C	󵌜
U+F531D	󵌝
U+F531E	󵌞
U+F531F	󵌟
U+F5320	󵌠
U+F5321	󵌡
U+F5322	󵌢
U+F5323	󵌣
U+F5324	󵌤
U+F5325	󵌥
U+F5326	󵌦
U+F5327	󵌧
U+F5327	󵌧
U+F5329	󵌩
U+F532A	󵌪
U+F532B	󵌫
U+F532C	󵌬
U+F532D	󵌭
U+F532E	󵌮
U+F532F	󵌯
U+F5330	󵌰
U+F5331	󵌱
U+F5332	󵌲
U+F5333	󵌳
U+F5334	󵌴
U+F5335	󵌵
U+F5336	󵌶
U+F5337	󵌷
U+F5338	󵌸
U+F5339	󵌹
U+F533A	󵌺
U+F533C	󵌼
U+F533D	󵌽
U+F533E	󵌾
U+F533F	󵌿
U+F5340	󵍀
U+F5341	󵍁
U+F5342	󵍂
U+F5343	󵍃
U+F5344	󵍄
U+F5345	󵍅
U+F5346	󵍆
U+F5347	󵍇
U+F5348	󵍈
U+F5349	󵍉
U+F534A	󵍊
U+F534B	󵍋
U+F534C	󵍌
U+F534D	󵍍
U+F534E	󵍎
U+F534F	󵍏
U+F5350	󵍐
-	-
U+F5352	󵍒
U+F5353	󵍓
U+F5354	󵍔
U+F5355	󵍕
U+F5356	󵍖
U+F5357	󵍗
U+F5358	󵍘
U+F5359	󵍙
U+F535A	󵍚
U+F535B	󵍛
U+F535D	󵍝
U+F535E	󵍞
U+F535F	󵍟
U+F5360	󵍠
U+F5361	󵍡
U+F5362	󵍢
U+F5363	󵍣
U+F5364	󵍤
U+F5365	󵍥
U+F5366	󵍦
U+F5367	󵍧
U+F5368	󵍨
U+F5369	󵍩
U+F536A	󵍪
U+F536B	󵍫
U+F536C	󵍬
U+F536D	󵍭
U+F536E	󵍮
U+F536F	󵍯
U+F5370	󵍰
U+F5371	󵍱
U+F5372	󵍲
U+F5373	󵍳
U+F5374	󵍴
U+F5375	󵍵
U+F5376	󵍶
U+F5377	󵍷
U+F5378	󵍸
U+F537A	󵍺
U+F537B	󵍻
U+F537C	󵍼
U+F537D	󵍽
U+F537E	󵍾
U+F537F	󵍿
U+F5380	󵎀
U+F5381	󵎁
U+F5382	󵎂
U+F5383	󵎃
U+F5384	󵎄
U+F5385	󵎅
U+F5386	󵎆
U+F5387	󵎇
U+F5388	󵎈
U+F5389	󵎉
U+F538A	󵎊
U+F538B	󵎋
U+F538C	󵎌
U+F538D	󵎍
U+F538E	󵎎
U+F538F	󵎏
U+F5390	󵎐
U+F5391	󵎑
U+F5392	󵎒
U+F5393	󵎓
U+F5394	󵎔
U+F5395	󵎕
U+F5396	󵎖
U+F5397	󵎗
U+F5398	󵎘
U+F5399	󵎙
U+F539A	󵎚
U+F539B	󵎛
U+F539D	󵎝
U+F539E	󵎞
U+F539F	󵎟
U+F53A0	󵎠
U+F53A1	󵎡
U+F53A1	󵎡
U+F53A3	󵎣
U+F53A4	󵎤
U+F53A5	󵎥
U+F53A6	󵎦
U+F53A7	󵎧
U+F53A8	󵎨
U+F53A9	󵎩
U+F53AA	󵎪
U+F53AB	󵎫
U+F53AC	󵎬
U+F53AD	󵎭
U+F53AE	󵎮
U+F53AF	󵎯
U+F53B0	󵎰
U+F53B1	󵎱
U+F53B2	󵎲
U+F53B3	󵎳
U+F53B4	󵎴
U+F53B5	󵎵
U+F53B6	󵎶
U+F53B7	󵎷
U+F53B8	󵎸
U+F53B9	󵎹
U+F53BA	󵎺
U+F53BB	󵎻
U+F53BC	󵎼
U+F53BD	󵎽
U+F53BE	󵎾
U+F53BF	󵎿
U+F53C0	󵏀
U+F53C0	󵏀
U+F53C3	󵏃
U+F53C3	󵏃
U+F53C5	󵏅
U+F53C6	󵏆
U+F53C7	󵏇
U+F53C8	󵏈
U+F53C9	󵏉
U+F53CA	󵏊
U+F53CB	󵏋
U+F53CC	󵏌
U+F53CD	󵏍
U+F53CE	󵏎
U+F53CF	󵏏
U+F53D0	󵏐
U+F53D1	󵏑
U+F53D2	󵏒
U+F53D3	󵏓
U+F53D4	󵏔
U+F53D5	󵏕
U+F53D6	󵏖
U+F53D7	󵏗
U+F53D8	󵏘
U+F53D9	󵏙
U+F53DA	󵏚
U+F53DB	󵏛
U+F53DC	󵏜
U+F53DD	󵏝
U+F53DE	󵏞
U+F53DF	󵏟
U+F53E0	󵏠
U+F53E1	󵏡
U+F53E2	󵏢
U+F53E3	󵏣
U+F53E5	󵏥
U+F53E6	󵏦
U+F53E7	󵏧
U+F53E8	󵏨
U+F53E9	󵏩
U+F53EA	󵏪
U+F53EC	󵏬
U+F53ED	󵏭
U+F53EE	󵏮
U+F53EF	󵏯
U+F53F1	󵏱
U+F53F2	󵏲
U+F53F3	󵏳
U+F53F5	󵏵
U+F53F7	󵏷
U+F53F8	󵏸
U+F53F9	󵏹
U+F53F9	󵏹
U+F53FB	󵏻
U+F53FC	󵏼
U+F53FD	󵏽
U+F53FE	󵏾
U+F53FF	󵏿
U+F5400	󵐀
U+F5401	󵐁
U+F5402	󵐂
U+F5403	󵐃
U+F5404	󵐄
U+F5405	󵐅
U+F5406	󵐆
U+F5407	󵐇
U+F5408	󵐈
U+F5409	󵐉
U+F540A	󵐊
U+F540B	󵐋
U+F540C	󵐌
U+F540D	󵐍
U+F540E	󵐎
U+F540F	󵐏
U+F5410	󵐐
U+F5411	󵐑
U+F5412	󵐒
U+F5413	󵐓
U+F5414	󵐔
U+F5415	󵐕
U+F5416	󵐖
U+F5417	󵐗
U+F5417	󵐗
U+F5419	󵐙
U+F541A	󵐚
U+F541B	󵐛
U+F541C	󵐜
U+F541D	󵐝
U+F541E	󵐞
U+F541F	󵐟
U+F5420	󵐠
U+F5421	󵐡
U+F5422	󵐢
U+F5423	󵐣
U+F5424	󵐤
U+F5425	󵐥
U+F5426	󵐦
U+F5427	󵐧
U+F5428	󵐨
U+F5429	󵐩
U+F542A	󵐪
U+F542B	󵐫
U+F542C	󵐬
U+F542D	󵐭
U+F542E	󵐮
U+F542D	󵐭
U+F5430	󵐰
U+F5431	󵐱
U+F5432	󵐲
U+F5433	󵐳
U+F5434	󵐴
U+F5435	󵐵
U+F5436	󵐶
U+F5437	󵐷
U+F5438	󵐸
U+F5439	󵐹
U+F543B	󵐻
U+F543C	󵐼
U+F543D	󵐽
U+F543E	󵐾
U+F543F	󵐿
U+F5441	󵑁
U+F5441	󵑁
U+F5443	󵑃
U+F5444	󵑄
U+F5445	󵑅
U+F5446	󵑆
U+F5448	󵑈
U+F5449	󵑉
U+F544A	󵑊
U+F544B	󵑋
U+F544C	󵑌
U+F544D	󵑍
U+F544E	󵑎
U+F544F	󵑏
U+F5450	󵑐
U+F5452	󵑒
U+F5453	󵑓
U+F5454	󵑔
U+F5455	󵑕
U+F5456	󵑖
U+F5457	󵑗
U+F5458	󵑘
U+F5459	󵑙
U+F545A	󵑚
U+F545B	󵑛
U+F545C	󵑜
U+F545D	󵑝
U+F545E	󵑞
U+F545F	󵑟
U+F5460	󵑠
U+F5461	󵑡
U+F5462	󵑢
U+F5463	󵑣
U+F5464	󵑤
U+F5465	󵑥
U+F5466	󵑦
U+F5466	󵑦
U+F5469	󵑩
U+F546A	󵑪
U+F546B	󵑫
-	-
U+F546D	󵑭
U+F546F	󵑯
U+F5470	󵑰
U+F5471	󵑱
U+F5472	󵑲
U+F5473	󵑳
U+F5474	󵑴
U+F5475	󵑵
U+F5476	󵑶
U+F5477	󵑷
U+F5478	󵑸
-	-
U+F547A	󵑺
U+F547B	󵑻
U+F547C	󵑼
U+F547D	󵑽
U+F547D	󵑽
U+F5480	󵒀
U+F5481	󵒁
U+F5482	󵒂
U+F5483	󵒃
U+F5484	󵒄
U+F5485	󵒅
U+F5486	󵒆
U+F5487	󵒇
U+F5488	󵒈
U+F5489	󵒉
U+F548B	󵒋
U+F548C	󵒌
U+F548D	󵒍
U+F548E	󵒎
U+F548F	󵒏
U+F5490	󵒐
U+F5491	󵒑
U+F5492	󵒒
U+F5493	󵒓
U+F5495	󵒕
U+F5496	󵒖
U+F5497	󵒗
U+F5498	󵒘
U+F5499	󵒙
U+F549A	󵒚
U+F549B	󵒛
U+F549C	󵒜
U+F549D	󵒝
U+F549E	󵒞
U+F549F	󵒟
U+F54A1	󵒡
U+F54A3	󵒣
U+F54A4	󵒤
U+F54A5	󵒥
U+F54A6	󵒦
U+F54A7	󵒧
U+F54A8	󵒨
U+F54A9	󵒩
U+F54AA	󵒪
U+F54AB	󵒫
U+F54AD	󵒭
U+F54AF	󵒯
U+F54B0	󵒰
U+F54B1	󵒱
U+F54B2	󵒲
U+F54B3	󵒳
U+F54B4	󵒴
U+F54B5	󵒵
U+F54B6	󵒶
U+F54B7	󵒷
U+F54B8	󵒸
U+F54B9	󵒹
U+F54BA	󵒺
U+F54BB	󵒻
U+F54BC	󵒼
U+F54BD	󵒽
U+F54BE	󵒾
U+F54BF	󵒿
U+F54C0	󵓀
U+F54C1	󵓁
U+F54C2	󵓂
U+F54C3	󵓃
U+F54C4	󵓄
U+F54C5	󵓅
U+F54C6	󵓆
U+F54C7	󵓇
U+F54C8	󵓈
U+F54C9	󵓉
U+F54CA	󵓊
U+F54CB	󵓋
U+F54CC	󵓌
U+F54CD	󵓍
U+F54CE	󵓎
U+F54CF	󵓏
U+F54D0	󵓐
U+F54D1	󵓑
U+F54D2	󵓒
U+F54D3	󵓓
U+F54D4	󵓔
U+F54D5	󵓕
U+F54D6	󵓖
U+F54D7	󵓗
U+F54D8	󵓘
U+F54D9	󵓙
U+F54DA	󵓚
U+F54DB	󵓛
U+F54DC	󵓜
U+F54DD	󵓝
U+F54DE	󵓞
U+F54DF	󵓟
U+F54E0	󵓠
U+F54E1	󵓡
U+F54E2	󵓢
U+F54E2	󵓢
U+F54E4	󵓤
U+F54E5	󵓥
U+F54E6	󵓦
U+F54E7	󵓧
U+F54E8	󵓨
U+F54E9	󵓩
U+F54EA	󵓪
U+F54EB	󵓫
U+F54EC	󵓬
U+F54EE	󵓮
-	-
U+F54F0	󵓰
U+F54EF	󵓯
U+F54F2	󵓲
U+F54F3	󵓳
U+F54F4	󵓴
U+F54F5	󵓵
U+F54F6	󵓶
U+F54F7	󵓷
U+F54F8	󵓸
U+F54F9	󵓹
U+F54F9	󵓹
U+F54F9	󵓹
U+F54FC	󵓼
U+F54FD	󵓽
U+F54FE	󵓾
U+F54FF	󵓿
U+F5500	󵔀
U+F5501	󵔁
U+F5502	󵔂
U+F5503	󵔃
U+F5505	󵔅
U+F5506	󵔆
U+F5507	󵔇
U+F5508	󵔈
U+F5509	󵔉
U+F550A	󵔊
U+F550B	󵔋
U+F550C	󵔌
U+F550D	󵔍
U+F550E	󵔎
U+F550F	󵔏
U+F5510	󵔐
U+F5511	󵔑
U+F5512	󵔒
U+F5513	󵔓
U+F5514	󵔔
U+F5515	󵔕
U+F5516	󵔖
U+F5517	󵔗
U+F5519	󵔙
U+F551A	󵔚
U+F551B	󵔛
U+F551C	󵔜
U+F551D	󵔝
-	-
U+F551F	󵔟
U+F5520	󵔠
U+F5521	󵔡
U+F5522	󵔢
U+F5523	󵔣
U+F5524	󵔤
U+F5525	󵔥
U+F5526	󵔦
U+F5527	󵔧
U+F5528	󵔨
U+F5529	󵔩
U+F552A	󵔪
U+F552B	󵔫
U+F552B	󵔫
U+F552D	󵔭
U+F552E	󵔮
U+F552F	󵔯
U+F5530	󵔰
U+F5531	󵔱
U+F5532	󵔲
U+F5533	󵔳
U+F5534	󵔴
U+F5535	󵔵
U+F5536	󵔶
U+F5537	󵔷
U+F5538	󵔸
U+F5539	󵔹
U+F553A	󵔺
U+F553B	󵔻
U+F553C	󵔼
U+F553D	󵔽
U+F553E	󵔾
U+F553F	󵔿
U+F5540	󵕀
U+F5541	󵕁
U+F5542	󵕂
U+F5543	󵕃
U+F5544	󵕄
U+F5545	󵕅
U+F5546	󵕆
U+F5547	󵕇
U+F5548	󵕈
U+F554A	󵕊
U+F554B	󵕋
U+F554C	󵕌
U+F554D	󵕍
U+F554E	󵕎
U+F554F	󵕏
U+F5550	󵕐
U+F5551	󵕑
U+F5552	󵕒
U+F5553	󵕓
U+F5554	󵕔
U+F5555	󵕕
U+F5556	󵕖
U+F5557	󵕗
U+F5558	󵕘
U+F5559	󵕙
U+F555A	󵕚
U+F555B	󵕛
U+F555C	󵕜
U+F555D	󵕝
U+F555E	󵕞
U+F555F	󵕟
U+F5560	󵕠
U+F5561	󵕡
U+F5562	󵕢
U+F5563	󵕣
U+F5564	󵕤
U+F5565	󵕥
U+F5566	󵕦
U+F5567	󵕧
U+F5568	󵕨
U+F5569	󵕩
U+F5569	󵕩
U+F556B	󵕫
U+F556B	󵕫
U+F556D	󵕭
U+F556E	󵕮
U+F556F	󵕯
U+F5570	󵕰
U+F5571	󵕱
U+F5572	󵕲
U+F5573	󵕳
U+F5574	󵕴
U+F5575	󵕵
U+F5576	󵕶
U+F5577	󵕷
U+F5578	󵕸
U+F5579	󵕹
U+F557A	󵕺
U+F557B	󵕻
U+F557C	󵕼
U+F557C	󵕼
U+F557E	󵕾
U+F557F	󵕿
-	-
U+F5581	󵖁
U+F5582	󵖂
U+F5583	󵖃
U+F5584	󵖄
U+F5585	󵖅
U+F5585	󵖅
U+F5587	󵖇
U+F5588	󵖈
U+F5589	󵖉
U+F558A	󵖊
U+F558B	󵖋
U+F558C	󵖌
U+F558D	󵖍
U+F558E	󵖎
U+F558F	󵖏
U+F5590	󵖐
U+F5591	󵖑
U+F5592	󵖒
U+F5593	󵖓
U+F5594	󵖔
U+F5595	󵖕
U+F5596	󵖖
U+F5597	󵖗
U+F5598	󵖘
U+F5599	󵖙
U+F559A	󵖚
U+F559B	󵖛
U+F559C	󵖜
U+F559D	󵖝
U+F559E	󵖞
U+F559F	󵖟
U+F55A0	󵖠
U+F55A1	󵖡
U+F55A2	󵖢
U+F55A3	󵖣
U+F55A4	󵖤
U+F55A5	󵖥
U+F55A6	󵖦
U+F55A7	󵖧
U+F55A8	󵖨
U+F55A9	󵖩
U+F55AA	󵖪
U+F55AB	󵖫
U+F55AC	󵖬
U+F55AD	󵖭
U+F55AE	󵖮
U+F55AF	󵖯
U+F55B0	󵖰
U+F55B1	󵖱
U+F55B2	󵖲
U+F55B3	󵖳
U+F55B4	󵖴
U+F55B5	󵖵
U+F55B6	󵖶
U+F55B7	󵖷
U+F55B8	󵖸
U+F55B9	󵖹
U+F55BA	󵖺
U+F55BB	󵖻
U+F55BB	󵖻
U+F55BB	󵖻
U+F55BB	󵖻
U+F55C2	󵗂
U+F55C2	󵗂
-	-
U+F55C5	󵗅
U+F55C6	󵗆
U+F55C7	󵗇
U+F55C8	󵗈
U+F55C9	󵗉
U+F55CA	󵗊
U+F55CB	󵗋
U+F55CC	󵗌
U+F55CD	󵗍
U+F55CE	󵗎
U+F55CF	󵗏
U+F55D0	󵗐
U+F55D1	󵗑
U+F55D2	󵗒
U+F55D3	󵗓
U+F55D4	󵗔
U+F55D5	󵗕
U+F55D6	󵗖
U+F55D7	󵗗
U+F55D8	󵗘
U+F55D9	󵗙
U+F55DA	󵗚
U+F55DB	󵗛
U+F55DC	󵗜
U+F55DD	󵗝
U+F55DE	󵗞
U+F55DF	󵗟
U+F55E0	󵗠
U+F55E1	󵗡
U+F55E2	󵗢
U+F55E3	󵗣
U+F55E4	󵗤
U+F55E5	󵗥
U+F55E6	󵗦
U+F55E7	󵗧
U+F55E8	󵗨
U+F55E9	󵗩
U+F55E9	󵗩
U+F55EB	󵗫
U+F55EC	󵗬
U+F55ED	󵗭
U+F55ED	󵗭
U+F55ED	󵗭
U+F55F2	󵗲
U+F55F3	󵗳
U+F55F4	󵗴
U+F55F5	󵗵
U+F55F6	󵗶
U+F55F7	󵗷
U+F55F7	󵗷
U+F55F9	󵗹
U+F55FA	󵗺
U+F55FB	󵗻
U+F55FD	󵗽
U+F55FE	󵗾
U+F55FF	󵗿
U+F5600	󵘀
U+F5601	󵘁
U+F5602	󵘂
U+F5603	󵘃
U+F5604	󵘄
U+F5605	󵘅
U+F5606	󵘆
U+F5607	󵘇
U+F5608	󵘈
U+F5609	󵘉
U+F560A	󵘊
U+F560B	󵘋
U+F560C	󵘌
U+F560D	󵘍
U+F560E	󵘎
U+F560F	󵘏
U+F5610	󵘐
U+F5611	󵘑
U+F5612	󵘒
U+F5613	󵘓
U+F5614	󵘔
U+F5614	󵘔
U+F5614	󵘔
U+F5617	󵘗
U+F5618	󵘘
U+F5619	󵘙
U+F561A	󵘚
U+F561B	󵘛
U+F561C	󵘜
U+F561D	󵘝
U+F561E	󵘞
U+F561F	󵘟
U+F5620	󵘠
U+F5621	󵘡
U+F5622	󵘢
U+F5622	󵘢
U+F5624	󵘤
U+F5625	󵘥
U+F5626	󵘦
U+F5627	󵘧
U+F5627	󵘧
U+F5629	󵘩
